mode: set
github.com/LerianStudio/midaz/sdks/go-sdk/client.go:44.164,46.2 1 0
github.com/LerianStudio/midaz/sdks/go-sdk/client.go:49.46,61.33 2 0
github.com/LerianStudio/midaz/sdks/go-sdk/client.go:61.33,62.40 1 0
github.com/LerianStudio/midaz/sdks/go-sdk/client.go:62.40,64.4 1 0
github.com/LerianStudio/midaz/sdks/go-sdk/client.go:68.2,68.32 1 0
github.com/LerianStudio/midaz/sdks/go-sdk/client.go:68.32,70.3 1 0
github.com/LerianStudio/midaz/sdks/go-sdk/client.go:71.2,71.33 1 0
github.com/LerianStudio/midaz/sdks/go-sdk/client.go:71.33,73.3 1 0
github.com/LerianStudio/midaz/sdks/go-sdk/client.go:76.2,84.68 5 0
github.com/LerianStudio/midaz/sdks/go-sdk/client.go:84.68,86.17 2 0
github.com/LerianStudio/midaz/sdks/go-sdk/client.go:86.17,88.4 1 0
github.com/LerianStudio/midaz/sdks/go-sdk/client.go:92.2,92.22 1 0
github.com/LerianStudio/midaz/sdks/go-sdk/client.go:92.22,94.3 1 0
github.com/LerianStudio/midaz/sdks/go-sdk/client.go:97.2,97.23 1 0
github.com/LerianStudio/midaz/sdks/go-sdk/client.go:97.23,113.3 2 0
github.com/LerianStudio/midaz/sdks/go-sdk/client.go:116.2,116.27 1 0
github.com/LerianStudio/midaz/sdks/go-sdk/client.go:116.27,119.3 1 0
github.com/LerianStudio/midaz/sdks/go-sdk/client.go:121.2,121.20 1 0
github.com/LerianStudio/midaz/sdks/go-sdk/client.go:128.41,129.31 1 0
github.com/LerianStudio/midaz/sdks/go-sdk/client.go:129.31,132.3 2 0
github.com/LerianStudio/midaz/sdks/go-sdk/client.go:136.43,137.31 1 0
github.com/LerianStudio/midaz/sdks/go-sdk/client.go:137.31,140.3 2 0
github.com/LerianStudio/midaz/sdks/go-sdk/client.go:144.44,145.31 1 0
github.com/LerianStudio/midaz/sdks/go-sdk/client.go:145.31,148.3 2 0
github.com/LerianStudio/midaz/sdks/go-sdk/client.go:152.53,153.31 1 0
github.com/LerianStudio/midaz/sdks/go-sdk/client.go:153.31,156.3 2 0
github.com/LerianStudio/midaz/sdks/go-sdk/client.go:160.48,161.31 1 0
github.com/LerianStudio/midaz/sdks/go-sdk/client.go:161.31,162.26 1 0
github.com/LerianStudio/midaz/sdks/go-sdk/client.go:162.26,164.4 1 0
github.com/LerianStudio/midaz/sdks/go-sdk/client.go:165.3,166.13 2 0
github.com/LerianStudio/midaz/sdks/go-sdk/client.go:171.35,172.31 1 0
github.com/LerianStudio/midaz/sdks/go-sdk/client.go:172.31,175.3 2 0
github.com/LerianStudio/midaz/sdks/go-sdk/client.go:179.25,180.31 1 0
github.com/LerianStudio/midaz/sdks/go-sdk/client.go:180.31,183.3 2 0
github.com/LerianStudio/midaz/sdks/go-sdk/client.go:187.26,188.31 1 0
github.com/LerianStudio/midaz/sdks/go-sdk/client.go:188.31,191.3 2 0
github.com/LerianStudio/midaz/sdks/go-sdk/client.go:195.30,196.31 1 0
github.com/LerianStudio/midaz/sdks/go-sdk/client.go:196.31,199.3 2 0
github.com/LerianStudio/midaz/sdks/go-sdk/client.go:203.26,204.31 1 0
github.com/LerianStudio/midaz/sdks/go-sdk/client.go:204.31,209.3 4 0
github.com/LerianStudio/midaz/sdks/go-sdk/abstractions/abstraction.go:83.16,87.2 1 1
github.com/LerianStudio/midaz/sdks/go-sdk/abstractions/deposit.go:84.32,86.30 1 1
github.com/LerianStudio/midaz/sdks/go-sdk/abstractions/deposit.go:86.30,88.3 1 1
github.com/LerianStudio/midaz/sdks/go-sdk/abstractions/deposit.go:90.2,90.17 1 1
github.com/LerianStudio/midaz/sdks/go-sdk/abstractions/deposit.go:90.17,92.3 1 1
github.com/LerianStudio/midaz/sdks/go-sdk/abstractions/deposit.go:94.2,94.21 1 1
github.com/LerianStudio/midaz/sdks/go-sdk/abstractions/deposit.go:94.21,96.3 1 1
github.com/LerianStudio/midaz/sdks/go-sdk/abstractions/deposit.go:99.2,136.33 3 1
github.com/LerianStudio/midaz/sdks/go-sdk/abstractions/deposit.go:136.33,138.3 1 1
github.com/LerianStudio/midaz/sdks/go-sdk/abstractions/deposit.go:141.2,141.60 1 1
github.com/LerianStudio/midaz/sdks/go-sdk/abstractions/deposit.go:141.60,143.3 1 0
github.com/LerianStudio/midaz/sdks/go-sdk/abstractions/deposit.go:146.2,146.73 1 1
github.com/LerianStudio/midaz/sdks/go-sdk/abstractions/options.go:91.51,92.49 1 1
github.com/LerianStudio/midaz/sdks/go-sdk/abstractions/options.go:92.49,94.3 1 1
github.com/LerianStudio/midaz/sdks/go-sdk/abstractions/options.go:113.55,114.49 1 1
github.com/LerianStudio/midaz/sdks/go-sdk/abstractions/options.go:114.49,116.3 1 1
github.com/LerianStudio/midaz/sdks/go-sdk/abstractions/options.go:134.35,135.49 1 1
github.com/LerianStudio/midaz/sdks/go-sdk/abstractions/options.go:135.49,137.3 1 1
github.com/LerianStudio/midaz/sdks/go-sdk/abstractions/options.go:216.39,217.49 1 1
github.com/LerianStudio/midaz/sdks/go-sdk/abstractions/options.go:217.49,219.3 1 1
github.com/LerianStudio/midaz/sdks/go-sdk/abstractions/options.go:286.44,287.49 1 1
github.com/LerianStudio/midaz/sdks/go-sdk/abstractions/options.go:287.49,288.28 1 1
github.com/LerianStudio/midaz/sdks/go-sdk/abstractions/options.go:288.28,290.4 1 1
github.com/LerianStudio/midaz/sdks/go-sdk/abstractions/options.go:292.3,292.41 1 1
github.com/LerianStudio/midaz/sdks/go-sdk/abstractions/options.go:310.47,311.49 1 1
github.com/LerianStudio/midaz/sdks/go-sdk/abstractions/options.go:311.49,312.28 1 1
github.com/LerianStudio/midaz/sdks/go-sdk/abstractions/options.go:312.28,314.4 1 1
github.com/LerianStudio/midaz/sdks/go-sdk/abstractions/options.go:316.3,316.44 1 1
github.com/LerianStudio/midaz/sdks/go-sdk/abstractions/options.go:335.37,336.49 1 1
github.com/LerianStudio/midaz/sdks/go-sdk/abstractions/options.go:336.49,337.28 1 1
github.com/LerianStudio/midaz/sdks/go-sdk/abstractions/options.go:337.28,339.4 1 1
github.com/LerianStudio/midaz/sdks/go-sdk/abstractions/options.go:341.3,341.34 1 1
github.com/LerianStudio/midaz/sdks/go-sdk/abstractions/options.go:359.38,360.49 1 1
github.com/LerianStudio/midaz/sdks/go-sdk/abstractions/options.go:360.49,361.28 1 1
github.com/LerianStudio/midaz/sdks/go-sdk/abstractions/options.go:361.28,363.4 1 1
github.com/LerianStudio/midaz/sdks/go-sdk/abstractions/options.go:365.3,365.35 1 1
github.com/LerianStudio/midaz/sdks/go-sdk/abstractions/options.go:370.132,371.49 1 1
github.com/LerianStudio/midaz/sdks/go-sdk/abstractions/options.go:371.49,379.3 1 1
github.com/LerianStudio/midaz/sdks/go-sdk/abstractions/options.go:383.150,384.49 1 1
github.com/LerianStudio/midaz/sdks/go-sdk/abstractions/options.go:384.49,393.24 2 1
github.com/LerianStudio/midaz/sdks/go-sdk/abstractions/options.go:393.24,395.4 1 0
github.com/LerianStudio/midaz/sdks/go-sdk/abstractions/options.go:397.3,397.15 1 1
github.com/LerianStudio/midaz/sdks/go-sdk/abstractions/options.go:397.15,398.32 1 1
github.com/LerianStudio/midaz/sdks/go-sdk/abstractions/options.go:398.32,400.5 1 1
github.com/LerianStudio/midaz/sdks/go-sdk/abstractions/options.go:401.4,401.67 1 1
github.com/LerianStudio/midaz/sdks/go-sdk/abstractions/options.go:402.9,403.36 1 1
github.com/LerianStudio/midaz/sdks/go-sdk/abstractions/options.go:403.36,405.5 1 1
github.com/LerianStudio/midaz/sdks/go-sdk/abstractions/options.go:406.4,406.71 1 1
github.com/LerianStudio/midaz/sdks/go-sdk/abstractions/options.go:412.71,413.49 1 1
github.com/LerianStudio/midaz/sdks/go-sdk/abstractions/options.go:413.49,420.87 2 1
github.com/LerianStudio/midaz/sdks/go-sdk/abstractions/options.go:420.87,423.4 2 0
github.com/LerianStudio/midaz/sdks/go-sdk/abstractions/options.go:424.3,424.93 1 1
github.com/LerianStudio/midaz/sdks/go-sdk/abstractions/options.go:424.93,427.4 2 1
github.com/LerianStudio/midaz/sdks/go-sdk/abstractions/options.go:432.78,433.49 1 1
github.com/LerianStudio/midaz/sdks/go-sdk/abstractions/options.go:433.49,443.87 2 1
github.com/LerianStudio/midaz/sdks/go-sdk/abstractions/options.go:443.87,446.4 2 0
github.com/LerianStudio/midaz/sdks/go-sdk/abstractions/options.go:447.3,447.93 1 1
github.com/LerianStudio/midaz/sdks/go-sdk/abstractions/options.go:447.93,450.4 2 1
github.com/LerianStudio/midaz/sdks/go-sdk/abstractions/testing_helpers.go:16.170,18.24 2 1
github.com/LerianStudio/midaz/sdks/go-sdk/abstractions/testing_helpers.go:18.24,20.3 1 1
github.com/LerianStudio/midaz/sdks/go-sdk/abstractions/testing_helpers.go:21.2,21.57 1 1
github.com/LerianStudio/midaz/sdks/go-sdk/abstractions/transfer.go:89.32,91.30 1 1
github.com/LerianStudio/midaz/sdks/go-sdk/abstractions/transfer.go:91.30,93.3 1 1
github.com/LerianStudio/midaz/sdks/go-sdk/abstractions/transfer.go:95.2,95.30 1 1
github.com/LerianStudio/midaz/sdks/go-sdk/abstractions/transfer.go:95.30,97.3 1 1
github.com/LerianStudio/midaz/sdks/go-sdk/abstractions/transfer.go:99.2,99.46 1 1
github.com/LerianStudio/midaz/sdks/go-sdk/abstractions/transfer.go:99.46,101.3 1 0
github.com/LerianStudio/midaz/sdks/go-sdk/abstractions/transfer.go:103.2,103.17 1 1
github.com/LerianStudio/midaz/sdks/go-sdk/abstractions/transfer.go:103.17,105.3 1 1
github.com/LerianStudio/midaz/sdks/go-sdk/abstractions/transfer.go:107.2,107.21 1 1
github.com/LerianStudio/midaz/sdks/go-sdk/abstractions/transfer.go:107.21,109.3 1 1
github.com/LerianStudio/midaz/sdks/go-sdk/abstractions/transfer.go:112.2,146.33 2 1
github.com/LerianStudio/midaz/sdks/go-sdk/abstractions/transfer.go:146.33,148.3 1 1
github.com/LerianStudio/midaz/sdks/go-sdk/abstractions/transfer.go:151.2,151.60 1 1
github.com/LerianStudio/midaz/sdks/go-sdk/abstractions/transfer.go:151.60,153.3 1 0
github.com/LerianStudio/midaz/sdks/go-sdk/abstractions/transfer.go:156.2,156.73 1 1
github.com/LerianStudio/midaz/sdks/go-sdk/abstractions/withdrawal.go:85.32,87.30 1 1
github.com/LerianStudio/midaz/sdks/go-sdk/abstractions/withdrawal.go:87.30,89.3 1 1
github.com/LerianStudio/midaz/sdks/go-sdk/abstractions/withdrawal.go:91.2,91.17 1 1
github.com/LerianStudio/midaz/sdks/go-sdk/abstractions/withdrawal.go:91.17,93.3 1 1
github.com/LerianStudio/midaz/sdks/go-sdk/abstractions/withdrawal.go:95.2,95.21 1 1
github.com/LerianStudio/midaz/sdks/go-sdk/abstractions/withdrawal.go:95.21,97.3 1 1
github.com/LerianStudio/midaz/sdks/go-sdk/abstractions/withdrawal.go:100.2,137.33 3 1
github.com/LerianStudio/midaz/sdks/go-sdk/abstractions/withdrawal.go:137.33,139.3 1 1
github.com/LerianStudio/midaz/sdks/go-sdk/abstractions/withdrawal.go:142.2,142.60 1 1
github.com/LerianStudio/midaz/sdks/go-sdk/abstractions/withdrawal.go:142.60,144.3 1 0
github.com/LerianStudio/midaz/sdks/go-sdk/abstractions/withdrawal.go:147.2,147.73 1 1
github.com/LerianStudio/midaz/sdks/go-sdk/builders/accounts.go:255.63,263.2 1 1
github.com/LerianStudio/midaz/sdks/go-sdk/builders/accounts.go:266.72,269.2 2 1
github.com/LerianStudio/midaz/sdks/go-sdk/builders/accounts.go:272.69,275.2 2 1
github.com/LerianStudio/midaz/sdks/go-sdk/builders/accounts.go:278.63,281.2 2 1
github.com/LerianStudio/midaz/sdks/go-sdk/builders/accounts.go:284.73,287.2 2 1
github.com/LerianStudio/midaz/sdks/go-sdk/builders/accounts.go:290.70,293.2 2 1
github.com/LerianStudio/midaz/sdks/go-sdk/builders/accounts.go:296.83,299.2 2 1
github.com/LerianStudio/midaz/sdks/go-sdk/builders/accounts.go:302.71,305.2 2 1
github.com/LerianStudio/midaz/sdks/go-sdk/builders/accounts.go:308.75,311.2 2 1
github.com/LerianStudio/midaz/sdks/go-sdk/builders/accounts.go:314.71,317.2 2 1
github.com/LerianStudio/midaz/sdks/go-sdk/builders/accounts.go:320.65,323.2 2 1
github.com/LerianStudio/midaz/sdks/go-sdk/builders/accounts.go:326.67,329.2 2 1
github.com/LerianStudio/midaz/sdks/go-sdk/builders/accounts.go:332.79,333.29 1 1
github.com/LerianStudio/midaz/sdks/go-sdk/builders/accounts.go:333.29,335.3 1 1
github.com/LerianStudio/midaz/sdks/go-sdk/builders/accounts.go:337.2,337.10 1 1
github.com/LerianStudio/midaz/sdks/go-sdk/builders/accounts.go:341.61,342.15 1 1
github.com/LerianStudio/midaz/sdks/go-sdk/builders/accounts.go:342.15,345.3 2 1
github.com/LerianStudio/midaz/sdks/go-sdk/builders/accounts.go:347.2,347.10 1 1
github.com/LerianStudio/midaz/sdks/go-sdk/builders/accounts.go:351.65,352.19 1 0
github.com/LerianStudio/midaz/sdks/go-sdk/builders/accounts.go:352.19,355.3 2 0
github.com/LerianStudio/midaz/sdks/go-sdk/builders/accounts.go:357.2,357.10 1 0
github.com/LerianStudio/midaz/sdks/go-sdk/builders/accounts.go:422.79,424.28 1 1
github.com/LerianStudio/midaz/sdks/go-sdk/builders/accounts.go:424.28,426.3 1 1
github.com/LerianStudio/midaz/sdks/go-sdk/builders/accounts.go:428.2,428.22 1 1
github.com/LerianStudio/midaz/sdks/go-sdk/builders/accounts.go:428.22,430.3 1 1
github.com/LerianStudio/midaz/sdks/go-sdk/builders/accounts.go:432.2,432.18 1 1
github.com/LerianStudio/midaz/sdks/go-sdk/builders/accounts.go:432.18,434.3 1 1
github.com/LerianStudio/midaz/sdks/go-sdk/builders/accounts.go:436.2,436.23 1 1
github.com/LerianStudio/midaz/sdks/go-sdk/builders/accounts.go:436.23,438.3 1 1
github.com/LerianStudio/midaz/sdks/go-sdk/builders/accounts.go:440.2,440.25 1 1
github.com/LerianStudio/midaz/sdks/go-sdk/builders/accounts.go:440.25,442.3 1 1
github.com/LerianStudio/midaz/sdks/go-sdk/builders/accounts.go:445.2,454.30 2 1
github.com/LerianStudio/midaz/sdks/go-sdk/builders/accounts.go:454.30,456.3 1 1
github.com/LerianStudio/midaz/sdks/go-sdk/builders/accounts.go:458.2,458.23 1 1
github.com/LerianStudio/midaz/sdks/go-sdk/builders/accounts.go:458.23,460.3 1 1
github.com/LerianStudio/midaz/sdks/go-sdk/builders/accounts.go:462.2,462.26 1 1
github.com/LerianStudio/midaz/sdks/go-sdk/builders/accounts.go:462.26,464.3 1 1
github.com/LerianStudio/midaz/sdks/go-sdk/builders/accounts.go:466.2,466.24 1 1
github.com/LerianStudio/midaz/sdks/go-sdk/builders/accounts.go:466.24,468.3 1 1
github.com/LerianStudio/midaz/sdks/go-sdk/builders/accounts.go:470.2,470.20 1 1
github.com/LerianStudio/midaz/sdks/go-sdk/builders/accounts.go:470.20,472.3 1 1
github.com/LerianStudio/midaz/sdks/go-sdk/builders/accounts.go:475.2,475.41 1 1
github.com/LerianStudio/midaz/sdks/go-sdk/builders/accounts.go:475.41,477.3 1 0
github.com/LerianStudio/midaz/sdks/go-sdk/builders/accounts.go:480.2,480.73 1 1
github.com/LerianStudio/midaz/sdks/go-sdk/builders/accounts.go:536.110,547.2 1 1
github.com/LerianStudio/midaz/sdks/go-sdk/builders/accounts.go:550.75,555.2 3 1
github.com/LerianStudio/midaz/sdks/go-sdk/builders/accounts.go:558.87,563.2 3 1
github.com/LerianStudio/midaz/sdks/go-sdk/builders/accounts.go:566.83,571.2 3 1
github.com/LerianStudio/midaz/sdks/go-sdk/builders/accounts.go:574.79,579.2 3 1
github.com/LerianStudio/midaz/sdks/go-sdk/builders/accounts.go:582.91,583.29 1 1
github.com/LerianStudio/midaz/sdks/go-sdk/builders/accounts.go:583.29,585.3 1 1
github.com/LerianStudio/midaz/sdks/go-sdk/builders/accounts.go:587.2,589.10 2 1
github.com/LerianStudio/midaz/sdks/go-sdk/builders/accounts.go:593.73,594.15 1 1
github.com/LerianStudio/midaz/sdks/go-sdk/builders/accounts.go:594.15,598.3 3 1
github.com/LerianStudio/midaz/sdks/go-sdk/builders/accounts.go:600.2,600.10 1 1
github.com/LerianStudio/midaz/sdks/go-sdk/builders/accounts.go:604.77,605.19 1 0
github.com/LerianStudio/midaz/sdks/go-sdk/builders/accounts.go:605.19,609.3 3 0
github.com/LerianStudio/midaz/sdks/go-sdk/builders/accounts.go:611.2,611.10 1 0
github.com/LerianStudio/midaz/sdks/go-sdk/builders/accounts.go:665.85,667.32 1 1
github.com/LerianStudio/midaz/sdks/go-sdk/builders/accounts.go:667.32,669.3 1 1
github.com/LerianStudio/midaz/sdks/go-sdk/builders/accounts.go:672.2,672.28 1 1
github.com/LerianStudio/midaz/sdks/go-sdk/builders/accounts.go:672.28,674.3 1 1
github.com/LerianStudio/midaz/sdks/go-sdk/builders/accounts.go:676.2,676.22 1 1
github.com/LerianStudio/midaz/sdks/go-sdk/builders/accounts.go:676.22,678.3 1 1
github.com/LerianStudio/midaz/sdks/go-sdk/builders/accounts.go:680.2,680.23 1 1
github.com/LerianStudio/midaz/sdks/go-sdk/builders/accounts.go:680.23,682.3 1 1
github.com/LerianStudio/midaz/sdks/go-sdk/builders/accounts.go:685.2,688.30 2 1
github.com/LerianStudio/midaz/sdks/go-sdk/builders/accounts.go:688.30,690.3 1 1
github.com/LerianStudio/midaz/sdks/go-sdk/builders/accounts.go:692.2,692.32 1 1
github.com/LerianStudio/midaz/sdks/go-sdk/builders/accounts.go:692.32,694.3 1 1
github.com/LerianStudio/midaz/sdks/go-sdk/builders/accounts.go:696.2,696.61 1 1
github.com/LerianStudio/midaz/sdks/go-sdk/builders/accounts.go:696.61,698.3 1 1
github.com/LerianStudio/midaz/sdks/go-sdk/builders/accounts.go:700.2,700.57 1 1
github.com/LerianStudio/midaz/sdks/go-sdk/builders/accounts.go:700.57,702.3 1 1
github.com/LerianStudio/midaz/sdks/go-sdk/builders/accounts.go:704.2,704.34 1 1
github.com/LerianStudio/midaz/sdks/go-sdk/builders/accounts.go:704.34,706.3 1 1
github.com/LerianStudio/midaz/sdks/go-sdk/builders/accounts.go:709.2,709.41 1 1
github.com/LerianStudio/midaz/sdks/go-sdk/builders/accounts.go:709.41,711.3 1 0
github.com/LerianStudio/midaz/sdks/go-sdk/builders/accounts.go:714.2,714.86 1 1
github.com/LerianStudio/midaz/sdks/go-sdk/builders/asset_rates.go:123.69,130.2 2 1
github.com/LerianStudio/midaz/sdks/go-sdk/builders/asset_rates.go:134.76,137.2 2 1
github.com/LerianStudio/midaz/sdks/go-sdk/builders/asset_rates.go:141.73,144.2 2 1
github.com/LerianStudio/midaz/sdks/go-sdk/builders/asset_rates.go:148.77,151.2 2 1
github.com/LerianStudio/midaz/sdks/go-sdk/builders/asset_rates.go:155.75,158.2 2 1
github.com/LerianStudio/midaz/sdks/go-sdk/builders/asset_rates.go:163.68,167.2 3 1
github.com/LerianStudio/midaz/sdks/go-sdk/builders/asset_rates.go:172.84,175.2 2 1
github.com/LerianStudio/midaz/sdks/go-sdk/builders/asset_rates.go:180.86,183.2 2 1
github.com/LerianStudio/midaz/sdks/go-sdk/builders/asset_rates.go:247.91,249.28 1 1
github.com/LerianStudio/midaz/sdks/go-sdk/builders/asset_rates.go:249.28,251.3 1 1
github.com/LerianStudio/midaz/sdks/go-sdk/builders/asset_rates.go:253.2,253.22 1 1
github.com/LerianStudio/midaz/sdks/go-sdk/builders/asset_rates.go:253.22,255.3 1 1
github.com/LerianStudio/midaz/sdks/go-sdk/builders/asset_rates.go:257.2,257.23 1 1
github.com/LerianStudio/midaz/sdks/go-sdk/builders/asset_rates.go:257.23,259.3 1 1
github.com/LerianStudio/midaz/sdks/go-sdk/builders/asset_rates.go:261.2,261.21 1 1
github.com/LerianStudio/midaz/sdks/go-sdk/builders/asset_rates.go:261.21,263.3 1 1
github.com/LerianStudio/midaz/sdks/go-sdk/builders/asset_rates.go:265.2,265.18 1 1
github.com/LerianStudio/midaz/sdks/go-sdk/builders/asset_rates.go:265.18,267.3 1 1
github.com/LerianStudio/midaz/sdks/go-sdk/builders/asset_rates.go:270.2,279.41 2 1
github.com/LerianStudio/midaz/sdks/go-sdk/builders/asset_rates.go:279.41,281.3 1 0
github.com/LerianStudio/midaz/sdks/go-sdk/builders/asset_rates.go:284.2,284.83 1 1
github.com/LerianStudio/midaz/sdks/go-sdk/builders/assets.go:175.57,183.2 1 1
github.com/LerianStudio/midaz/sdks/go-sdk/builders/assets.go:187.68,190.2 2 1
github.com/LerianStudio/midaz/sdks/go-sdk/builders/assets.go:194.65,197.2 2 1
github.com/LerianStudio/midaz/sdks/go-sdk/builders/assets.go:201.59,204.2 2 1
github.com/LerianStudio/midaz/sdks/go-sdk/builders/assets.go:208.59,211.2 2 1
github.com/LerianStudio/midaz/sdks/go-sdk/builders/assets.go:215.64,218.2 2 1
github.com/LerianStudio/midaz/sdks/go-sdk/builders/assets.go:222.63,225.2 2 1
github.com/LerianStudio/midaz/sdks/go-sdk/builders/assets.go:229.75,230.29 1 1
github.com/LerianStudio/midaz/sdks/go-sdk/builders/assets.go:230.29,232.3 1 1
github.com/LerianStudio/midaz/sdks/go-sdk/builders/assets.go:234.2,234.10 1 1
github.com/LerianStudio/midaz/sdks/go-sdk/builders/assets.go:239.57,240.15 1 1
github.com/LerianStudio/midaz/sdks/go-sdk/builders/assets.go:240.15,243.3 2 1
github.com/LerianStudio/midaz/sdks/go-sdk/builders/assets.go:245.2,245.10 1 1
github.com/LerianStudio/midaz/sdks/go-sdk/builders/assets.go:250.61,251.19 1 0
github.com/LerianStudio/midaz/sdks/go-sdk/builders/assets.go:251.19,254.3 2 0
github.com/LerianStudio/midaz/sdks/go-sdk/builders/assets.go:256.2,256.10 1 0
github.com/LerianStudio/midaz/sdks/go-sdk/builders/assets.go:320.75,322.28 1 1
github.com/LerianStudio/midaz/sdks/go-sdk/builders/assets.go:322.28,324.3 1 1
github.com/LerianStudio/midaz/sdks/go-sdk/builders/assets.go:326.2,326.22 1 1
github.com/LerianStudio/midaz/sdks/go-sdk/builders/assets.go:326.22,328.3 1 1
github.com/LerianStudio/midaz/sdks/go-sdk/builders/assets.go:330.2,330.18 1 1
github.com/LerianStudio/midaz/sdks/go-sdk/builders/assets.go:330.18,332.3 1 1
github.com/LerianStudio/midaz/sdks/go-sdk/builders/assets.go:334.2,334.18 1 1
github.com/LerianStudio/midaz/sdks/go-sdk/builders/assets.go:334.18,336.3 1 1
github.com/LerianStudio/midaz/sdks/go-sdk/builders/assets.go:339.2,348.41 2 1
github.com/LerianStudio/midaz/sdks/go-sdk/builders/assets.go:348.41,350.3 1 0
github.com/LerianStudio/midaz/sdks/go-sdk/builders/assets.go:353.2,353.71 1 1
github.com/LerianStudio/midaz/sdks/go-sdk/builders/assets.go:409.102,420.2 1 1
github.com/LerianStudio/midaz/sdks/go-sdk/builders/assets.go:424.71,429.2 3 1
github.com/LerianStudio/midaz/sdks/go-sdk/builders/assets.go:433.75,438.2 3 1
github.com/LerianStudio/midaz/sdks/go-sdk/builders/assets.go:442.87,443.29 1 1
github.com/LerianStudio/midaz/sdks/go-sdk/builders/assets.go:443.29,445.3 1 1
github.com/LerianStudio/midaz/sdks/go-sdk/builders/assets.go:447.2,449.10 2 1
github.com/LerianStudio/midaz/sdks/go-sdk/builders/assets.go:454.69,455.15 1 1
github.com/LerianStudio/midaz/sdks/go-sdk/builders/assets.go:455.15,459.3 3 1
github.com/LerianStudio/midaz/sdks/go-sdk/builders/assets.go:461.2,461.10 1 1
github.com/LerianStudio/midaz/sdks/go-sdk/builders/assets.go:466.73,467.19 1 0
github.com/LerianStudio/midaz/sdks/go-sdk/builders/assets.go:467.19,471.3 3 0
github.com/LerianStudio/midaz/sdks/go-sdk/builders/assets.go:473.2,473.10 1 0
github.com/LerianStudio/midaz/sdks/go-sdk/builders/assets.go:528.81,530.32 1 1
github.com/LerianStudio/midaz/sdks/go-sdk/builders/assets.go:530.32,532.3 1 1
github.com/LerianStudio/midaz/sdks/go-sdk/builders/assets.go:535.2,535.28 1 1
github.com/LerianStudio/midaz/sdks/go-sdk/builders/assets.go:535.28,537.3 1 1
github.com/LerianStudio/midaz/sdks/go-sdk/builders/assets.go:539.2,539.22 1 1
github.com/LerianStudio/midaz/sdks/go-sdk/builders/assets.go:539.22,541.3 1 1
github.com/LerianStudio/midaz/sdks/go-sdk/builders/assets.go:543.2,543.21 1 1
github.com/LerianStudio/midaz/sdks/go-sdk/builders/assets.go:543.21,545.3 1 1
github.com/LerianStudio/midaz/sdks/go-sdk/builders/assets.go:548.2,551.30 2 1
github.com/LerianStudio/midaz/sdks/go-sdk/builders/assets.go:551.30,553.3 1 1
github.com/LerianStudio/midaz/sdks/go-sdk/builders/assets.go:555.2,555.32 1 1
github.com/LerianStudio/midaz/sdks/go-sdk/builders/assets.go:555.32,557.3 1 1
github.com/LerianStudio/midaz/sdks/go-sdk/builders/assets.go:559.2,559.34 1 1
github.com/LerianStudio/midaz/sdks/go-sdk/builders/assets.go:559.34,561.3 1 1
github.com/LerianStudio/midaz/sdks/go-sdk/builders/assets.go:564.2,564.41 1 1
github.com/LerianStudio/midaz/sdks/go-sdk/builders/assets.go:564.41,566.3 1 0
github.com/LerianStudio/midaz/sdks/go-sdk/builders/assets.go:569.2,569.82 1 1
github.com/LerianStudio/midaz/sdks/go-sdk/builders/balances.go:102.119,110.2 1 1
github.com/LerianStudio/midaz/sdks/go-sdk/builders/balances.go:116.84,121.2 3 1
github.com/LerianStudio/midaz/sdks/go-sdk/builders/balances.go:127.86,132.2 3 1
github.com/LerianStudio/midaz/sdks/go-sdk/builders/balances.go:182.85,184.32 1 1
github.com/LerianStudio/midaz/sdks/go-sdk/builders/balances.go:184.32,186.3 1 1
github.com/LerianStudio/midaz/sdks/go-sdk/builders/balances.go:189.2,189.28 1 1
github.com/LerianStudio/midaz/sdks/go-sdk/builders/balances.go:189.28,191.3 1 1
github.com/LerianStudio/midaz/sdks/go-sdk/builders/balances.go:193.2,193.22 1 1
github.com/LerianStudio/midaz/sdks/go-sdk/builders/balances.go:193.22,195.3 1 1
github.com/LerianStudio/midaz/sdks/go-sdk/builders/balances.go:197.2,197.23 1 1
github.com/LerianStudio/midaz/sdks/go-sdk/builders/balances.go:197.23,199.3 1 1
github.com/LerianStudio/midaz/sdks/go-sdk/builders/balances.go:202.2,205.38 2 1
github.com/LerianStudio/midaz/sdks/go-sdk/builders/balances.go:205.38,207.3 1 1
github.com/LerianStudio/midaz/sdks/go-sdk/builders/balances.go:209.2,209.40 1 1
github.com/LerianStudio/midaz/sdks/go-sdk/builders/balances.go:209.40,211.3 1 1
github.com/LerianStudio/midaz/sdks/go-sdk/builders/balances.go:214.2,214.41 1 1
github.com/LerianStudio/midaz/sdks/go-sdk/builders/balances.go:214.41,216.3 1 0
github.com/LerianStudio/midaz/sdks/go-sdk/builders/balances.go:219.2,219.86 1 1
github.com/LerianStudio/midaz/sdks/go-sdk/builders/builder.go:76.12,88.2 1 0
github.com/LerianStudio/midaz/sdks/go-sdk/builders/builder.go:105.47,107.2 1 0
github.com/LerianStudio/midaz/sdks/go-sdk/builders/builder.go:126.92,128.2 1 0
github.com/LerianStudio/midaz/sdks/go-sdk/builders/builder.go:144.43,146.2 1 0
github.com/LerianStudio/midaz/sdks/go-sdk/builders/builder.go:164.86,166.2 1 0
github.com/LerianStudio/midaz/sdks/go-sdk/builders/builder.go:183.51,185.2 1 0
github.com/LerianStudio/midaz/sdks/go-sdk/builders/builder.go:199.45,201.2 1 0
github.com/LerianStudio/midaz/sdks/go-sdk/builders/builder.go:218.79,220.2 1 0
github.com/LerianStudio/midaz/sdks/go-sdk/builders/builder.go:233.57,235.2 1 0
github.com/LerianStudio/midaz/sdks/go-sdk/builders/builder.go:251.81,253.2 1 0
github.com/LerianStudio/midaz/sdks/go-sdk/builders/builder.go:268.51,270.2 1 0
github.com/LerianStudio/midaz/sdks/go-sdk/builders/builder.go:288.98,290.2 1 0
github.com/LerianStudio/midaz/sdks/go-sdk/builders/builder.go:305.47,307.2 1 0
github.com/LerianStudio/midaz/sdks/go-sdk/builders/builder.go:327.105,329.2 1 0
github.com/LerianStudio/midaz/sdks/go-sdk/builders/builder.go:347.47,349.2 1 0
github.com/LerianStudio/midaz/sdks/go-sdk/builders/builder.go:367.53,369.2 1 0
github.com/LerianStudio/midaz/sdks/go-sdk/builders/builder.go:388.49,390.2 1 0
github.com/LerianStudio/midaz/sdks/go-sdk/builders/ledgers.go:163.60,171.2 1 1
github.com/LerianStudio/midaz/sdks/go-sdk/builders/ledgers.go:175.70,178.2 2 1
github.com/LerianStudio/midaz/sdks/go-sdk/builders/ledgers.go:182.61,185.2 2 1
github.com/LerianStudio/midaz/sdks/go-sdk/builders/ledgers.go:189.65,192.2 2 1
github.com/LerianStudio/midaz/sdks/go-sdk/builders/ledgers.go:196.77,197.29 1 1
github.com/LerianStudio/midaz/sdks/go-sdk/builders/ledgers.go:197.29,199.3 1 1
github.com/LerianStudio/midaz/sdks/go-sdk/builders/ledgers.go:201.2,201.10 1 1
github.com/LerianStudio/midaz/sdks/go-sdk/builders/ledgers.go:206.59,207.15 1 1
github.com/LerianStudio/midaz/sdks/go-sdk/builders/ledgers.go:207.15,210.3 2 1
github.com/LerianStudio/midaz/sdks/go-sdk/builders/ledgers.go:212.2,212.10 1 1
github.com/LerianStudio/midaz/sdks/go-sdk/builders/ledgers.go:217.63,218.19 1 1
github.com/LerianStudio/midaz/sdks/go-sdk/builders/ledgers.go:218.19,221.3 2 1
github.com/LerianStudio/midaz/sdks/go-sdk/builders/ledgers.go:223.2,223.10 1 1
github.com/LerianStudio/midaz/sdks/go-sdk/builders/ledgers.go:281.77,283.28 1 1
github.com/LerianStudio/midaz/sdks/go-sdk/builders/ledgers.go:283.28,285.3 1 0
github.com/LerianStudio/midaz/sdks/go-sdk/builders/ledgers.go:287.2,287.18 1 1
github.com/LerianStudio/midaz/sdks/go-sdk/builders/ledgers.go:287.18,289.3 1 0
github.com/LerianStudio/midaz/sdks/go-sdk/builders/ledgers.go:292.2,299.41 2 1
github.com/LerianStudio/midaz/sdks/go-sdk/builders/ledgers.go:299.41,301.3 1 0
github.com/LerianStudio/midaz/sdks/go-sdk/builders/ledgers.go:304.2,304.60 1 1
github.com/LerianStudio/midaz/sdks/go-sdk/builders/ledgers.go:359.96,369.2 1 1
github.com/LerianStudio/midaz/sdks/go-sdk/builders/ledgers.go:373.82,376.2 2 1
github.com/LerianStudio/midaz/sdks/go-sdk/builders/ledgers.go:380.73,385.2 3 1
github.com/LerianStudio/midaz/sdks/go-sdk/builders/ledgers.go:389.77,394.2 3 1
github.com/LerianStudio/midaz/sdks/go-sdk/builders/ledgers.go:398.89,399.29 1 1
github.com/LerianStudio/midaz/sdks/go-sdk/builders/ledgers.go:399.29,401.3 1 1
github.com/LerianStudio/midaz/sdks/go-sdk/builders/ledgers.go:403.2,405.10 2 1
github.com/LerianStudio/midaz/sdks/go-sdk/builders/ledgers.go:410.71,411.15 1 1
github.com/LerianStudio/midaz/sdks/go-sdk/builders/ledgers.go:411.15,415.3 3 1
github.com/LerianStudio/midaz/sdks/go-sdk/builders/ledgers.go:417.2,417.10 1 1
github.com/LerianStudio/midaz/sdks/go-sdk/builders/ledgers.go:422.75,423.19 1 0
github.com/LerianStudio/midaz/sdks/go-sdk/builders/ledgers.go:423.19,427.3 3 0
github.com/LerianStudio/midaz/sdks/go-sdk/builders/ledgers.go:429.2,429.10 1 0
github.com/LerianStudio/midaz/sdks/go-sdk/builders/ledgers.go:483.83,485.32 1 1
github.com/LerianStudio/midaz/sdks/go-sdk/builders/ledgers.go:485.32,487.3 1 1
github.com/LerianStudio/midaz/sdks/go-sdk/builders/ledgers.go:490.2,493.30 2 1
github.com/LerianStudio/midaz/sdks/go-sdk/builders/ledgers.go:493.30,495.3 1 1
github.com/LerianStudio/midaz/sdks/go-sdk/builders/ledgers.go:497.2,497.32 1 1
github.com/LerianStudio/midaz/sdks/go-sdk/builders/ledgers.go:497.32,499.3 1 1
github.com/LerianStudio/midaz/sdks/go-sdk/builders/ledgers.go:501.2,501.34 1 1
github.com/LerianStudio/midaz/sdks/go-sdk/builders/ledgers.go:501.34,503.3 1 1
github.com/LerianStudio/midaz/sdks/go-sdk/builders/ledgers.go:506.2,506.41 1 1
github.com/LerianStudio/midaz/sdks/go-sdk/builders/ledgers.go:506.41,508.3 1 0
github.com/LerianStudio/midaz/sdks/go-sdk/builders/ledgers.go:511.2,511.72 1 1
github.com/LerianStudio/midaz/sdks/go-sdk/builders/options.go:65.51,66.49 1 0
github.com/LerianStudio/midaz/sdks/go-sdk/builders/options.go:66.49,68.3 1 0
github.com/LerianStudio/midaz/sdks/go-sdk/builders/options.go:97.44,98.49 1 0
github.com/LerianStudio/midaz/sdks/go-sdk/builders/options.go:98.49,99.28 1 0
github.com/LerianStudio/midaz/sdks/go-sdk/builders/options.go:99.28,101.4 1 0
github.com/LerianStudio/midaz/sdks/go-sdk/builders/options.go:102.3,102.42 1 0
github.com/LerianStudio/midaz/sdks/go-sdk/builders/options.go:121.47,122.49 1 0
github.com/LerianStudio/midaz/sdks/go-sdk/builders/options.go:122.49,123.28 1 0
github.com/LerianStudio/midaz/sdks/go-sdk/builders/options.go:123.28,125.4 1 0
github.com/LerianStudio/midaz/sdks/go-sdk/builders/options.go:126.3,126.45 1 0
github.com/LerianStudio/midaz/sdks/go-sdk/builders/options.go:162.39,163.49 1 0
github.com/LerianStudio/midaz/sdks/go-sdk/builders/options.go:163.49,165.3 1 0
github.com/LerianStudio/midaz/sdks/go-sdk/builders/options.go:185.55,186.49 1 0
github.com/LerianStudio/midaz/sdks/go-sdk/builders/options.go:186.49,188.3 1 0
github.com/LerianStudio/midaz/sdks/go-sdk/builders/options.go:207.35,208.49 1 0
github.com/LerianStudio/midaz/sdks/go-sdk/builders/options.go:208.49,210.3 1 0
github.com/LerianStudio/midaz/sdks/go-sdk/builders/options.go:229.37,230.49 1 0
github.com/LerianStudio/midaz/sdks/go-sdk/builders/options.go:230.49,231.28 1 0
github.com/LerianStudio/midaz/sdks/go-sdk/builders/options.go:231.28,233.4 1 0
github.com/LerianStudio/midaz/sdks/go-sdk/builders/options.go:234.3,234.34 1 0
github.com/LerianStudio/midaz/sdks/go-sdk/builders/organizations.go:185.78,193.2 1 1
github.com/LerianStudio/midaz/sdks/go-sdk/builders/organizations.go:197.78,200.2 2 1
github.com/LerianStudio/midaz/sdks/go-sdk/builders/organizations.go:204.86,207.2 2 1
github.com/LerianStudio/midaz/sdks/go-sdk/builders/organizations.go:211.77,214.2 2 0
github.com/LerianStudio/midaz/sdks/go-sdk/builders/organizations.go:218.112,230.2 6 1
github.com/LerianStudio/midaz/sdks/go-sdk/builders/organizations.go:234.89,235.29 1 1
github.com/LerianStudio/midaz/sdks/go-sdk/builders/organizations.go:235.29,237.3 1 1
github.com/LerianStudio/midaz/sdks/go-sdk/builders/organizations.go:239.2,239.10 1 1
github.com/LerianStudio/midaz/sdks/go-sdk/builders/organizations.go:244.71,245.15 1 1
github.com/LerianStudio/midaz/sdks/go-sdk/builders/organizations.go:245.15,248.3 2 1
github.com/LerianStudio/midaz/sdks/go-sdk/builders/organizations.go:250.2,250.10 1 1
github.com/LerianStudio/midaz/sdks/go-sdk/builders/organizations.go:255.75,256.19 1 0
github.com/LerianStudio/midaz/sdks/go-sdk/builders/organizations.go:256.19,259.3 2 0
github.com/LerianStudio/midaz/sdks/go-sdk/builders/organizations.go:261.2,261.10 1 0
github.com/LerianStudio/midaz/sdks/go-sdk/builders/organizations.go:326.89,328.23 1 1
github.com/LerianStudio/midaz/sdks/go-sdk/builders/organizations.go:328.23,330.3 1 1
github.com/LerianStudio/midaz/sdks/go-sdk/builders/organizations.go:332.2,332.27 1 1
github.com/LerianStudio/midaz/sdks/go-sdk/builders/organizations.go:332.27,334.3 1 1
github.com/LerianStudio/midaz/sdks/go-sdk/builders/organizations.go:337.2,345.94 2 1
github.com/LerianStudio/midaz/sdks/go-sdk/builders/organizations.go:345.94,347.3 1 1
github.com/LerianStudio/midaz/sdks/go-sdk/builders/organizations.go:350.2,350.48 1 1
github.com/LerianStudio/midaz/sdks/go-sdk/builders/organizations.go:406.101,415.2 1 1
github.com/LerianStudio/midaz/sdks/go-sdk/builders/organizations.go:419.90,424.2 3 1
github.com/LerianStudio/midaz/sdks/go-sdk/builders/organizations.go:428.98,433.2 3 0
github.com/LerianStudio/midaz/sdks/go-sdk/builders/organizations.go:437.89,442.2 3 1
github.com/LerianStudio/midaz/sdks/go-sdk/builders/organizations.go:446.124,459.2 7 0
github.com/LerianStudio/midaz/sdks/go-sdk/builders/organizations.go:463.101,464.29 1 0
github.com/LerianStudio/midaz/sdks/go-sdk/builders/organizations.go:464.29,466.3 1 0
github.com/LerianStudio/midaz/sdks/go-sdk/builders/organizations.go:468.2,470.10 2 0
github.com/LerianStudio/midaz/sdks/go-sdk/builders/organizations.go:475.83,476.15 1 0
github.com/LerianStudio/midaz/sdks/go-sdk/builders/organizations.go:476.15,480.3 3 0
github.com/LerianStudio/midaz/sdks/go-sdk/builders/organizations.go:482.2,482.10 1 0
github.com/LerianStudio/midaz/sdks/go-sdk/builders/organizations.go:487.87,488.19 1 0
github.com/LerianStudio/midaz/sdks/go-sdk/builders/organizations.go:488.19,492.3 3 0
github.com/LerianStudio/midaz/sdks/go-sdk/builders/organizations.go:494.2,494.10 1 0
github.com/LerianStudio/midaz/sdks/go-sdk/builders/organizations.go:555.95,557.32 1 1
github.com/LerianStudio/midaz/sdks/go-sdk/builders/organizations.go:557.32,559.3 1 1
github.com/LerianStudio/midaz/sdks/go-sdk/builders/organizations.go:562.2,562.28 1 1
github.com/LerianStudio/midaz/sdks/go-sdk/builders/organizations.go:562.28,564.3 1 1
github.com/LerianStudio/midaz/sdks/go-sdk/builders/organizations.go:567.2,570.35 2 1
github.com/LerianStudio/midaz/sdks/go-sdk/builders/organizations.go:570.35,572.3 1 1
github.com/LerianStudio/midaz/sdks/go-sdk/builders/organizations.go:574.2,574.32 1 1
github.com/LerianStudio/midaz/sdks/go-sdk/builders/organizations.go:574.32,577.3 2 1
github.com/LerianStudio/midaz/sdks/go-sdk/builders/organizations.go:579.2,579.33 1 1
github.com/LerianStudio/midaz/sdks/go-sdk/builders/organizations.go:579.33,582.3 2 0
github.com/LerianStudio/midaz/sdks/go-sdk/builders/organizations.go:584.2,584.34 1 1
github.com/LerianStudio/midaz/sdks/go-sdk/builders/organizations.go:584.34,586.3 1 0
github.com/LerianStudio/midaz/sdks/go-sdk/builders/organizations.go:589.2,589.66 1 1
github.com/LerianStudio/midaz/sdks/go-sdk/builders/organizations.go:593.67,595.19 1 1
github.com/LerianStudio/midaz/sdks/go-sdk/builders/organizations.go:595.19,598.28 2 1
github.com/LerianStudio/midaz/sdks/go-sdk/builders/organizations.go:598.28,599.13 1 1
github.com/LerianStudio/midaz/sdks/go-sdk/builders/organizations.go:599.13,601.5 1 1
github.com/LerianStudio/midaz/sdks/go-sdk/builders/organizations.go:603.4,603.18 1 1
github.com/LerianStudio/midaz/sdks/go-sdk/builders/organizations.go:606.3,606.29 1 1
github.com/LerianStudio/midaz/sdks/go-sdk/builders/portfolios.go:170.69,178.2 1 1
github.com/LerianStudio/midaz/sdks/go-sdk/builders/portfolios.go:182.76,185.2 2 1
github.com/LerianStudio/midaz/sdks/go-sdk/builders/portfolios.go:189.73,192.2 2 1
github.com/LerianStudio/midaz/sdks/go-sdk/builders/portfolios.go:196.67,199.2 2 1
github.com/LerianStudio/midaz/sdks/go-sdk/builders/portfolios.go:203.75,206.2 2 1
github.com/LerianStudio/midaz/sdks/go-sdk/builders/portfolios.go:210.71,213.2 2 1
github.com/LerianStudio/midaz/sdks/go-sdk/builders/portfolios.go:217.83,218.29 1 1
github.com/LerianStudio/midaz/sdks/go-sdk/builders/portfolios.go:218.29,220.3 1 1
github.com/LerianStudio/midaz/sdks/go-sdk/builders/portfolios.go:222.2,222.10 1 1
github.com/LerianStudio/midaz/sdks/go-sdk/builders/portfolios.go:227.65,228.15 1 1
github.com/LerianStudio/midaz/sdks/go-sdk/builders/portfolios.go:228.15,231.3 2 1
github.com/LerianStudio/midaz/sdks/go-sdk/builders/portfolios.go:233.2,233.10 1 1
github.com/LerianStudio/midaz/sdks/go-sdk/builders/portfolios.go:238.69,239.19 1 0
github.com/LerianStudio/midaz/sdks/go-sdk/builders/portfolios.go:239.19,242.3 2 0
github.com/LerianStudio/midaz/sdks/go-sdk/builders/portfolios.go:244.2,244.10 1 0
github.com/LerianStudio/midaz/sdks/go-sdk/builders/portfolios.go:307.83,309.28 1 1
github.com/LerianStudio/midaz/sdks/go-sdk/builders/portfolios.go:309.28,311.3 1 1
github.com/LerianStudio/midaz/sdks/go-sdk/builders/portfolios.go:313.2,313.22 1 1
github.com/LerianStudio/midaz/sdks/go-sdk/builders/portfolios.go:313.22,315.3 1 1
github.com/LerianStudio/midaz/sdks/go-sdk/builders/portfolios.go:317.2,317.18 1 1
github.com/LerianStudio/midaz/sdks/go-sdk/builders/portfolios.go:317.18,319.3 1 1
github.com/LerianStudio/midaz/sdks/go-sdk/builders/portfolios.go:321.2,321.22 1 1
github.com/LerianStudio/midaz/sdks/go-sdk/builders/portfolios.go:321.22,323.3 1 1
github.com/LerianStudio/midaz/sdks/go-sdk/builders/portfolios.go:326.2,334.41 2 1
github.com/LerianStudio/midaz/sdks/go-sdk/builders/portfolios.go:334.41,336.3 1 0
github.com/LerianStudio/midaz/sdks/go-sdk/builders/portfolios.go:339.2,339.75 1 1
github.com/LerianStudio/midaz/sdks/go-sdk/builders/portfolios.go:395.118,406.2 1 1
github.com/LerianStudio/midaz/sdks/go-sdk/builders/portfolios.go:410.79,415.2 3 1
github.com/LerianStudio/midaz/sdks/go-sdk/builders/portfolios.go:419.83,424.2 3 1
github.com/LerianStudio/midaz/sdks/go-sdk/builders/portfolios.go:428.95,429.29 1 1
github.com/LerianStudio/midaz/sdks/go-sdk/builders/portfolios.go:429.29,431.3 1 1
github.com/LerianStudio/midaz/sdks/go-sdk/builders/portfolios.go:433.2,435.10 2 1
github.com/LerianStudio/midaz/sdks/go-sdk/builders/portfolios.go:440.77,441.15 1 1
github.com/LerianStudio/midaz/sdks/go-sdk/builders/portfolios.go:441.15,445.3 3 1
github.com/LerianStudio/midaz/sdks/go-sdk/builders/portfolios.go:447.2,447.10 1 1
github.com/LerianStudio/midaz/sdks/go-sdk/builders/portfolios.go:452.81,453.19 1 0
github.com/LerianStudio/midaz/sdks/go-sdk/builders/portfolios.go:453.19,457.3 3 0
github.com/LerianStudio/midaz/sdks/go-sdk/builders/portfolios.go:459.2,459.10 1 0
github.com/LerianStudio/midaz/sdks/go-sdk/builders/portfolios.go:514.89,516.32 1 1
github.com/LerianStudio/midaz/sdks/go-sdk/builders/portfolios.go:516.32,518.3 1 1
github.com/LerianStudio/midaz/sdks/go-sdk/builders/portfolios.go:521.2,521.28 1 1
github.com/LerianStudio/midaz/sdks/go-sdk/builders/portfolios.go:521.28,523.3 1 1
github.com/LerianStudio/midaz/sdks/go-sdk/builders/portfolios.go:525.2,525.22 1 1
github.com/LerianStudio/midaz/sdks/go-sdk/builders/portfolios.go:525.22,527.3 1 1
github.com/LerianStudio/midaz/sdks/go-sdk/builders/portfolios.go:529.2,529.25 1 1
github.com/LerianStudio/midaz/sdks/go-sdk/builders/portfolios.go:529.25,531.3 1 1
github.com/LerianStudio/midaz/sdks/go-sdk/builders/portfolios.go:534.2,537.30 2 1
github.com/LerianStudio/midaz/sdks/go-sdk/builders/portfolios.go:537.30,539.3 1 1
github.com/LerianStudio/midaz/sdks/go-sdk/builders/portfolios.go:541.2,541.32 1 1
github.com/LerianStudio/midaz/sdks/go-sdk/builders/portfolios.go:541.32,543.3 1 1
github.com/LerianStudio/midaz/sdks/go-sdk/builders/portfolios.go:545.2,545.34 1 1
github.com/LerianStudio/midaz/sdks/go-sdk/builders/portfolios.go:545.34,547.3 1 1
github.com/LerianStudio/midaz/sdks/go-sdk/builders/portfolios.go:550.2,550.41 1 1
github.com/LerianStudio/midaz/sdks/go-sdk/builders/portfolios.go:550.41,552.3 1 0
github.com/LerianStudio/midaz/sdks/go-sdk/builders/portfolios.go:555.2,555.90 1 1
github.com/LerianStudio/midaz/sdks/go-sdk/builders/segments.go:171.63,179.2 1 1
github.com/LerianStudio/midaz/sdks/go-sdk/builders/segments.go:183.72,186.2 2 1
github.com/LerianStudio/midaz/sdks/go-sdk/builders/segments.go:190.69,193.2 2 1
github.com/LerianStudio/midaz/sdks/go-sdk/builders/segments.go:197.75,200.2 2 1
github.com/LerianStudio/midaz/sdks/go-sdk/builders/segments.go:204.63,207.2 2 1
github.com/LerianStudio/midaz/sdks/go-sdk/builders/segments.go:211.67,214.2 2 1
github.com/LerianStudio/midaz/sdks/go-sdk/builders/segments.go:218.79,219.29 1 1
github.com/LerianStudio/midaz/sdks/go-sdk/builders/segments.go:219.29,221.3 1 1
github.com/LerianStudio/midaz/sdks/go-sdk/builders/segments.go:223.2,223.10 1 1
github.com/LerianStudio/midaz/sdks/go-sdk/builders/segments.go:228.61,229.15 1 1
github.com/LerianStudio/midaz/sdks/go-sdk/builders/segments.go:229.15,232.3 2 1
github.com/LerianStudio/midaz/sdks/go-sdk/builders/segments.go:234.2,234.10 1 1
github.com/LerianStudio/midaz/sdks/go-sdk/builders/segments.go:239.65,240.19 1 0
github.com/LerianStudio/midaz/sdks/go-sdk/builders/segments.go:240.19,243.3 2 0
github.com/LerianStudio/midaz/sdks/go-sdk/builders/segments.go:245.2,245.10 1 0
github.com/LerianStudio/midaz/sdks/go-sdk/builders/segments.go:308.79,310.28 1 1
github.com/LerianStudio/midaz/sdks/go-sdk/builders/segments.go:310.28,312.3 1 1
github.com/LerianStudio/midaz/sdks/go-sdk/builders/segments.go:314.2,314.22 1 1
github.com/LerianStudio/midaz/sdks/go-sdk/builders/segments.go:314.22,316.3 1 1
github.com/LerianStudio/midaz/sdks/go-sdk/builders/segments.go:318.2,318.25 1 1
github.com/LerianStudio/midaz/sdks/go-sdk/builders/segments.go:318.25,320.3 1 1
github.com/LerianStudio/midaz/sdks/go-sdk/builders/segments.go:322.2,322.18 1 1
github.com/LerianStudio/midaz/sdks/go-sdk/builders/segments.go:322.18,324.3 1 1
github.com/LerianStudio/midaz/sdks/go-sdk/builders/segments.go:327.2,334.41 2 1
github.com/LerianStudio/midaz/sdks/go-sdk/builders/segments.go:334.41,336.3 1 0
github.com/LerianStudio/midaz/sdks/go-sdk/builders/segments.go:339.2,339.88 1 1
github.com/LerianStudio/midaz/sdks/go-sdk/builders/segments.go:396.123,408.2 1 1
github.com/LerianStudio/midaz/sdks/go-sdk/builders/segments.go:412.75,417.2 3 1
github.com/LerianStudio/midaz/sdks/go-sdk/builders/segments.go:421.79,426.2 3 1
github.com/LerianStudio/midaz/sdks/go-sdk/builders/segments.go:430.91,431.29 1 1
github.com/LerianStudio/midaz/sdks/go-sdk/builders/segments.go:431.29,433.3 1 1
github.com/LerianStudio/midaz/sdks/go-sdk/builders/segments.go:435.2,437.10 2 1
github.com/LerianStudio/midaz/sdks/go-sdk/builders/segments.go:442.73,443.15 1 1
github.com/LerianStudio/midaz/sdks/go-sdk/builders/segments.go:443.15,447.3 3 1
github.com/LerianStudio/midaz/sdks/go-sdk/builders/segments.go:449.2,449.10 1 1
github.com/LerianStudio/midaz/sdks/go-sdk/builders/segments.go:454.77,455.19 1 0
github.com/LerianStudio/midaz/sdks/go-sdk/builders/segments.go:455.19,459.3 3 0
github.com/LerianStudio/midaz/sdks/go-sdk/builders/segments.go:461.2,461.10 1 0
github.com/LerianStudio/midaz/sdks/go-sdk/builders/segments.go:516.85,518.32 1 1
github.com/LerianStudio/midaz/sdks/go-sdk/builders/segments.go:518.32,520.3 1 1
github.com/LerianStudio/midaz/sdks/go-sdk/builders/segments.go:523.2,523.28 1 1
github.com/LerianStudio/midaz/sdks/go-sdk/builders/segments.go:523.28,525.3 1 1
github.com/LerianStudio/midaz/sdks/go-sdk/builders/segments.go:527.2,527.22 1 1
github.com/LerianStudio/midaz/sdks/go-sdk/builders/segments.go:527.22,529.3 1 1
github.com/LerianStudio/midaz/sdks/go-sdk/builders/segments.go:531.2,531.25 1 1
github.com/LerianStudio/midaz/sdks/go-sdk/builders/segments.go:531.25,533.3 1 1
github.com/LerianStudio/midaz/sdks/go-sdk/builders/segments.go:535.2,535.23 1 1
github.com/LerianStudio/midaz/sdks/go-sdk/builders/segments.go:535.23,537.3 1 1
github.com/LerianStudio/midaz/sdks/go-sdk/builders/segments.go:540.2,543.30 2 1
github.com/LerianStudio/midaz/sdks/go-sdk/builders/segments.go:543.30,545.3 1 1
github.com/LerianStudio/midaz/sdks/go-sdk/builders/segments.go:547.2,547.32 1 1
github.com/LerianStudio/midaz/sdks/go-sdk/builders/segments.go:547.32,549.3 1 1
github.com/LerianStudio/midaz/sdks/go-sdk/builders/segments.go:551.2,551.34 1 1
github.com/LerianStudio/midaz/sdks/go-sdk/builders/segments.go:551.34,553.3 1 1
github.com/LerianStudio/midaz/sdks/go-sdk/builders/segments.go:556.2,556.41 1 1
github.com/LerianStudio/midaz/sdks/go-sdk/builders/segments.go:556.41,558.3 1 0
github.com/LerianStudio/midaz/sdks/go-sdk/builders/segments.go:561.2,561.101 1 1
github.com/LerianStudio/midaz/sdks/go-sdk/builders/transactions.go:350.40,351.19 1 1
github.com/LerianStudio/midaz/sdks/go-sdk/builders/transactions.go:351.19,353.3 1 1
github.com/LerianStudio/midaz/sdks/go-sdk/builders/transactions.go:355.2,355.22 1 1
github.com/LerianStudio/midaz/sdks/go-sdk/builders/transactions.go:355.22,357.3 1 1
github.com/LerianStudio/midaz/sdks/go-sdk/builders/transactions.go:359.2,359.19 1 1
github.com/LerianStudio/midaz/sdks/go-sdk/builders/transactions.go:359.19,361.3 1 1
github.com/LerianStudio/midaz/sdks/go-sdk/builders/transactions.go:363.2,363.18 1 1
github.com/LerianStudio/midaz/sdks/go-sdk/builders/transactions.go:363.18,365.3 1 0
github.com/LerianStudio/midaz/sdks/go-sdk/builders/transactions.go:367.2,367.23 1 1
github.com/LerianStudio/midaz/sdks/go-sdk/builders/transactions.go:367.23,369.3 1 1
github.com/LerianStudio/midaz/sdks/go-sdk/builders/transactions.go:372.2,372.30 1 1
github.com/LerianStudio/midaz/sdks/go-sdk/builders/transactions.go:372.30,374.3 1 0
github.com/LerianStudio/midaz/sdks/go-sdk/builders/transactions.go:377.2,377.29 1 1
github.com/LerianStudio/midaz/sdks/go-sdk/builders/transactions.go:377.29,379.3 1 0
github.com/LerianStudio/midaz/sdks/go-sdk/builders/transactions.go:382.2,382.33 1 1
github.com/LerianStudio/midaz/sdks/go-sdk/builders/transactions.go:382.33,384.3 1 0
github.com/LerianStudio/midaz/sdks/go-sdk/builders/transactions.go:386.2,386.12 1 1
github.com/LerianStudio/midaz/sdks/go-sdk/builders/transactions.go:436.56,443.2 1 1
github.com/LerianStudio/midaz/sdks/go-sdk/builders/transactions.go:446.72,449.2 2 1
github.com/LerianStudio/midaz/sdks/go-sdk/builders/transactions.go:452.69,455.2 2 1
github.com/LerianStudio/midaz/sdks/go-sdk/builders/transactions.go:458.77,464.2 3 1
github.com/LerianStudio/midaz/sdks/go-sdk/builders/transactions.go:467.73,470.2 2 1
github.com/LerianStudio/midaz/sdks/go-sdk/builders/transactions.go:473.77,476.2 2 1
github.com/LerianStudio/midaz/sdks/go-sdk/builders/transactions.go:479.79,480.29 1 1
github.com/LerianStudio/midaz/sdks/go-sdk/builders/transactions.go:480.29,482.3 1 1
github.com/LerianStudio/midaz/sdks/go-sdk/builders/transactions.go:484.2,484.10 1 1
github.com/LerianStudio/midaz/sdks/go-sdk/builders/transactions.go:488.61,489.15 1 1
github.com/LerianStudio/midaz/sdks/go-sdk/builders/transactions.go:489.15,492.22 2 1
github.com/LerianStudio/midaz/sdks/go-sdk/builders/transactions.go:492.22,495.29 2 1
github.com/LerianStudio/midaz/sdks/go-sdk/builders/transactions.go:495.29,496.14 1 1
github.com/LerianStudio/midaz/sdks/go-sdk/builders/transactions.go:496.14,498.6 1 1
github.com/LerianStudio/midaz/sdks/go-sdk/builders/transactions.go:500.5,500.17 1 1
github.com/LerianStudio/midaz/sdks/go-sdk/builders/transactions.go:503.4,503.32 1 1
github.com/LerianStudio/midaz/sdks/go-sdk/builders/transactions.go:507.2,507.10 1 1
github.com/LerianStudio/midaz/sdks/go-sdk/builders/transactions.go:511.65,512.19 1 1
github.com/LerianStudio/midaz/sdks/go-sdk/builders/transactions.go:512.19,517.30 3 1
github.com/LerianStudio/midaz/sdks/go-sdk/builders/transactions.go:517.30,518.13 1 1
github.com/LerianStudio/midaz/sdks/go-sdk/builders/transactions.go:518.13,520.5 1 1
github.com/LerianStudio/midaz/sdks/go-sdk/builders/transactions.go:522.4,522.18 1 1
github.com/LerianStudio/midaz/sdks/go-sdk/builders/transactions.go:525.3,525.31 1 1
github.com/LerianStudio/midaz/sdks/go-sdk/builders/transactions.go:528.2,528.10 1 1
github.com/LerianStudio/midaz/sdks/go-sdk/builders/transactions.go:532.75,534.22 2 1
github.com/LerianStudio/midaz/sdks/go-sdk/builders/transactions.go:534.22,536.3 1 1
github.com/LerianStudio/midaz/sdks/go-sdk/builders/transactions.go:538.2,538.10 1 1
github.com/LerianStudio/midaz/sdks/go-sdk/builders/transactions.go:542.72,544.15 2 1
github.com/LerianStudio/midaz/sdks/go-sdk/builders/transactions.go:544.15,546.3 1 1
github.com/LerianStudio/midaz/sdks/go-sdk/builders/transactions.go:548.2,548.10 1 1
github.com/LerianStudio/midaz/sdks/go-sdk/builders/transactions.go:552.72,555.2 2 1
github.com/LerianStudio/midaz/sdks/go-sdk/builders/transactions.go:601.84,603.37 1 1
github.com/LerianStudio/midaz/sdks/go-sdk/builders/transactions.go:603.37,605.3 1 1
github.com/LerianStudio/midaz/sdks/go-sdk/builders/transactions.go:607.2,607.27 1 1
github.com/LerianStudio/midaz/sdks/go-sdk/builders/transactions.go:607.27,609.3 1 1
github.com/LerianStudio/midaz/sdks/go-sdk/builders/transactions.go:612.2,650.24 3 1
github.com/LerianStudio/midaz/sdks/go-sdk/builders/transactions.go:650.25,653.3 0 1
github.com/LerianStudio/midaz/sdks/go-sdk/builders/transactions.go:656.2,656.28 1 1
github.com/LerianStudio/midaz/sdks/go-sdk/builders/transactions.go:656.29,659.3 0 1
github.com/LerianStudio/midaz/sdks/go-sdk/builders/transactions.go:662.2,662.41 1 1
github.com/LerianStudio/midaz/sdks/go-sdk/builders/transactions.go:662.41,664.3 1 0
github.com/LerianStudio/midaz/sdks/go-sdk/builders/transactions.go:667.2,667.68 1 1
github.com/LerianStudio/midaz/sdks/go-sdk/builders/transactions.go:718.62,725.2 1 1
github.com/LerianStudio/midaz/sdks/go-sdk/builders/transactions.go:728.78,731.2 2 1
github.com/LerianStudio/midaz/sdks/go-sdk/builders/transactions.go:734.75,737.2 2 1
github.com/LerianStudio/midaz/sdks/go-sdk/builders/transactions.go:740.83,746.2 3 1
github.com/LerianStudio/midaz/sdks/go-sdk/builders/transactions.go:749.79,752.2 2 1
github.com/LerianStudio/midaz/sdks/go-sdk/builders/transactions.go:755.83,758.2 2 1
github.com/LerianStudio/midaz/sdks/go-sdk/builders/transactions.go:761.85,762.29 1 0
github.com/LerianStudio/midaz/sdks/go-sdk/builders/transactions.go:762.29,764.3 1 0
github.com/LerianStudio/midaz/sdks/go-sdk/builders/transactions.go:766.2,766.10 1 0
github.com/LerianStudio/midaz/sdks/go-sdk/builders/transactions.go:770.67,771.15 1 1
github.com/LerianStudio/midaz/sdks/go-sdk/builders/transactions.go:771.15,774.22 2 1
github.com/LerianStudio/midaz/sdks/go-sdk/builders/transactions.go:774.22,777.29 2 1
github.com/LerianStudio/midaz/sdks/go-sdk/builders/transactions.go:777.29,778.14 1 1
github.com/LerianStudio/midaz/sdks/go-sdk/builders/transactions.go:778.14,780.6 1 0
github.com/LerianStudio/midaz/sdks/go-sdk/builders/transactions.go:782.5,782.17 1 1
github.com/LerianStudio/midaz/sdks/go-sdk/builders/transactions.go:785.4,785.32 1 1
github.com/LerianStudio/midaz/sdks/go-sdk/builders/transactions.go:789.2,789.10 1 1
github.com/LerianStudio/midaz/sdks/go-sdk/builders/transactions.go:793.71,794.19 1 0
github.com/LerianStudio/midaz/sdks/go-sdk/builders/transactions.go:794.19,799.30 3 0
github.com/LerianStudio/midaz/sdks/go-sdk/builders/transactions.go:799.30,800.13 1 0
github.com/LerianStudio/midaz/sdks/go-sdk/builders/transactions.go:800.13,802.5 1 0
github.com/LerianStudio/midaz/sdks/go-sdk/builders/transactions.go:804.4,804.18 1 0
github.com/LerianStudio/midaz/sdks/go-sdk/builders/transactions.go:807.3,807.31 1 0
github.com/LerianStudio/midaz/sdks/go-sdk/builders/transactions.go:810.2,810.10 1 0
github.com/LerianStudio/midaz/sdks/go-sdk/builders/transactions.go:814.81,816.22 2 0
github.com/LerianStudio/midaz/sdks/go-sdk/builders/transactions.go:816.22,818.3 1 0
github.com/LerianStudio/midaz/sdks/go-sdk/builders/transactions.go:820.2,820.10 1 0
github.com/LerianStudio/midaz/sdks/go-sdk/builders/transactions.go:824.78,826.15 2 0
github.com/LerianStudio/midaz/sdks/go-sdk/builders/transactions.go:826.15,828.3 1 0
github.com/LerianStudio/midaz/sdks/go-sdk/builders/transactions.go:830.2,830.10 1 0
github.com/LerianStudio/midaz/sdks/go-sdk/builders/transactions.go:834.80,837.2 2 1
github.com/LerianStudio/midaz/sdks/go-sdk/builders/transactions.go:883.87,885.37 1 1
github.com/LerianStudio/midaz/sdks/go-sdk/builders/transactions.go:885.37,887.3 1 0
github.com/LerianStudio/midaz/sdks/go-sdk/builders/transactions.go:889.2,889.27 1 1
github.com/LerianStudio/midaz/sdks/go-sdk/builders/transactions.go:889.27,891.3 1 1
github.com/LerianStudio/midaz/sdks/go-sdk/builders/transactions.go:894.2,932.24 3 1
github.com/LerianStudio/midaz/sdks/go-sdk/builders/transactions.go:932.25,935.3 0 0
github.com/LerianStudio/midaz/sdks/go-sdk/builders/transactions.go:938.2,938.28 1 1
github.com/LerianStudio/midaz/sdks/go-sdk/builders/transactions.go:938.29,941.3 0 0
github.com/LerianStudio/midaz/sdks/go-sdk/builders/transactions.go:944.2,944.41 1 1
github.com/LerianStudio/midaz/sdks/go-sdk/builders/transactions.go:944.41,946.3 1 0
github.com/LerianStudio/midaz/sdks/go-sdk/builders/transactions.go:949.2,949.68 1 1
github.com/LerianStudio/midaz/sdks/go-sdk/builders/transactions.go:1002.58,1009.2 1 1
github.com/LerianStudio/midaz/sdks/go-sdk/builders/transactions.go:1012.74,1015.2 2 1
github.com/LerianStudio/midaz/sdks/go-sdk/builders/transactions.go:1018.71,1021.2 2 1
github.com/LerianStudio/midaz/sdks/go-sdk/builders/transactions.go:1024.79,1030.2 3 1
github.com/LerianStudio/midaz/sdks/go-sdk/builders/transactions.go:1033.75,1036.2 2 1
github.com/LerianStudio/midaz/sdks/go-sdk/builders/transactions.go:1039.79,1042.2 2 1
github.com/LerianStudio/midaz/sdks/go-sdk/builders/transactions.go:1045.81,1046.29 1 0
github.com/LerianStudio/midaz/sdks/go-sdk/builders/transactions.go:1046.29,1048.3 1 0
github.com/LerianStudio/midaz/sdks/go-sdk/builders/transactions.go:1050.2,1050.10 1 0
github.com/LerianStudio/midaz/sdks/go-sdk/builders/transactions.go:1054.63,1055.15 1 1
github.com/LerianStudio/midaz/sdks/go-sdk/builders/transactions.go:1055.15,1058.22 2 1
github.com/LerianStudio/midaz/sdks/go-sdk/builders/transactions.go:1058.22,1061.29 2 1
github.com/LerianStudio/midaz/sdks/go-sdk/builders/transactions.go:1061.29,1062.14 1 1
github.com/LerianStudio/midaz/sdks/go-sdk/builders/transactions.go:1062.14,1064.6 1 0
github.com/LerianStudio/midaz/sdks/go-sdk/builders/transactions.go:1066.5,1066.17 1 1
github.com/LerianStudio/midaz/sdks/go-sdk/builders/transactions.go:1069.4,1069.32 1 1
github.com/LerianStudio/midaz/sdks/go-sdk/builders/transactions.go:1073.2,1073.10 1 1
github.com/LerianStudio/midaz/sdks/go-sdk/builders/transactions.go:1077.67,1078.19 1 0
github.com/LerianStudio/midaz/sdks/go-sdk/builders/transactions.go:1078.19,1083.30 3 0
github.com/LerianStudio/midaz/sdks/go-sdk/builders/transactions.go:1083.30,1084.13 1 0
github.com/LerianStudio/midaz/sdks/go-sdk/builders/transactions.go:1084.13,1086.5 1 0
github.com/LerianStudio/midaz/sdks/go-sdk/builders/transactions.go:1088.4,1088.18 1 0
github.com/LerianStudio/midaz/sdks/go-sdk/builders/transactions.go:1091.3,1091.31 1 0
github.com/LerianStudio/midaz/sdks/go-sdk/builders/transactions.go:1094.2,1094.10 1 0
github.com/LerianStudio/midaz/sdks/go-sdk/builders/transactions.go:1098.77,1100.22 2 0
github.com/LerianStudio/midaz/sdks/go-sdk/builders/transactions.go:1100.22,1102.3 1 0
github.com/LerianStudio/midaz/sdks/go-sdk/builders/transactions.go:1104.2,1104.10 1 0
github.com/LerianStudio/midaz/sdks/go-sdk/builders/transactions.go:1108.74,1110.15 2 0
github.com/LerianStudio/midaz/sdks/go-sdk/builders/transactions.go:1110.15,1112.3 1 0
github.com/LerianStudio/midaz/sdks/go-sdk/builders/transactions.go:1114.2,1114.10 1 0
github.com/LerianStudio/midaz/sdks/go-sdk/builders/transactions.go:1118.76,1121.2 2 1
github.com/LerianStudio/midaz/sdks/go-sdk/builders/transactions.go:1124.74,1127.2 2 1
github.com/LerianStudio/midaz/sdks/go-sdk/builders/transactions.go:1174.85,1176.37 1 1
github.com/LerianStudio/midaz/sdks/go-sdk/builders/transactions.go:1176.37,1178.3 1 0
github.com/LerianStudio/midaz/sdks/go-sdk/builders/transactions.go:1180.2,1180.27 1 1
github.com/LerianStudio/midaz/sdks/go-sdk/builders/transactions.go:1180.27,1182.3 1 1
github.com/LerianStudio/midaz/sdks/go-sdk/builders/transactions.go:1184.2,1184.27 1 1
github.com/LerianStudio/midaz/sdks/go-sdk/builders/transactions.go:1184.27,1186.3 1 1
github.com/LerianStudio/midaz/sdks/go-sdk/builders/transactions.go:1188.2,1188.40 1 1
github.com/LerianStudio/midaz/sdks/go-sdk/builders/transactions.go:1188.40,1190.3 1 1
github.com/LerianStudio/midaz/sdks/go-sdk/builders/transactions.go:1193.2,1228.41 2 1
github.com/LerianStudio/midaz/sdks/go-sdk/builders/transactions.go:1228.41,1230.3 1 0
github.com/LerianStudio/midaz/sdks/go-sdk/builders/transactions.go:1233.2,1233.68 1 1
github.com/LerianStudio/midaz/sdks/go-sdk/internal/api/errors.go:60.36,61.18 1 1
github.com/LerianStudio/midaz/sdks/go-sdk/internal/api/errors.go:61.18,63.3 1 1
github.com/LerianStudio/midaz/sdks/go-sdk/internal/api/errors.go:65.2,65.18 1 1
github.com/LerianStudio/midaz/sdks/go-sdk/internal/api/errors.go:69.38,71.2 1 1
github.com/LerianStudio/midaz/sdks/go-sdk/internal/api/errors.go:82.115,93.2 1 1
github.com/LerianStudio/midaz/sdks/go-sdk/internal/api/errors.go:96.35,99.23 2 1
github.com/LerianStudio/midaz/sdks/go-sdk/internal/api/errors.go:99.23,101.3 1 1
github.com/LerianStudio/midaz/sdks/go-sdk/internal/api/errors.go:103.2,103.75 1 1
github.com/LerianStudio/midaz/sdks/go-sdk/internal/api/errors.go:114.140,126.2 1 1
github.com/LerianStudio/midaz/sdks/go-sdk/internal/api/errors.go:129.42,132.23 2 1
github.com/LerianStudio/midaz/sdks/go-sdk/internal/api/errors.go:132.23,134.3 1 1
github.com/LerianStudio/midaz/sdks/go-sdk/internal/api/errors.go:136.2,136.55 1 1
github.com/LerianStudio/midaz/sdks/go-sdk/internal/api/errors.go:145.98,148.22 2 1
github.com/LerianStudio/midaz/sdks/go-sdk/internal/api/errors.go:148.22,150.3 1 1
github.com/LerianStudio/midaz/sdks/go-sdk/internal/api/errors.go:152.2,160.3 1 1
github.com/LerianStudio/midaz/sdks/go-sdk/internal/api/errors.go:169.98,172.22 2 1
github.com/LerianStudio/midaz/sdks/go-sdk/internal/api/errors.go:172.22,174.3 1 1
github.com/LerianStudio/midaz/sdks/go-sdk/internal/api/errors.go:176.2,184.3 1 1
github.com/LerianStudio/midaz/sdks/go-sdk/internal/api/errors.go:193.79,202.2 1 1
github.com/LerianStudio/midaz/sdks/go-sdk/internal/api/errors.go:210.77,219.2 1 1
github.com/LerianStudio/midaz/sdks/go-sdk/internal/api/errors.go:227.114,237.2 1 1
github.com/LerianStudio/midaz/sdks/go-sdk/internal/api/errors.go:246.47,255.2 1 1
github.com/LerianStudio/midaz/sdks/go-sdk/internal/api/errors.go:264.53,273.2 1 1
github.com/LerianStudio/midaz/sdks/go-sdk/internal/api/errors.go:282.49,291.2 1 1
github.com/LerianStudio/midaz/sdks/go-sdk/internal/api/errors.go:303.68,314.43 6 1
github.com/LerianStudio/midaz/sdks/go-sdk/internal/api/errors.go:314.43,316.3 1 1
github.com/LerianStudio/midaz/sdks/go-sdk/internal/api/errors.go:319.2,319.19 1 1
github.com/LerianStudio/midaz/sdks/go-sdk/internal/api/errors.go:319.19,321.3 1 1
github.com/LerianStudio/midaz/sdks/go-sdk/internal/api/errors.go:324.2,324.20 1 1
github.com/LerianStudio/midaz/sdks/go-sdk/internal/api/errors.go:325.31,326.57 1 1
github.com/LerianStudio/midaz/sdks/go-sdk/internal/api/errors.go:328.28,329.56 1 1
github.com/LerianStudio/midaz/sdks/go-sdk/internal/api/errors.go:331.27,332.79 1 1
github.com/LerianStudio/midaz/sdks/go-sdk/internal/api/errors.go:334.27,335.79 1 1
github.com/LerianStudio/midaz/sdks/go-sdk/internal/api/errors.go:337.29,338.98 1 1
github.com/LerianStudio/midaz/sdks/go-sdk/internal/api/errors.go:340.38,341.87 1 1
github.com/LerianStudio/midaz/sdks/go-sdk/internal/api/errors.go:343.10,344.74 1 1
github.com/LerianStudio/midaz/sdks/go-sdk/internal/config/config.go:56.43,57.25 1 1
github.com/LerianStudio/midaz/sdks/go-sdk/internal/config/config.go:57.25,59.3 1 1
github.com/LerianStudio/midaz/sdks/go-sdk/internal/config/config.go:63.44,64.25 1 1
github.com/LerianStudio/midaz/sdks/go-sdk/internal/config/config.go:64.25,66.3 1 1
github.com/LerianStudio/midaz/sdks/go-sdk/internal/config/config.go:71.41,72.25 1 1
github.com/LerianStudio/midaz/sdks/go-sdk/internal/config/config.go:72.25,76.3 2 1
github.com/LerianStudio/midaz/sdks/go-sdk/internal/config/config.go:80.41,81.25 1 1
github.com/LerianStudio/midaz/sdks/go-sdk/internal/config/config.go:81.25,83.3 1 1
github.com/LerianStudio/midaz/sdks/go-sdk/internal/config/config.go:87.38,88.25 1 1
github.com/LerianStudio/midaz/sdks/go-sdk/internal/config/config.go:88.25,90.3 1 1
github.com/LerianStudio/midaz/sdks/go-sdk/internal/config/config.go:94.45,95.25 1 1
github.com/LerianStudio/midaz/sdks/go-sdk/internal/config/config.go:95.25,97.3 1 1
github.com/LerianStudio/midaz/sdks/go-sdk/internal/config/config.go:101.44,102.25 1 1
github.com/LerianStudio/midaz/sdks/go-sdk/internal/config/config.go:102.25,104.3 1 1
github.com/LerianStudio/midaz/sdks/go-sdk/internal/config/config.go:108.58,109.25 1 1
github.com/LerianStudio/midaz/sdks/go-sdk/internal/config/config.go:109.25,111.3 1 1
github.com/LerianStudio/midaz/sdks/go-sdk/internal/config/config.go:115.58,116.25 1 1
github.com/LerianStudio/midaz/sdks/go-sdk/internal/config/config.go:116.25,118.3 1 1
github.com/LerianStudio/midaz/sdks/go-sdk/internal/config/config.go:122.35,123.25 1 1
github.com/LerianStudio/midaz/sdks/go-sdk/internal/config/config.go:123.25,125.3 1 1
github.com/LerianStudio/midaz/sdks/go-sdk/internal/config/config.go:129.43,142.33 2 1
github.com/LerianStudio/midaz/sdks/go-sdk/internal/config/config.go:142.33,144.3 1 1
github.com/LerianStudio/midaz/sdks/go-sdk/internal/config/config.go:146.2,146.15 1 1
github.com/LerianStudio/midaz/sdks/go-sdk/internal/config/config.go:150.47,156.2 1 1
github.com/LerianStudio/midaz/sdks/go-sdk/entities/accounts.go:73.111,79.2 1 1
github.com/LerianStudio/midaz/sdks/go-sdk/entities/accounts.go:82.165,83.26 1 0
github.com/LerianStudio/midaz/sdks/go-sdk/entities/accounts.go:83.26,85.3 1 0
github.com/LerianStudio/midaz/sdks/go-sdk/entities/accounts.go:87.2,87.20 1 0
github.com/LerianStudio/midaz/sdks/go-sdk/entities/accounts.go:87.20,89.3 1 0
github.com/LerianStudio/midaz/sdks/go-sdk/entities/accounts.go:91.2,95.16 3 0
github.com/LerianStudio/midaz/sdks/go-sdk/entities/accounts.go:95.16,97.3 1 0
github.com/LerianStudio/midaz/sdks/go-sdk/entities/accounts.go:100.2,100.17 1 0
github.com/LerianStudio/midaz/sdks/go-sdk/entities/accounts.go:100.17,103.48 2 0
github.com/LerianStudio/midaz/sdks/go-sdk/entities/accounts.go:103.48,105.4 1 0
github.com/LerianStudio/midaz/sdks/go-sdk/entities/accounts.go:107.3,107.32 1 0
github.com/LerianStudio/midaz/sdks/go-sdk/entities/accounts.go:111.2,115.16 3 0
github.com/LerianStudio/midaz/sdks/go-sdk/entities/accounts.go:115.16,117.3 1 0
github.com/LerianStudio/midaz/sdks/go-sdk/entities/accounts.go:119.2,123.69 3 0
github.com/LerianStudio/midaz/sdks/go-sdk/entities/accounts.go:123.69,125.3 1 0
github.com/LerianStudio/midaz/sdks/go-sdk/entities/accounts.go:127.2,127.23 1 0
github.com/LerianStudio/midaz/sdks/go-sdk/entities/accounts.go:131.120,132.26 1 0
github.com/LerianStudio/midaz/sdks/go-sdk/entities/accounts.go:132.26,134.3 1 0
github.com/LerianStudio/midaz/sdks/go-sdk/entities/accounts.go:136.2,136.20 1 0
github.com/LerianStudio/midaz/sdks/go-sdk/entities/accounts.go:136.20,138.3 1 0
github.com/LerianStudio/midaz/sdks/go-sdk/entities/accounts.go:140.2,140.14 1 0
github.com/LerianStudio/midaz/sdks/go-sdk/entities/accounts.go:140.14,142.3 1 0
github.com/LerianStudio/midaz/sdks/go-sdk/entities/accounts.go:144.2,148.16 3 0
github.com/LerianStudio/midaz/sdks/go-sdk/entities/accounts.go:148.16,150.3 1 0
github.com/LerianStudio/midaz/sdks/go-sdk/entities/accounts.go:153.2,157.16 3 0
github.com/LerianStudio/midaz/sdks/go-sdk/entities/accounts.go:157.16,159.3 1 0
github.com/LerianStudio/midaz/sdks/go-sdk/entities/accounts.go:161.2,165.68 3 0
github.com/LerianStudio/midaz/sdks/go-sdk/entities/accounts.go:165.68,167.3 1 0
github.com/LerianStudio/midaz/sdks/go-sdk/entities/accounts.go:169.2,169.22 1 0
github.com/LerianStudio/midaz/sdks/go-sdk/entities/accounts.go:173.130,174.26 1 0
github.com/LerianStudio/midaz/sdks/go-sdk/entities/accounts.go:174.26,176.3 1 0
github.com/LerianStudio/midaz/sdks/go-sdk/entities/accounts.go:178.2,178.20 1 0
github.com/LerianStudio/midaz/sdks/go-sdk/entities/accounts.go:178.20,180.3 1 0
github.com/LerianStudio/midaz/sdks/go-sdk/entities/accounts.go:182.2,182.17 1 0
github.com/LerianStudio/midaz/sdks/go-sdk/entities/accounts.go:182.17,184.3 1 0
github.com/LerianStudio/midaz/sdks/go-sdk/entities/accounts.go:186.2,190.16 3 0
github.com/LerianStudio/midaz/sdks/go-sdk/entities/accounts.go:190.16,192.3 1 0
github.com/LerianStudio/midaz/sdks/go-sdk/entities/accounts.go:195.2,199.16 3 0
github.com/LerianStudio/midaz/sdks/go-sdk/entities/accounts.go:199.16,201.3 1 0
github.com/LerianStudio/midaz/sdks/go-sdk/entities/accounts.go:203.2,207.68 3 0
github.com/LerianStudio/midaz/sdks/go-sdk/entities/accounts.go:207.68,209.3 1 0
github.com/LerianStudio/midaz/sdks/go-sdk/entities/accounts.go:211.2,211.22 1 0
github.com/LerianStudio/midaz/sdks/go-sdk/entities/accounts.go:215.153,216.26 1 0
github.com/LerianStudio/midaz/sdks/go-sdk/entities/accounts.go:216.26,218.3 1 0
github.com/LerianStudio/midaz/sdks/go-sdk/entities/accounts.go:220.2,220.20 1 0
github.com/LerianStudio/midaz/sdks/go-sdk/entities/accounts.go:220.20,222.3 1 0
github.com/LerianStudio/midaz/sdks/go-sdk/entities/accounts.go:224.2,224.18 1 0
github.com/LerianStudio/midaz/sdks/go-sdk/entities/accounts.go:224.18,226.3 1 0
github.com/LerianStudio/midaz/sdks/go-sdk/entities/accounts.go:229.2,229.41 1 0
github.com/LerianStudio/midaz/sdks/go-sdk/entities/accounts.go:229.41,231.3 1 0
github.com/LerianStudio/midaz/sdks/go-sdk/entities/accounts.go:233.2,237.16 3 0
github.com/LerianStudio/midaz/sdks/go-sdk/entities/accounts.go:237.16,239.3 1 0
github.com/LerianStudio/midaz/sdks/go-sdk/entities/accounts.go:241.2,243.16 2 0
github.com/LerianStudio/midaz/sdks/go-sdk/entities/accounts.go:243.16,245.3 1 0
github.com/LerianStudio/midaz/sdks/go-sdk/entities/accounts.go:248.2,252.16 3 0
github.com/LerianStudio/midaz/sdks/go-sdk/entities/accounts.go:252.16,254.3 1 0
github.com/LerianStudio/midaz/sdks/go-sdk/entities/accounts.go:256.2,260.68 3 0
github.com/LerianStudio/midaz/sdks/go-sdk/entities/accounts.go:260.68,262.3 1 0
github.com/LerianStudio/midaz/sdks/go-sdk/entities/accounts.go:264.2,264.22 1 0
github.com/LerianStudio/midaz/sdks/go-sdk/entities/accounts.go:268.157,269.26 1 0
github.com/LerianStudio/midaz/sdks/go-sdk/entities/accounts.go:269.26,271.3 1 0
github.com/LerianStudio/midaz/sdks/go-sdk/entities/accounts.go:273.2,273.20 1 0
github.com/LerianStudio/midaz/sdks/go-sdk/entities/accounts.go:273.20,275.3 1 0
github.com/LerianStudio/midaz/sdks/go-sdk/entities/accounts.go:277.2,277.14 1 0
github.com/LerianStudio/midaz/sdks/go-sdk/entities/accounts.go:277.14,279.3 1 0
github.com/LerianStudio/midaz/sdks/go-sdk/entities/accounts.go:281.2,281.18 1 0
github.com/LerianStudio/midaz/sdks/go-sdk/entities/accounts.go:281.18,283.3 1 0
github.com/LerianStudio/midaz/sdks/go-sdk/entities/accounts.go:286.2,286.41 1 0
github.com/LerianStudio/midaz/sdks/go-sdk/entities/accounts.go:286.41,288.3 1 0
github.com/LerianStudio/midaz/sdks/go-sdk/entities/accounts.go:290.2,294.16 3 0
github.com/LerianStudio/midaz/sdks/go-sdk/entities/accounts.go:294.16,296.3 1 0
github.com/LerianStudio/midaz/sdks/go-sdk/entities/accounts.go:298.2,300.16 2 0
github.com/LerianStudio/midaz/sdks/go-sdk/entities/accounts.go:300.16,302.3 1 0
github.com/LerianStudio/midaz/sdks/go-sdk/entities/accounts.go:305.2,309.16 3 0
github.com/LerianStudio/midaz/sdks/go-sdk/entities/accounts.go:309.16,311.3 1 0
github.com/LerianStudio/midaz/sdks/go-sdk/entities/accounts.go:313.2,317.68 3 0
github.com/LerianStudio/midaz/sdks/go-sdk/entities/accounts.go:317.68,319.3 1 0
github.com/LerianStudio/midaz/sdks/go-sdk/entities/accounts.go:321.2,321.22 1 0
github.com/LerianStudio/midaz/sdks/go-sdk/entities/accounts.go:325.104,326.26 1 0
github.com/LerianStudio/midaz/sdks/go-sdk/entities/accounts.go:326.26,328.3 1 0
github.com/LerianStudio/midaz/sdks/go-sdk/entities/accounts.go:330.2,330.20 1 0
github.com/LerianStudio/midaz/sdks/go-sdk/entities/accounts.go:330.20,332.3 1 0
github.com/LerianStudio/midaz/sdks/go-sdk/entities/accounts.go:334.2,334.14 1 0
github.com/LerianStudio/midaz/sdks/go-sdk/entities/accounts.go:334.14,336.3 1 0
github.com/LerianStudio/midaz/sdks/go-sdk/entities/accounts.go:338.2,342.16 3 0
github.com/LerianStudio/midaz/sdks/go-sdk/entities/accounts.go:342.16,344.3 1 0
github.com/LerianStudio/midaz/sdks/go-sdk/entities/accounts.go:347.2,351.16 3 0
github.com/LerianStudio/midaz/sdks/go-sdk/entities/accounts.go:351.16,353.3 1 0
github.com/LerianStudio/midaz/sdks/go-sdk/entities/accounts.go:355.2,357.12 2 0
github.com/LerianStudio/midaz/sdks/go-sdk/entities/accounts.go:361.127,362.26 1 0
github.com/LerianStudio/midaz/sdks/go-sdk/entities/accounts.go:362.26,364.3 1 0
github.com/LerianStudio/midaz/sdks/go-sdk/entities/accounts.go:366.2,366.20 1 0
github.com/LerianStudio/midaz/sdks/go-sdk/entities/accounts.go:366.20,368.3 1 0
github.com/LerianStudio/midaz/sdks/go-sdk/entities/accounts.go:370.2,370.21 1 0
github.com/LerianStudio/midaz/sdks/go-sdk/entities/accounts.go:370.21,372.3 1 0
github.com/LerianStudio/midaz/sdks/go-sdk/entities/accounts.go:375.2,377.16 2 0
github.com/LerianStudio/midaz/sdks/go-sdk/entities/accounts.go:377.16,379.3 1 0
github.com/LerianStudio/midaz/sdks/go-sdk/entities/accounts.go:381.2,381.50 1 0
github.com/LerianStudio/midaz/sdks/go-sdk/entities/accounts.go:381.50,383.3 1 0
github.com/LerianStudio/midaz/sdks/go-sdk/entities/accounts.go:386.2,393.16 5 0
github.com/LerianStudio/midaz/sdks/go-sdk/entities/accounts.go:393.16,395.3 1 0
github.com/LerianStudio/midaz/sdks/go-sdk/entities/accounts.go:398.2,402.16 3 0
github.com/LerianStudio/midaz/sdks/go-sdk/entities/accounts.go:402.16,404.3 1 0
github.com/LerianStudio/midaz/sdks/go-sdk/entities/accounts.go:406.2,410.68 3 0
github.com/LerianStudio/midaz/sdks/go-sdk/entities/accounts.go:410.68,412.3 1 0
github.com/LerianStudio/midaz/sdks/go-sdk/entities/accounts.go:414.2,414.22 1 0
github.com/LerianStudio/midaz/sdks/go-sdk/entities/accounts.go:418.86,420.21 2 0
github.com/LerianStudio/midaz/sdks/go-sdk/entities/accounts.go:420.21,422.3 1 0
github.com/LerianStudio/midaz/sdks/go-sdk/entities/accounts.go:423.2,423.109 1 0
github.com/LerianStudio/midaz/sdks/go-sdk/entities/accounts.go:427.62,430.2 2 0
github.com/LerianStudio/midaz/sdks/go-sdk/entities/asset_rates.go:42.115,48.2 1 1
github.com/LerianStudio/midaz/sdks/go-sdk/entities/asset_rates.go:51.161,52.26 1 1
github.com/LerianStudio/midaz/sdks/go-sdk/entities/asset_rates.go:52.26,54.3 1 1
github.com/LerianStudio/midaz/sdks/go-sdk/entities/asset_rates.go:56.2,56.20 1 1
github.com/LerianStudio/midaz/sdks/go-sdk/entities/asset_rates.go:56.20,58.3 1 1
github.com/LerianStudio/midaz/sdks/go-sdk/entities/asset_rates.go:60.2,60.27 1 1
github.com/LerianStudio/midaz/sdks/go-sdk/entities/asset_rates.go:60.27,62.3 1 1
github.com/LerianStudio/midaz/sdks/go-sdk/entities/asset_rates.go:64.2,64.32 1 1
github.com/LerianStudio/midaz/sdks/go-sdk/entities/asset_rates.go:64.32,66.3 1 1
github.com/LerianStudio/midaz/sdks/go-sdk/entities/asset_rates.go:68.2,72.16 3 1
github.com/LerianStudio/midaz/sdks/go-sdk/entities/asset_rates.go:72.16,74.3 1 0
github.com/LerianStudio/midaz/sdks/go-sdk/entities/asset_rates.go:76.2,80.16 3 1
github.com/LerianStudio/midaz/sdks/go-sdk/entities/asset_rates.go:80.16,82.3 1 0
github.com/LerianStudio/midaz/sdks/go-sdk/entities/asset_rates.go:84.2,87.28 2 1
github.com/LerianStudio/midaz/sdks/go-sdk/entities/asset_rates.go:87.28,90.3 2 1
github.com/LerianStudio/midaz/sdks/go-sdk/entities/asset_rates.go:92.2,94.70 2 1
github.com/LerianStudio/midaz/sdks/go-sdk/entities/asset_rates.go:94.70,96.3 1 0
github.com/LerianStudio/midaz/sdks/go-sdk/entities/asset_rates.go:98.2,98.24 1 1
github.com/LerianStudio/midaz/sdks/go-sdk/entities/asset_rates.go:102.169,103.26 1 1
github.com/LerianStudio/midaz/sdks/go-sdk/entities/asset_rates.go:103.26,105.3 1 1
github.com/LerianStudio/midaz/sdks/go-sdk/entities/asset_rates.go:107.2,107.20 1 1
github.com/LerianStudio/midaz/sdks/go-sdk/entities/asset_rates.go:107.20,109.3 1 1
github.com/LerianStudio/midaz/sdks/go-sdk/entities/asset_rates.go:111.2,111.18 1 1
github.com/LerianStudio/midaz/sdks/go-sdk/entities/asset_rates.go:111.18,113.3 1 1
github.com/LerianStudio/midaz/sdks/go-sdk/entities/asset_rates.go:115.2,115.41 1 1
github.com/LerianStudio/midaz/sdks/go-sdk/entities/asset_rates.go:115.41,117.3 1 1
github.com/LerianStudio/midaz/sdks/go-sdk/entities/asset_rates.go:119.2,123.16 3 1
github.com/LerianStudio/midaz/sdks/go-sdk/entities/asset_rates.go:123.16,125.3 1 0
github.com/LerianStudio/midaz/sdks/go-sdk/entities/asset_rates.go:127.2,129.16 2 1
github.com/LerianStudio/midaz/sdks/go-sdk/entities/asset_rates.go:129.16,131.3 1 0
github.com/LerianStudio/midaz/sdks/go-sdk/entities/asset_rates.go:133.2,137.16 3 1
github.com/LerianStudio/midaz/sdks/go-sdk/entities/asset_rates.go:137.16,139.3 1 0
github.com/LerianStudio/midaz/sdks/go-sdk/entities/asset_rates.go:141.2,144.28 2 1
github.com/LerianStudio/midaz/sdks/go-sdk/entities/asset_rates.go:144.28,147.3 2 1
github.com/LerianStudio/midaz/sdks/go-sdk/entities/asset_rates.go:149.2,151.70 2 1
github.com/LerianStudio/midaz/sdks/go-sdk/entities/asset_rates.go:151.70,153.3 1 0
github.com/LerianStudio/midaz/sdks/go-sdk/entities/asset_rates.go:155.2,155.24 1 1
github.com/LerianStudio/midaz/sdks/go-sdk/entities/asset_rates.go:159.84,162.17 3 1
github.com/LerianStudio/midaz/sdks/go-sdk/entities/asset_rates.go:162.17,164.3 1 1
github.com/LerianStudio/midaz/sdks/go-sdk/entities/asset_rates.go:165.2,165.12 1 1
github.com/LerianStudio/midaz/sdks/go-sdk/entities/asset_rates.go:169.64,172.2 2 1
github.com/LerianStudio/midaz/sdks/go-sdk/entities/assets.go:59.107,65.2 1 1
github.com/LerianStudio/midaz/sdks/go-sdk/entities/assets.go:75.47,76.26 1 0
github.com/LerianStudio/midaz/sdks/go-sdk/entities/assets.go:76.26,78.3 1 0
github.com/LerianStudio/midaz/sdks/go-sdk/entities/assets.go:80.2,80.20 1 0
github.com/LerianStudio/midaz/sdks/go-sdk/entities/assets.go:80.20,82.3 1 0
github.com/LerianStudio/midaz/sdks/go-sdk/entities/assets.go:84.2,88.16 3 0
github.com/LerianStudio/midaz/sdks/go-sdk/entities/assets.go:88.16,90.3 1 0
github.com/LerianStudio/midaz/sdks/go-sdk/entities/assets.go:93.2,93.17 1 0
github.com/LerianStudio/midaz/sdks/go-sdk/entities/assets.go:93.17,96.48 2 0
github.com/LerianStudio/midaz/sdks/go-sdk/entities/assets.go:96.48,98.4 1 0
github.com/LerianStudio/midaz/sdks/go-sdk/entities/assets.go:100.3,100.32 1 0
github.com/LerianStudio/midaz/sdks/go-sdk/entities/assets.go:104.2,108.16 3 0
github.com/LerianStudio/midaz/sdks/go-sdk/entities/assets.go:108.16,110.3 1 0
github.com/LerianStudio/midaz/sdks/go-sdk/entities/assets.go:112.2,116.69 3 0
github.com/LerianStudio/midaz/sdks/go-sdk/entities/assets.go:116.69,118.3 1 0
github.com/LerianStudio/midaz/sdks/go-sdk/entities/assets.go:120.2,120.23 1 0
github.com/LerianStudio/midaz/sdks/go-sdk/entities/assets.go:130.26,131.26 1 0
github.com/LerianStudio/midaz/sdks/go-sdk/entities/assets.go:131.26,133.3 1 0
github.com/LerianStudio/midaz/sdks/go-sdk/entities/assets.go:135.2,135.20 1 0
github.com/LerianStudio/midaz/sdks/go-sdk/entities/assets.go:135.20,137.3 1 0
github.com/LerianStudio/midaz/sdks/go-sdk/entities/assets.go:139.2,139.14 1 0
github.com/LerianStudio/midaz/sdks/go-sdk/entities/assets.go:139.14,141.3 1 0
github.com/LerianStudio/midaz/sdks/go-sdk/entities/assets.go:143.2,147.16 3 0
github.com/LerianStudio/midaz/sdks/go-sdk/entities/assets.go:147.16,149.3 1 0
github.com/LerianStudio/midaz/sdks/go-sdk/entities/assets.go:152.2,156.16 3 0
github.com/LerianStudio/midaz/sdks/go-sdk/entities/assets.go:156.16,158.3 1 0
github.com/LerianStudio/midaz/sdks/go-sdk/entities/assets.go:160.2,164.66 3 0
github.com/LerianStudio/midaz/sdks/go-sdk/entities/assets.go:164.66,166.3 1 0
github.com/LerianStudio/midaz/sdks/go-sdk/entities/assets.go:168.2,168.20 1 0
github.com/LerianStudio/midaz/sdks/go-sdk/entities/assets.go:179.26,180.26 1 0
github.com/LerianStudio/midaz/sdks/go-sdk/entities/assets.go:180.26,182.3 1 0
github.com/LerianStudio/midaz/sdks/go-sdk/entities/assets.go:184.2,184.20 1 0
github.com/LerianStudio/midaz/sdks/go-sdk/entities/assets.go:184.20,186.3 1 0
github.com/LerianStudio/midaz/sdks/go-sdk/entities/assets.go:188.2,188.18 1 0
github.com/LerianStudio/midaz/sdks/go-sdk/entities/assets.go:188.18,190.3 1 0
github.com/LerianStudio/midaz/sdks/go-sdk/entities/assets.go:193.2,193.41 1 0
github.com/LerianStudio/midaz/sdks/go-sdk/entities/assets.go:193.41,195.3 1 0
github.com/LerianStudio/midaz/sdks/go-sdk/entities/assets.go:197.2,201.16 3 0
github.com/LerianStudio/midaz/sdks/go-sdk/entities/assets.go:201.16,203.3 1 0
github.com/LerianStudio/midaz/sdks/go-sdk/entities/assets.go:205.2,207.16 2 0
github.com/LerianStudio/midaz/sdks/go-sdk/entities/assets.go:207.16,209.3 1 0
github.com/LerianStudio/midaz/sdks/go-sdk/entities/assets.go:212.2,216.16 3 0
github.com/LerianStudio/midaz/sdks/go-sdk/entities/assets.go:216.16,218.3 1 0
github.com/LerianStudio/midaz/sdks/go-sdk/entities/assets.go:220.2,224.66 3 0
github.com/LerianStudio/midaz/sdks/go-sdk/entities/assets.go:224.66,226.3 1 0
github.com/LerianStudio/midaz/sdks/go-sdk/entities/assets.go:228.2,228.20 1 0
github.com/LerianStudio/midaz/sdks/go-sdk/entities/assets.go:240.26,241.26 1 0
github.com/LerianStudio/midaz/sdks/go-sdk/entities/assets.go:241.26,243.3 1 0
github.com/LerianStudio/midaz/sdks/go-sdk/entities/assets.go:245.2,245.20 1 0
github.com/LerianStudio/midaz/sdks/go-sdk/entities/assets.go:245.20,247.3 1 0
github.com/LerianStudio/midaz/sdks/go-sdk/entities/assets.go:249.2,249.14 1 0
github.com/LerianStudio/midaz/sdks/go-sdk/entities/assets.go:249.14,251.3 1 0
github.com/LerianStudio/midaz/sdks/go-sdk/entities/assets.go:253.2,253.18 1 0
github.com/LerianStudio/midaz/sdks/go-sdk/entities/assets.go:253.18,255.3 1 0
github.com/LerianStudio/midaz/sdks/go-sdk/entities/assets.go:258.2,258.41 1 0
github.com/LerianStudio/midaz/sdks/go-sdk/entities/assets.go:258.41,260.3 1 0
github.com/LerianStudio/midaz/sdks/go-sdk/entities/assets.go:262.2,266.16 3 0
github.com/LerianStudio/midaz/sdks/go-sdk/entities/assets.go:266.16,268.3 1 0
github.com/LerianStudio/midaz/sdks/go-sdk/entities/assets.go:270.2,272.16 2 0
github.com/LerianStudio/midaz/sdks/go-sdk/entities/assets.go:272.16,274.3 1 0
github.com/LerianStudio/midaz/sdks/go-sdk/entities/assets.go:277.2,281.16 3 0
github.com/LerianStudio/midaz/sdks/go-sdk/entities/assets.go:281.16,283.3 1 0
github.com/LerianStudio/midaz/sdks/go-sdk/entities/assets.go:285.2,289.66 3 0
github.com/LerianStudio/midaz/sdks/go-sdk/entities/assets.go:289.66,291.3 1 0
github.com/LerianStudio/midaz/sdks/go-sdk/entities/assets.go:293.2,293.20 1 0
github.com/LerianStudio/midaz/sdks/go-sdk/entities/assets.go:303.9,304.26 1 0
github.com/LerianStudio/midaz/sdks/go-sdk/entities/assets.go:304.26,306.3 1 0
github.com/LerianStudio/midaz/sdks/go-sdk/entities/assets.go:308.2,308.20 1 0
github.com/LerianStudio/midaz/sdks/go-sdk/entities/assets.go:308.20,310.3 1 0
github.com/LerianStudio/midaz/sdks/go-sdk/entities/assets.go:312.2,312.14 1 0
github.com/LerianStudio/midaz/sdks/go-sdk/entities/assets.go:312.14,314.3 1 0
github.com/LerianStudio/midaz/sdks/go-sdk/entities/assets.go:316.2,320.16 3 0
github.com/LerianStudio/midaz/sdks/go-sdk/entities/assets.go:320.16,322.3 1 0
github.com/LerianStudio/midaz/sdks/go-sdk/entities/assets.go:325.2,329.16 3 0
github.com/LerianStudio/midaz/sdks/go-sdk/entities/assets.go:329.16,331.3 1 0
github.com/LerianStudio/midaz/sdks/go-sdk/entities/assets.go:333.2,335.12 2 0
github.com/LerianStudio/midaz/sdks/go-sdk/entities/assets.go:342.82,344.19 2 0
github.com/LerianStudio/midaz/sdks/go-sdk/entities/assets.go:344.19,346.3 1 0
github.com/LerianStudio/midaz/sdks/go-sdk/entities/assets.go:347.2,347.105 1 0
github.com/LerianStudio/midaz/sdks/go-sdk/entities/assets.go:353.60,356.2 2 0
github.com/LerianStudio/midaz/sdks/go-sdk/entities/balances.go:59.111,65.2 1 1
github.com/LerianStudio/midaz/sdks/go-sdk/entities/balances.go:76.49,77.17 1 1
github.com/LerianStudio/midaz/sdks/go-sdk/entities/balances.go:77.17,79.3 1 1
github.com/LerianStudio/midaz/sdks/go-sdk/entities/balances.go:81.2,81.20 1 1
[...]
github.com/LerianStudio/midaz/sdks/go-sdk/internal/utils/conversion.go:188.15,190.3 1 1
github.com/LerianStudio/midaz/sdks/go-sdk/internal/utils/conversion.go:193.2,204.26 5 1
github.com/LerianStudio/midaz/sdks/go-sdk/internal/utils/conversion.go:204.26,207.25 2 1
github.com/LerianStudio/midaz/sdks/go-sdk/internal/utils/conversion.go:207.25,209.4 1 1
github.com/LerianStudio/midaz/sdks/go-sdk/internal/utils/conversion.go:213.2,213.28 1 1
github.com/LerianStudio/midaz/sdks/go-sdk/internal/utils/conversion.go:213.28,216.24 2 1
github.com/LerianStudio/midaz/sdks/go-sdk/internal/utils/conversion.go:216.24,218.4 1 1
github.com/LerianStudio/midaz/sdks/go-sdk/internal/utils/conversion.go:222.2,224.16 2 1
github.com/LerianStudio/midaz/sdks/go-sdk/internal/utils/conversion.go:228.62,233.28 2 1
github.com/LerianStudio/midaz/sdks/go-sdk/internal/utils/conversion.go:233.28,238.36 3 1
github.com/LerianStudio/midaz/sdks/go-sdk/internal/utils/conversion.go:238.36,239.83 1 1
github.com/LerianStudio/midaz/sdks/go-sdk/internal/utils/conversion.go:239.83,241.5 1 1
github.com/LerianStudio/midaz/sdks/go-sdk/internal/utils/conversion.go:241.10,243.5 1 1
github.com/LerianStudio/midaz/sdks/go-sdk/internal/utils/conversion.go:247.3,247.33 1 1
github.com/LerianStudio/midaz/sdks/go-sdk/internal/utils/conversion.go:247.33,249.111 1 1
github.com/LerianStudio/midaz/sdks/go-sdk/internal/utils/conversion.go:249.111,251.5 1 1
github.com/LerianStudio/midaz/sdks/go-sdk/internal/utils/conversion.go:251.10,253.5 1 1
github.com/LerianStudio/midaz/sdks/go-sdk/internal/utils/conversion.go:254.9,254.41 1 1
github.com/LerianStudio/midaz/sdks/go-sdk/internal/utils/conversion.go:254.41,256.4 1 1
github.com/LerianStudio/midaz/sdks/go-sdk/internal/utils/conversion.go:259.2,259.15 1 1
github.com/LerianStudio/midaz/sdks/go-sdk/internal/utils/conversion.go:263.74,264.26 1 1
github.com/LerianStudio/midaz/sdks/go-sdk/internal/utils/conversion.go:264.26,266.3 1 0
github.com/LerianStudio/midaz/sdks/go-sdk/internal/utils/conversion.go:268.2,271.32 3 1
github.com/LerianStudio/midaz/sdks/go-sdk/internal/utils/conversion.go:271.32,273.82 1 1
github.com/LerianStudio/midaz/sdks/go-sdk/internal/utils/conversion.go:273.82,274.12 1 1
github.com/LerianStudio/midaz/sdks/go-sdk/internal/utils/conversion.go:277.3,277.18 1 1
github.com/LerianStudio/midaz/sdks/go-sdk/internal/utils/conversion.go:278.16,279.30 1 1
github.com/LerianStudio/midaz/sdks/go-sdk/internal/utils/conversion.go:279.30,281.5 1 1
github.com/LerianStudio/midaz/sdks/go-sdk/internal/utils/conversion.go:281.10,283.5 1 1
github.com/LerianStudio/midaz/sdks/go-sdk/internal/utils/conversion.go:284.17,285.30 1 1
github.com/LerianStudio/midaz/sdks/go-sdk/internal/utils/conversion.go:285.30,287.5 1 1
github.com/LerianStudio/midaz/sdks/go-sdk/internal/utils/conversion.go:287.10,289.5 1 1
github.com/LerianStudio/midaz/sdks/go-sdk/internal/utils/conversion.go:293.2,296.27 2 1
github.com/LerianStudio/midaz/sdks/go-sdk/internal/utils/conversion.go:296.27,299.29 2 1
github.com/LerianStudio/midaz/sdks/go-sdk/internal/utils/conversion.go:299.29,301.4 1 1
github.com/LerianStudio/midaz/sdks/go-sdk/internal/utils/conversion.go:301.9,303.4 1 1
github.com/LerianStudio/midaz/sdks/go-sdk/internal/utils/conversion.go:307.2,307.25 1 1
github.com/LerianStudio/midaz/sdks/go-sdk/internal/utils/conversion.go:307.25,308.19 1 1
github.com/LerianStudio/midaz/sdks/go-sdk/internal/utils/conversion.go:308.19,310.4 1 1
github.com/LerianStudio/midaz/sdks/go-sdk/internal/utils/conversion.go:312.3,314.27 2 1
github.com/LerianStudio/midaz/sdks/go-sdk/internal/utils/conversion.go:314.27,316.4 1 1
github.com/LerianStudio/midaz/sdks/go-sdk/internal/utils/conversion.go:316.9,318.4 1 0
github.com/LerianStudio/midaz/sdks/go-sdk/internal/utils/conversion.go:321.2,321.15 1 1
github.com/LerianStudio/midaz/sdks/go-sdk/internal/utils/conversion.go:339.62,340.21 1 1
github.com/LerianStudio/midaz/sdks/go-sdk/internal/utils/conversion.go:340.21,342.3 1 1
github.com/LerianStudio/midaz/sdks/go-sdk/internal/utils/conversion.go:345.2,347.9 2 1
github.com/LerianStudio/midaz/sdks/go-sdk/internal/utils/conversion.go:347.9,349.3 1 1
github.com/LerianStudio/midaz/sdks/go-sdk/internal/utils/conversion.go:352.2,354.9 2 1
github.com/LerianStudio/midaz/sdks/go-sdk/internal/utils/conversion.go:354.9,356.3 1 1
github.com/LerianStudio/midaz/sdks/go-sdk/internal/utils/conversion.go:359.2,362.27 2 1
github.com/LerianStudio/midaz/sdks/go-sdk/internal/utils/conversion.go:362.27,364.3 1 1
github.com/LerianStudio/midaz/sdks/go-sdk/internal/utils/conversion.go:367.2,369.27 2 1
github.com/LerianStudio/midaz/sdks/go-sdk/internal/utils/conversion.go:369.27,370.16 1 1
github.com/LerianStudio/midaz/sdks/go-sdk/internal/utils/conversion.go:370.16,372.4 1 1
github.com/LerianStudio/midaz/sdks/go-sdk/internal/utils/conversion.go:375.2,375.15 1 1
github.com/LerianStudio/midaz/sdks/go-sdk/internal/utils/conversion.go:399.83,400.20 1 1
github.com/LerianStudio/midaz/sdks/go-sdk/internal/utils/conversion.go:400.20,402.3 1 1
github.com/LerianStudio/midaz/sdks/go-sdk/internal/utils/conversion.go:405.2,405.21 1 1
github.com/LerianStudio/midaz/sdks/go-sdk/internal/utils/conversion.go:405.21,407.3 1 1
github.com/LerianStudio/midaz/sdks/go-sdk/internal/utils/conversion.go:410.2,415.17 3 1
github.com/LerianStudio/midaz/sdks/go-sdk/internal/utils/errors.go:63.37,64.18 1 1
github.com/LerianStudio/midaz/sdks/go-sdk/internal/utils/errors.go:64.18,66.3 1 1
github.com/LerianStudio/midaz/sdks/go-sdk/internal/utils/errors.go:67.2,67.49 1 1
github.com/LerianStudio/midaz/sdks/go-sdk/internal/utils/errors.go:71.37,73.2 1 1
github.com/LerianStudio/midaz/sdks/go-sdk/internal/utils/errors.go:76.59,82.2 1 1
github.com/LerianStudio/midaz/sdks/go-sdk/internal/utils/errors.go:100.40,102.2 1 1
github.com/LerianStudio/midaz/sdks/go-sdk/internal/utils/errors.go:104.49,106.2 1 1
github.com/LerianStudio/midaz/sdks/go-sdk/internal/utils/errors.go:108.48,110.2 1 1
github.com/LerianStudio/midaz/sdks/go-sdk/internal/utils/errors.go:112.43,114.2 1 1
github.com/LerianStudio/midaz/sdks/go-sdk/internal/utils/errors.go:116.44,118.2 1 1
github.com/LerianStudio/midaz/sdks/go-sdk/internal/utils/errors.go:120.40,122.2 1 1
github.com/LerianStudio/midaz/sdks/go-sdk/internal/utils/errors.go:124.38,126.2 1 1
github.com/LerianStudio/midaz/sdks/go-sdk/internal/utils/errors.go:128.41,130.2 1 1
github.com/LerianStudio/midaz/sdks/go-sdk/internal/utils/errors.go:132.39,134.2 1 1
github.com/LerianStudio/midaz/sdks/go-sdk/internal/utils/errors.go:136.37,138.2 1 1
github.com/LerianStudio/midaz/sdks/go-sdk/internal/utils/errors.go:140.38,142.2 1 1
github.com/LerianStudio/midaz/sdks/go-sdk/internal/utils/errors.go:146.69,147.16 1 1
github.com/LerianStudio/midaz/sdks/go-sdk/internal/utils/errors.go:147.16,149.3 1 1
github.com/LerianStudio/midaz/sdks/go-sdk/internal/utils/errors.go:151.2,151.9 1 1
github.com/LerianStudio/midaz/sdks/go-sdk/internal/utils/errors.go:152.30,153.79 1 1
github.com/LerianStudio/midaz/sdks/go-sdk/internal/utils/errors.go:154.39,155.89 1 1
github.com/LerianStudio/midaz/sdks/go-sdk/internal/utils/errors.go:156.38,157.81 1 1
github.com/LerianStudio/midaz/sdks/go-sdk/internal/utils/errors.go:158.33,159.80 1 1
github.com/LerianStudio/midaz/sdks/go-sdk/internal/utils/errors.go:160.34,161.81 1 1
github.com/LerianStudio/midaz/sdks/go-sdk/internal/utils/errors.go:162.30,163.78 1 1
github.com/LerianStudio/midaz/sdks/go-sdk/internal/utils/errors.go:164.28,165.79 1 1
github.com/LerianStudio/midaz/sdks/go-sdk/internal/utils/errors.go:166.31,167.78 1 1
github.com/LerianStudio/midaz/sdks/go-sdk/internal/utils/errors.go:168.29,169.80 1 1
github.com/LerianStudio/midaz/sdks/go-sdk/internal/utils/errors.go:170.27,171.80 1 1
github.com/LerianStudio/midaz/sdks/go-sdk/internal/utils/errors.go:172.28,173.82 1 1
github.com/LerianStudio/midaz/sdks/go-sdk/internal/utils/errors.go:174.10,175.58 1 1
github.com/LerianStudio/midaz/sdks/go-sdk/internal/utils/errors.go:181.51,182.16 1 1
github.com/LerianStudio/midaz/sdks/go-sdk/internal/utils/errors.go:182.16,184.3 1 1
github.com/LerianStudio/midaz/sdks/go-sdk/internal/utils/errors.go:186.2,186.9 1 1
github.com/LerianStudio/midaz/sdks/go-sdk/internal/utils/errors.go:187.30,188.22 1 1
github.com/LerianStudio/midaz/sdks/go-sdk/internal/utils/errors.go:189.39,190.32 1 1
github.com/LerianStudio/midaz/sdks/go-sdk/internal/utils/errors.go:191.38,192.31 1 1
github.com/LerianStudio/midaz/sdks/go-sdk/internal/utils/errors.go:193.33,194.26 1 1
github.com/LerianStudio/midaz/sdks/go-sdk/internal/utils/errors.go:195.34,196.26 1 1
github.com/LerianStudio/midaz/sdks/go-sdk/internal/utils/errors.go:197.30,198.22 1 1
github.com/LerianStudio/midaz/sdks/go-sdk/internal/utils/errors.go:199.28,200.21 1 1
github.com/LerianStudio/midaz/sdks/go-sdk/internal/utils/errors.go:201.31,202.23 1 1
github.com/LerianStudio/midaz/sdks/go-sdk/internal/utils/errors.go:203.29,204.22 1 1
github.com/LerianStudio/midaz/sdks/go-sdk/internal/utils/errors.go:205.27,206.19 1 1
github.com/LerianStudio/midaz/sdks/go-sdk/internal/utils/errors.go:207.28,208.20 1 1
github.com/LerianStudio/midaz/sdks/go-sdk/internal/utils/errors.go:209.10,210.19 1 1
github.com/LerianStudio/midaz/sdks/go-sdk/internal/utils/validation.go:23.70,24.18 1 1
github.com/LerianStudio/midaz/sdks/go-sdk/internal/utils/validation.go:24.18,26.3 1 1
github.com/LerianStudio/midaz/sdks/go-sdk/internal/utils/validation.go:29.2,29.23 1 1
github.com/LerianStudio/midaz/sdks/go-sdk/internal/utils/validation.go:29.23,31.3 1 1
github.com/LerianStudio/midaz/sdks/go-sdk/internal/utils/validation.go:34.2,34.28 1 1
github.com/LerianStudio/midaz/sdks/go-sdk/internal/utils/validation.go:34.28,36.3 1 1
github.com/LerianStudio/midaz/sdks/go-sdk/internal/utils/validation.go:38.2,38.53 1 1
github.com/LerianStudio/midaz/sdks/go-sdk/internal/utils/validation.go:38.53,40.3 1 1
github.com/LerianStudio/midaz/sdks/go-sdk/internal/utils/validation.go:43.2,43.27 1 1
github.com/LerianStudio/midaz/sdks/go-sdk/internal/utils/validation.go:43.27,45.3 1 1
github.com/LerianStudio/midaz/sdks/go-sdk/internal/utils/validation.go:48.2,48.38 1 1
github.com/LerianStudio/midaz/sdks/go-sdk/internal/utils/validation.go:48.38,50.3 1 1
github.com/LerianStudio/midaz/sdks/go-sdk/internal/utils/validation.go:53.2,53.40 1 1
github.com/LerianStudio/midaz/sdks/go-sdk/internal/utils/validation.go:53.40,55.3 1 1
github.com/LerianStudio/midaz/sdks/go-sdk/internal/utils/validation.go:58.2,58.56 1 1
github.com/LerianStudio/midaz/sdks/go-sdk/internal/utils/validation.go:58.56,60.3 1 1
github.com/LerianStudio/midaz/sdks/go-sdk/internal/utils/validation.go:63.2,63.48 1 1
github.com/LerianStudio/midaz/sdks/go-sdk/internal/utils/validation.go:63.48,64.84 1 1
github.com/LerianStudio/midaz/sdks/go-sdk/internal/utils/validation.go:64.84,66.4 1 1
github.com/LerianStudio/midaz/sdks/go-sdk/internal/utils/validation.go:69.2,69.48 1 1
github.com/LerianStudio/midaz/sdks/go-sdk/internal/utils/validation.go:69.48,70.82 1 1
github.com/LerianStudio/midaz/sdks/go-sdk/internal/utils/validation.go:70.82,72.4 1 1
github.com/LerianStudio/midaz/sdks/go-sdk/internal/utils/validation.go:75.2,75.12 1 1
github.com/LerianStudio/midaz/sdks/go-sdk/internal/utils/validation.go:80.72,84.48 2 1
github.com/LerianStudio/midaz/sdks/go-sdk/internal/utils/validation.go:84.48,85.99 1 1
github.com/LerianStudio/midaz/sdks/go-sdk/internal/utils/validation.go:85.99,89.4 1 1
github.com/LerianStudio/midaz/sdks/go-sdk/internal/utils/validation.go:93.2,93.48 1 1
github.com/LerianStudio/midaz/sdks/go-sdk/internal/utils/validation.go:93.48,94.93 1 1
github.com/LerianStudio/midaz/sdks/go-sdk/internal/utils/validation.go:94.93,98.4 1 1
github.com/LerianStudio/midaz/sdks/go-sdk/internal/utils/validation.go:101.2,101.12 1 1
github.com/LerianStudio/midaz/sdks/go-sdk/internal/utils/validation.go:106.78,108.46 1 1
github.com/LerianStudio/midaz/sdks/go-sdk/internal/utils/validation.go:108.46,111.24 2 1
github.com/LerianStudio/midaz/sdks/go-sdk/internal/utils/validation.go:111.24,115.4 1 1
github.com/LerianStudio/midaz/sdks/go-sdk/internal/utils/validation.go:117.3,119.40 2 1
github.com/LerianStudio/midaz/sdks/go-sdk/internal/utils/validation.go:119.40,123.4 1 1
github.com/LerianStudio/midaz/sdks/go-sdk/internal/utils/validation.go:124.8,126.48 1 1
github.com/LerianStudio/midaz/sdks/go-sdk/internal/utils/validation.go:126.48,130.4 1 1
github.com/LerianStudio/midaz/sdks/go-sdk/internal/utils/validation.go:133.2,133.12 1 1
github.com/LerianStudio/midaz/sdks/go-sdk/internal/utils/validation.go:138.59,140.2 1 1
github.com/LerianStudio/midaz/sdks/go-sdk/internal/utils/validation.go:150.48,151.21 1 1
github.com/LerianStudio/midaz/sdks/go-sdk/internal/utils/validation.go:151.21,153.3 1 1
github.com/LerianStudio/midaz/sdks/go-sdk/internal/utils/validation.go:155.2,155.46 1 1
github.com/LerianStudio/midaz/sdks/go-sdk/internal/utils/validation.go:155.46,159.3 1 1
github.com/LerianStudio/midaz/sdks/go-sdk/internal/utils/validation.go:161.2,161.12 1 1
github.com/LerianStudio/midaz/sdks/go-sdk/internal/utils/validation.go:172.47,173.17 1 1
github.com/LerianStudio/midaz/sdks/go-sdk/internal/utils/validation.go:173.17,175.3 1 1
github.com/LerianStudio/midaz/sdks/go-sdk/internal/utils/validation.go:177.2,177.45 1 1
github.com/LerianStudio/midaz/sdks/go-sdk/internal/utils/validation.go:177.45,181.3 1 1
github.com/LerianStudio/midaz/sdks/go-sdk/internal/utils/validation.go:183.2,183.12 1 1
github.com/LerianStudio/midaz/sdks/go-sdk/internal/utils/validation.go:194.49,195.16 1 1
github.com/LerianStudio/midaz/sdks/go-sdk/internal/utils/validation.go:195.16,197.3 1 1
github.com/LerianStudio/midaz/sdks/go-sdk/internal/utils/validation.go:199.2,201.36 2 1
github.com/LerianStudio/midaz/sdks/go-sdk/internal/utils/validation.go:201.36,205.3 1 1
github.com/LerianStudio/midaz/sdks/go-sdk/internal/utils/validation.go:207.2,207.12 1 1
github.com/LerianStudio/midaz/sdks/go-sdk/internal/utils/validation.go:223.54,224.21 1 1
github.com/LerianStudio/midaz/sdks/go-sdk/internal/utils/validation.go:224.21,226.3 1 1
github.com/LerianStudio/midaz/sdks/go-sdk/internal/utils/validation.go:229.2,229.35 1 1
github.com/LerianStudio/midaz/sdks/go-sdk/internal/utils/validation.go:229.35,231.16 1 1
github.com/LerianStudio/midaz/sdks/go-sdk/internal/utils/validation.go:231.16,233.4 1 1
github.com/LerianStudio/midaz/sdks/go-sdk/internal/utils/validation.go:235.3,237.35 2 1
github.com/LerianStudio/midaz/sdks/go-sdk/internal/utils/validation.go:237.35,241.4 1 1
github.com/LerianStudio/midaz/sdks/go-sdk/internal/utils/validation.go:244.3,244.28 1 1
github.com/LerianStudio/midaz/sdks/go-sdk/internal/utils/validation.go:245.58,245.58 0 1
github.com/LerianStudio/midaz/sdks/go-sdk/internal/utils/validation.go:247.18,247.18 0 1
github.com/LerianStudio/midaz/sdks/go-sdk/internal/utils/validation.go:249.12,249.12 0 1
github.com/LerianStudio/midaz/sdks/go-sdk/internal/utils/validation.go:251.14,253.27 1 1
github.com/LerianStudio/midaz/sdks/go-sdk/internal/utils/validation.go:253.27,254.40 1 1
github.com/LerianStudio/midaz/sdks/go-sdk/internal/utils/validation.go:254.40,258.6 1 1
github.com/LerianStudio/midaz/sdks/go-sdk/internal/utils/validation.go:260.23,262.42 1 1
github.com/LerianStudio/midaz/sdks/go-sdk/internal/utils/validation.go:262.42,263.47 1 1
github.com/LerianStudio/midaz/sdks/go-sdk/internal/utils/validation.go:263.47,267.6 1 1
github.com/LerianStudio/midaz/sdks/go-sdk/internal/utils/validation.go:269.11,272.16 1 1
github.com/LerianStudio/midaz/sdks/go-sdk/internal/utils/validation.go:276.2,276.12 1 1
github.com/LerianStudio/midaz/sdks/go-sdk/internal/utils/validation.go:280.47,281.22 1 1
github.com/LerianStudio/midaz/sdks/go-sdk/internal/utils/validation.go:282.73,283.14 1 1
github.com/LerianStudio/midaz/sdks/go-sdk/internal/utils/validation.go:284.10,285.15 1 1
github.com/LerianStudio/midaz/sdks/go-sdk/internal/utils/validation.go:299.52,300.22 1 1
github.com/LerianStudio/midaz/sdks/go-sdk/internal/utils/validation.go:300.22,304.3 1 1
github.com/LerianStudio/midaz/sdks/go-sdk/internal/utils/validation.go:306.2,306.12 1 1
github.com/LerianStudio/midaz/sdks/go-sdk/internal/utils/validation.go:320.49,324.2 2 1
github.com/LerianStudio/midaz/sdks/go-sdk/internal/utils/validation.go:327.57,328.13 1 1
github.com/LerianStudio/midaz/sdks/go-sdk/internal/utils/validation.go:328.13,330.3 1 1
github.com/LerianStudio/midaz/sdks/go-sdk/internal/utils/validation.go:332.2,334.31 2 1
github.com/LerianStudio/midaz/sdks/go-sdk/internal/utils/validation.go:334.31,336.3 1 1
github.com/LerianStudio/midaz/sdks/go-sdk/internal/utils/validation.go:338.2,338.17 1 1
github.com/LerianStudio/midaz/sdks/go-sdk/internal/utils/validation.go:342.54,343.13 1 1
github.com/LerianStudio/midaz/sdks/go-sdk/internal/utils/validation.go:343.13,345.3 1 1
github.com/LerianStudio/midaz/sdks/go-sdk/internal/utils/validation.go:347.2,349.24 2 1
github.com/LerianStudio/midaz/sdks/go-sdk/internal/utils/validation.go:349.24,351.3 1 1
github.com/LerianStudio/midaz/sdks/go-sdk/internal/utils/validation.go:353.2,355.31 2 1
github.com/LerianStudio/midaz/sdks/go-sdk/internal/utils/validation.go:355.31,357.3 1 1
github.com/LerianStudio/midaz/sdks/go-sdk/internal/utils/validation.go:359.2,359.16 1 1
github.com/LerianStudio/midaz/sdks/go-sdk/internal/utils/validation.go:363.112,369.78 3 1
github.com/LerianStudio/midaz/sdks/go-sdk/internal/utils/validation.go:369.78,373.3 2 1
github.com/LerianStudio/midaz/sdks/go-sdk/internal/utils/validation.go:376.2,376.19 1 1
github.com/LerianStudio/midaz/sdks/go-sdk/internal/utils/validation.go:376.19,380.3 2 1
github.com/LerianStudio/midaz/sdks/go-sdk/internal/utils/validation.go:380.8,380.54 1 1
github.com/LerianStudio/midaz/sdks/go-sdk/internal/utils/validation.go:380.54,384.3 2 1
github.com/LerianStudio/midaz/sdks/go-sdk/internal/utils/validation.go:387.2,387.64 1 1
github.com/LerianStudio/midaz/sdks/go-sdk/internal/utils/validation.go:387.64,392.3 2 1
github.com/LerianStudio/midaz/sdks/go-sdk/internal/utils/validation.go:394.2,394.27 1 1
github.com/LerianStudio/midaz/sdks/go-sdk/internal/utils/validation.go:398.58,399.16 1 1
github.com/LerianStudio/midaz/sdks/go-sdk/internal/utils/validation.go:399.16,401.3 1 1
github.com/LerianStudio/midaz/sdks/go-sdk/internal/utils/validation.go:403.2,404.37 2 1
github.com/LerianStudio/midaz/sdks/go-sdk/internal/utils/validation.go:404.37,408.3 1 1
github.com/LerianStudio/midaz/sdks/go-sdk/internal/utils/validation.go:410.2,410.12 1 0
github.com/LerianStudio/midaz/sdks/go-sdk/internal/utils/validation.go:452.93,458.18 2 1
github.com/LerianStudio/midaz/sdks/go-sdk/internal/utils/validation.go:458.18,461.3 2 1
github.com/LerianStudio/midaz/sdks/go-sdk/internal/utils/validation.go:464.2,464.59 1 1
github.com/LerianStudio/midaz/sdks/go-sdk/internal/utils/validation.go:464.59,466.3 1 1
github.com/LerianStudio/midaz/sdks/go-sdk/internal/utils/validation.go:469.2,469.23 1 1
github.com/LerianStudio/midaz/sdks/go-sdk/internal/utils/validation.go:469.23,471.3 1 1
github.com/LerianStudio/midaz/sdks/go-sdk/internal/utils/validation.go:474.2,474.32 1 1
github.com/LerianStudio/midaz/sdks/go-sdk/internal/utils/validation.go:474.32,476.3 1 1
github.com/LerianStudio/midaz/sdks/go-sdk/internal/utils/validation.go:476.8,477.39 1 1
github.com/LerianStudio/midaz/sdks/go-sdk/internal/utils/validation.go:477.39,479.33 2 1
github.com/LerianStudio/midaz/sdks/go-sdk/internal/utils/validation.go:479.33,481.5 1 1
github.com/LerianStudio/midaz/sdks/go-sdk/internal/utils/validation.go:486.2,486.89 1 1
github.com/LerianStudio/midaz/sdks/go-sdk/internal/utils/validation.go:486.89,488.3 1 1
github.com/LerianStudio/midaz/sdks/go-sdk/internal/utils/validation.go:491.2,491.27 1 1
github.com/LerianStudio/midaz/sdks/go-sdk/internal/utils/validation.go:491.27,492.58 1 1
github.com/LerianStudio/midaz/sdks/go-sdk/internal/utils/validation.go:492.58,494.4 1 1
github.com/LerianStudio/midaz/sdks/go-sdk/internal/utils/validation.go:497.2,497.16 1 1
