<?xml version="1.0" encoding="UTF-8"?>
<testsuites tests="1" failures="0" errors="0" time="33.315953">
	<testsuite tests="0" failures="0" time="0.000000" name="" timestamp="0001-01-01T00:00:00Z">
		<properties>
			<property name="go.version" value="go1.25.1 darwin/arm64"></property>
		</properties>
	</testsuite>
	<testsuite tests="1" failures="0" time="33.316000" name="github.com/LerianStudio/midaz/v3/tests/fuzzy" timestamp="2025-09-15T10:08:56-03:00">
		<properties>
			<property name="go.version" value="go1.25.1 darwin/arm64"></property>
		</properties>
		<testcase classname="github.com/LerianStudio/midaz/v3/tests/fuzzy" name="FuzzCreateOrganizationName" time="32.049000"></testcase>
	</testsuite>
</testsuites>