<?xml version="1.0" encoding="UTF-8"?>
<testsuites tests="13" failures="0" errors="0" time="38.290604">
	<testsuite tests="0" failures="0" time="0.000000" name="" timestamp="0001-01-01T00:00:00Z">
		<properties>
			<property name="go.version" value="go1.25.1 darwin/arm64"></property>
		</properties>
	</testsuite>
	<testsuite tests="13" failures="0" time="38.291000" name="github.com/LerianStudio/midaz/v3/tests/fuzzy" timestamp="2025-09-15T10:07:20-03:00">
		<properties>
			<property name="go.version" value="go1.25.1 darwin/arm64"></property>
		</properties>
		<testcase classname="github.com/LerianStudio/midaz/v3/tests/fuzzy" name="TestFuzz_Headers_MissingDuplicated_InvalidAuth" time="0.190000"></testcase>
		<testcase classname="github.com/LerianStudio/midaz/v3/tests/fuzzy" name="TestFuzz_Organization_Fields" time="0.030000"></testcase>
		<testcase classname="github.com/LerianStudio/midaz/v3/tests/fuzzy" name="TestFuzz_Accounts_AliasAndType" time="0.050000"></testcase>
		<testcase classname="github.com/LerianStudio/midaz/v3/tests/fuzzy" name="TestFuzz_Transactions_Amounts_And_Codes" time="35.920000"></testcase>
		<testcase classname="github.com/LerianStudio/midaz/v3/tests/fuzzy" name="TestFuzz_Protocol_RapidFireAndRetries" time="0.850000"></testcase>
		<testcase classname="github.com/LerianStudio/midaz/v3/tests/fuzzy" name="TestFuzz_Structural_OmittedUnknownInvalidJSONLarge" time="0.020000"></testcase>
		<testcase classname="github.com/LerianStudio/midaz/v3/tests/fuzzy" name="FuzzCreateOrganizationName/seed#0" time="0.010000"></testcase>
		<testcase classname="github.com/LerianStudio/midaz/v3/tests/fuzzy" name="FuzzCreateOrganizationName/seed#1" time="0.000000"></testcase>
		<testcase classname="github.com/LerianStudio/midaz/v3/tests/fuzzy" name="FuzzCreateOrganizationName/seed#2" time="0.020000"></testcase>
		<testcase classname="github.com/LerianStudio/midaz/v3/tests/fuzzy" name="FuzzCreateOrganizationName/seed#3" time="0.020000"></testcase>
		<testcase classname="github.com/LerianStudio/midaz/v3/tests/fuzzy" name="FuzzCreateOrganizationName/seed#4" time="0.000000"></testcase>
		<testcase classname="github.com/LerianStudio/midaz/v3/tests/fuzzy" name="FuzzCreateOrganizationName/390ca22614d4ce1a" time="0.000000"></testcase>
		<testcase classname="github.com/LerianStudio/midaz/v3/tests/fuzzy" name="FuzzCreateOrganizationName" time="0.060000"></testcase>
	</testsuite>
</testsuites>