<?xml version="1.0" encoding="UTF-8"?>
<testsuites tests="994" failures="0" errors="0" time="7.453780">
	<testsuite tests="0" failures="0" time="0.000000" name="" timestamp="0001-01-01T00:00:00Z">
		<properties>
			<property name="go.version" value="go1.25.1 darwin/arm64"></property>
		</properties>
	</testsuite>
	<testsuite tests="5" failures="0" time="1.431000" name="github.com/LerianStudio/midaz/v3/components/mdz" timestamp="2025-09-15T10:05:52-03:00">
		<properties>
			<property name="go.version" value="go1.25.1 darwin/arm64"></property>
		</properties>
		<testcase classname="github.com/LerianStudio/midaz/v3/components/mdz" name="TestMainCommandExecution/help_command" time="0.000000"></testcase>
		<testcase classname="github.com/LerianStudio/midaz/v3/components/mdz" name="TestMainCommandExecution/version_command" time="0.000000"></testcase>
		<testcase classname="github.com/LerianStudio/midaz/v3/components/mdz" name="TestMainCommandExecution" time="0.000000"></testcase>
		<testcase classname="github.com/LerianStudio/midaz/v3/components/mdz" name="TestInvalidCommand" time="0.000000"></testcase>
		<testcase classname="github.com/LerianStudio/midaz/v3/components/mdz" name="TestMainFunction" time="0.000000"></testcase>
	</testsuite>
	<testsuite tests="105" failures="0" time="1.216000" name="github.com/LerianStudio/midaz/v3/components/mdz/internal/domain/repository" timestamp="2025-09-15T10:05:52-03:00">
		<properties>
			<property name="go.version" value="go1.25.1 darwin/arm64"></property>
		</properties>
		<testcase classname="github.com/LerianStudio/midaz/v3/components/mdz/internal/domain/repository" name="TestAccountInterface" time="0.000000"></testcase>
		<testcase classname="github.com/LerianStudio/midaz/v3/components/mdz/internal/domain/repository" name="TestAccount_Create/success" time="0.000000"></testcase>
		<testcase classname="github.com/LerianStudio/midaz/v3/components/mdz/internal/domain/repository" name="TestAccount_Create/error" time="0.000000"></testcase>
		<testcase classname="github.com/LerianStudio/midaz/v3/components/mdz/internal/domain/repository" name="TestAccount_Create" time="0.000000"></testcase>
		<testcase classname="github.com/LerianStudio/midaz/v3/components/mdz/internal/domain/repository" name="TestAccount_Get/success" time="0.000000"></testcase>
		<testcase classname="github.com/LerianStudio/midaz/v3/components/mdz/internal/domain/repository" name="TestAccount_Get/error" time="0.000000"></testcase>
		<testcase classname="github.com/LerianStudio/midaz/v3/components/mdz/internal/domain/repository" name="TestAccount_Get" time="0.000000"></testcase>
		<testcase classname="github.com/LerianStudio/midaz/v3/components/mdz/internal/domain/repository" name="TestAccount_GetByID/success" time="0.000000"></testcase>
		<testcase classname="github.com/LerianStudio/midaz/v3/components/mdz/internal/domain/repository" name="TestAccount_GetByID/error" time="0.000000"></testcase>
		<testcase classname="github.com/LerianStudio/midaz/v3/components/mdz/internal/domain/repository" name="TestAccount_GetByID" time="0.000000"></testcase>
		<testcase classname="github.com/LerianStudio/midaz/v3/components/mdz/internal/domain/repository" name="TestAccount_Update/success" time="0.000000"></testcase>
		<testcase classname="github.com/LerianStudio/midaz/v3/components/mdz/internal/domain/repository" name="TestAccount_Update/error" time="0.000000"></testcase>
		<testcase classname="github.com/LerianStudio/midaz/v3/components/mdz/internal/domain/repository" name="TestAccount_Update" time="0.000000"></testcase>
		<testcase classname="github.com/LerianStudio/midaz/v3/components/mdz/internal/domain/repository" name="TestAccount_Delete/success" time="0.000000"></testcase>
		<testcase classname="github.com/LerianStudio/midaz/v3/components/mdz/internal/domain/repository" name="TestAccount_Delete/error" time="0.000000"></testcase>
		<testcase classname="github.com/LerianStudio/midaz/v3/components/mdz/internal/domain/repository" name="TestAccount_Delete" time="0.000000"></testcase>
		<testcase classname="github.com/LerianStudio/midaz/v3/components/mdz/internal/domain/repository" name="TestAssetInterface" time="0.000000"></testcase>
		<testcase classname="github.com/LerianStudio/midaz/v3/components/mdz/internal/domain/repository" name="TestAsset_Create/success" time="0.000000"></testcase>
		<testcase classname="github.com/LerianStudio/midaz/v3/components/mdz/internal/domain/repository" name="TestAsset_Create/error" time="0.000000"></testcase>
		<testcase classname="github.com/LerianStudio/midaz/v3/components/mdz/internal/domain/repository" name="TestAsset_Create" time="0.000000"></testcase>
		<testcase classname="github.com/LerianStudio/midaz/v3/components/mdz/internal/domain/repository" name="TestAsset_Get/success" time="0.000000"></testcase>
		<testcase classname="github.com/LerianStudio/midaz/v3/components/mdz/internal/domain/repository" name="TestAsset_Get/error" time="0.000000"></testcase>
		<testcase classname="github.com/LerianStudio/midaz/v3/components/mdz/internal/domain/repository" name="TestAsset_Get" time="0.000000"></testcase>
		<testcase classname="github.com/LerianStudio/midaz/v3/components/mdz/internal/domain/repository" name="TestAsset_GetByID/success" time="0.000000"></testcase>
		<testcase classname="github.com/LerianStudio/midaz/v3/components/mdz/internal/domain/repository" name="TestAsset_GetByID/error" time="0.000000"></testcase>
		<testcase classname="github.com/LerianStudio/midaz/v3/components/mdz/internal/domain/repository" name="TestAsset_GetByID" time="0.000000"></testcase>
		<testcase classname="github.com/LerianStudio/midaz/v3/components/mdz/internal/domain/repository" name="TestAsset_Update/success" time="0.000000"></testcase>
		<testcase classname="github.com/LerianStudio/midaz/v3/components/mdz/internal/domain/repository" name="TestAsset_Update/error" time="0.000000"></testcase>
		<testcase classname="github.com/LerianStudio/midaz/v3/components/mdz/internal/domain/repository" name="TestAsset_Update" time="0.000000"></testcase>
		<testcase classname="github.com/LerianStudio/midaz/v3/components/mdz/internal/domain/repository" name="TestAsset_Delete/success" time="0.000000"></testcase>
		<testcase classname="github.com/LerianStudio/midaz/v3/components/mdz/internal/domain/repository" name="TestAsset_Delete/error" time="0.000000"></testcase>
		<testcase classname="github.com/LerianStudio/midaz/v3/components/mdz/internal/domain/repository" name="TestAsset_Delete" time="0.000000"></testcase>
		<testcase classname="github.com/LerianStudio/midaz/v3/components/mdz/internal/domain/repository" name="TestAuthInterface" time="0.000000"></testcase>
		<testcase classname="github.com/LerianStudio/midaz/v3/components/mdz/internal/domain/repository" name="TestAuth_AuthenticateWithCredentials/success" time="0.000000"></testcase>
		<testcase classname="github.com/LerianStudio/midaz/v3/components/mdz/internal/domain/repository" name="TestAuth_AuthenticateWithCredentials/invalid_credentials" time="0.000000"></testcase>
		<testcase classname="github.com/LerianStudio/midaz/v3/components/mdz/internal/domain/repository" name="TestAuth_AuthenticateWithCredentials/server_error" time="0.000000"></testcase>
		<testcase classname="github.com/LerianStudio/midaz/v3/components/mdz/internal/domain/repository" name="TestAuth_AuthenticateWithCredentials" time="0.000000"></testcase>
		<testcase classname="github.com/LerianStudio/midaz/v3/components/mdz/internal/domain/repository" name="TestAuth_ExchangeToken/success" time="0.000000"></testcase>
		<testcase classname="github.com/LerianStudio/midaz/v3/components/mdz/internal/domain/repository" name="TestAuth_ExchangeToken/invalid_code" time="0.000000"></testcase>
		<testcase classname="github.com/LerianStudio/midaz/v3/components/mdz/internal/domain/repository" name="TestAuth_ExchangeToken/server_error" time="0.000000"></testcase>
		<testcase classname="github.com/LerianStudio/midaz/v3/components/mdz/internal/domain/repository" name="TestAuth_ExchangeToken" time="0.000000"></testcase>
		<testcase classname="github.com/LerianStudio/midaz/v3/components/mdz/internal/domain/repository" name="TestLedgerInterface" time="0.000000"></testcase>
		<testcase classname="github.com/LerianStudio/midaz/v3/components/mdz/internal/domain/repository" name="TestLedger_Create/success" time="0.000000"></testcase>
		<testcase classname="github.com/LerianStudio/midaz/v3/components/mdz/internal/domain/repository" name="TestLedger_Create/error" time="0.000000"></testcase>
		<testcase classname="github.com/LerianStudio/midaz/v3/components/mdz/internal/domain/repository" name="TestLedger_Create" time="0.000000"></testcase>
		<testcase classname="github.com/LerianStudio/midaz/v3/components/mdz/internal/domain/repository" name="TestLedger_Get/success" time="0.000000"></testcase>
		<testcase classname="github.com/LerianStudio/midaz/v3/components/mdz/internal/domain/repository" name="TestLedger_Get/error" time="0.000000"></testcase>
		<testcase classname="github.com/LerianStudio/midaz/v3/components/mdz/internal/domain/repository" name="TestLedger_Get" time="0.000000"></testcase>
		<testcase classname="github.com/LerianStudio/midaz/v3/components/mdz/internal/domain/repository" name="TestLedger_GetByID/success" time="0.000000"></testcase>
		<testcase classname="github.com/LerianStudio/midaz/v3/components/mdz/internal/domain/repository" name="TestLedger_GetByID/error" time="0.000000"></testcase>
		<testcase classname="github.com/LerianStudio/midaz/v3/components/mdz/internal/domain/repository" name="TestLedger_GetByID" time="0.000000"></testcase>
		<testcase classname="github.com/LerianStudio/midaz/v3/components/mdz/internal/domain/repository" name="TestLedger_Update/success" time="0.000000"></testcase>
		<testcase classname="github.com/LerianStudio/midaz/v3/components/mdz/internal/domain/repository" name="TestLedger_Update/error" time="0.000000"></testcase>
		<testcase classname="github.com/LerianStudio/midaz/v3/components/mdz/internal/domain/repository" name="TestLedger_Update" time="0.000000"></testcase>
		<testcase classname="github.com/LerianStudio/midaz/v3/components/mdz/internal/domain/repository" name="TestLedger_Delete/success" time="0.000000"></testcase>
		<testcase classname="github.com/LerianStudio/midaz/v3/components/mdz/internal/domain/repository" name="TestLedger_Delete/error" time="0.000000"></testcase>
		<testcase classname="github.com/LerianStudio/midaz/v3/components/mdz/internal/domain/repository" name="TestLedger_Delete" time="0.000000"></testcase>
		<testcase classname="github.com/LerianStudio/midaz/v3/components/mdz/internal/domain/repository" name="TestOrganizationInterface" time="0.000000"></testcase>
		<testcase classname="github.com/LerianStudio/midaz/v3/components/mdz/internal/domain/repository" name="TestOrganization_Create/success" time="0.000000"></testcase>
		<testcase classname="github.com/LerianStudio/midaz/v3/components/mdz/internal/domain/repository" name="TestOrganization_Create/error" time="0.000000"></testcase>
		<testcase classname="github.com/LerianStudio/midaz/v3/components/mdz/internal/domain/repository" name="TestOrganization_Create" time="0.000000"></testcase>
		<testcase classname="github.com/LerianStudio/midaz/v3/components/mdz/internal/domain/repository" name="TestOrganization_Get/success" time="0.000000"></testcase>
		<testcase classname="github.com/LerianStudio/midaz/v3/components/mdz/internal/domain/repository" name="TestOrganization_Get/error" time="0.000000"></testcase>
		<testcase classname="github.com/LerianStudio/midaz/v3/components/mdz/internal/domain/repository" name="TestOrganization_Get" time="0.000000"></testcase>
		<testcase classname="github.com/LerianStudio/midaz/v3/components/mdz/internal/domain/repository" name="TestOrganization_GetByID/success" time="0.000000"></testcase>
		<testcase classname="github.com/LerianStudio/midaz/v3/components/mdz/internal/domain/repository" name="TestOrganization_GetByID/error" time="0.000000"></testcase>
		<testcase classname="github.com/LerianStudio/midaz/v3/components/mdz/internal/domain/repository" name="TestOrganization_GetByID" time="0.000000"></testcase>
		<testcase classname="github.com/LerianStudio/midaz/v3/components/mdz/internal/domain/repository" name="TestOrganization_Update/success" time="0.000000"></testcase>
		<testcase classname="github.com/LerianStudio/midaz/v3/components/mdz/internal/domain/repository" name="TestOrganization_Update/error" time="0.000000"></testcase>
		<testcase classname="github.com/LerianStudio/midaz/v3/components/mdz/internal/domain/repository" name="TestOrganization_Update" time="0.000000"></testcase>
		<testcase classname="github.com/LerianStudio/midaz/v3/components/mdz/internal/domain/repository" name="TestOrganization_Delete/success" time="0.000000"></testcase>
		<testcase classname="github.com/LerianStudio/midaz/v3/components/mdz/internal/domain/repository" name="TestOrganization_Delete/error" time="0.000000"></testcase>
		<testcase classname="github.com/LerianStudio/midaz/v3/components/mdz/internal/domain/repository" name="TestOrganization_Delete" time="0.000000"></testcase>
		<testcase classname="github.com/LerianStudio/midaz/v3/components/mdz/internal/domain/repository" name="TestPortfolioInterface" time="0.000000"></testcase>
		<testcase classname="github.com/LerianStudio/midaz/v3/components/mdz/internal/domain/repository" name="TestPortfolio_Create/success" time="0.000000"></testcase>
		<testcase classname="github.com/LerianStudio/midaz/v3/components/mdz/internal/domain/repository" name="TestPortfolio_Create/error" time="0.000000"></testcase>
		<testcase classname="github.com/LerianStudio/midaz/v3/components/mdz/internal/domain/repository" name="TestPortfolio_Create" time="0.000000"></testcase>
		<testcase classname="github.com/LerianStudio/midaz/v3/components/mdz/internal/domain/repository" name="TestPortfolio_Get/success" time="0.000000"></testcase>
		<testcase classname="github.com/LerianStudio/midaz/v3/components/mdz/internal/domain/repository" name="TestPortfolio_Get/error" time="0.000000"></testcase>
		<testcase classname="github.com/LerianStudio/midaz/v3/components/mdz/internal/domain/repository" name="TestPortfolio_Get" time="0.000000"></testcase>
		<testcase classname="github.com/LerianStudio/midaz/v3/components/mdz/internal/domain/repository" name="TestPortfolio_GetByID/success" time="0.000000"></testcase>
		<testcase classname="github.com/LerianStudio/midaz/v3/components/mdz/internal/domain/repository" name="TestPortfolio_GetByID/error" time="0.000000"></testcase>
		<testcase classname="github.com/LerianStudio/midaz/v3/components/mdz/internal/domain/repository" name="TestPortfolio_GetByID" time="0.000000"></testcase>
		<testcase classname="github.com/LerianStudio/midaz/v3/components/mdz/internal/domain/repository" name="TestPortfolio_Update/success" time="0.000000"></testcase>
		<testcase classname="github.com/LerianStudio/midaz/v3/components/mdz/internal/domain/repository" name="TestPortfolio_Update/error" time="0.000000"></testcase>
		<testcase classname="github.com/LerianStudio/midaz/v3/components/mdz/internal/domain/repository" name="TestPortfolio_Update" time="0.000000"></testcase>
		<testcase classname="github.com/LerianStudio/midaz/v3/components/mdz/internal/domain/repository" name="TestPortfolio_Delete/success" time="0.000000"></testcase>
		<testcase classname="github.com/LerianStudio/midaz/v3/components/mdz/internal/domain/repository" name="TestPortfolio_Delete/error" time="0.000000"></testcase>
		<testcase classname="github.com/LerianStudio/midaz/v3/components/mdz/internal/domain/repository" name="TestPortfolio_Delete" time="0.000000"></testcase>
		<testcase classname="github.com/LerianStudio/midaz/v3/components/mdz/internal/domain/repository" name="TestSegmentInterface" time="0.000000"></testcase>
		<testcase classname="github.com/LerianStudio/midaz/v3/components/mdz/internal/domain/repository" name="TestSegment_Create/success" time="0.000000"></testcase>
		<testcase classname="github.com/LerianStudio/midaz/v3/components/mdz/internal/domain/repository" name="TestSegment_Create/error" time="0.000000"></testcase>
		<testcase classname="github.com/LerianStudio/midaz/v3/components/mdz/internal/domain/repository" name="TestSegment_Create" time="0.000000"></testcase>
		<testcase classname="github.com/LerianStudio/midaz/v3/components/mdz/internal/domain/repository" name="TestSegment_Get/success" time="0.000000"></testcase>
		<testcase classname="github.com/LerianStudio/midaz/v3/components/mdz/internal/domain/repository" name="TestSegment_Get/error" time="0.000000"></testcase>
		<testcase classname="github.com/LerianStudio/midaz/v3/components/mdz/internal/domain/repository" name="TestSegment_Get" time="0.000000"></testcase>
		<testcase classname="github.com/LerianStudio/midaz/v3/components/mdz/internal/domain/repository" name="TestSegment_GetByID/success" time="0.000000"></testcase>
		<testcase classname="github.com/LerianStudio/midaz/v3/components/mdz/internal/domain/repository" name="TestSegment_GetByID/error" time="0.000000"></testcase>
		<testcase classname="github.com/LerianStudio/midaz/v3/components/mdz/internal/domain/repository" name="TestSegment_GetByID" time="0.000000"></testcase>
		<testcase classname="github.com/LerianStudio/midaz/v3/components/mdz/internal/domain/repository" name="TestSegment_Update/success" time="0.000000"></testcase>
		<testcase classname="github.com/LerianStudio/midaz/v3/components/mdz/internal/domain/repository" name="TestSegment_Update/error" time="0.000000"></testcase>
		<testcase classname="github.com/LerianStudio/midaz/v3/components/mdz/internal/domain/repository" name="TestSegment_Update" time="0.000000"></testcase>
		<testcase classname="github.com/LerianStudio/midaz/v3/components/mdz/internal/domain/repository" name="TestSegment_Delete/success" time="0.000000"></testcase>
		<testcase classname="github.com/LerianStudio/midaz/v3/components/mdz/internal/domain/repository" name="TestSegment_Delete/error" time="0.000000"></testcase>
		<testcase classname="github.com/LerianStudio/midaz/v3/components/mdz/internal/domain/repository" name="TestSegment_Delete" time="0.000000"></testcase>
	</testsuite>
	<testsuite tests="0" failures="0" time="0.000000" name="github.com/LerianStudio/midaz/v3/components/mdz/internal/model" timestamp="2025-09-15T10:05:52-03:00">
		<properties>
			<property name="go.version" value="go1.25.1 darwin/arm64"></property>
		</properties>
	</testsuite>
	<testsuite tests="36" failures="0" time="1.608000" name="github.com/LerianStudio/midaz/v3/components/mdz/internal/rest" timestamp="2025-09-15T10:05:52-03:00">
		<properties>
			<property name="go.version" value="go1.25.1 darwin/arm64"></property>
		</properties>
		<testcase classname="github.com/LerianStudio/midaz/v3/components/mdz/internal/rest" name="Test_account_Create" time="0.000000"></testcase>
		<testcase classname="github.com/LerianStudio/midaz/v3/components/mdz/internal/rest" name="Test_account_Get" time="0.000000"></testcase>
		<testcase classname="github.com/LerianStudio/midaz/v3/components/mdz/internal/rest" name="Test_account_GetByID" time="0.000000"></testcase>
		<testcase classname="github.com/LerianStudio/midaz/v3/components/mdz/internal/rest" name="Test_account_Update" time="0.000000"></testcase>
		<testcase classname="github.com/LerianStudio/midaz/v3/components/mdz/internal/rest" name="Test_account_Delete" time="0.000000"></testcase>
		<testcase classname="github.com/LerianStudio/midaz/v3/components/mdz/internal/rest" name="Test_asset_Create" time="0.000000"></testcase>
		<testcase classname="github.com/LerianStudio/midaz/v3/components/mdz/internal/rest" name="Test_asset_Get" time="0.000000"></testcase>
		<testcase classname="github.com/LerianStudio/midaz/v3/components/mdz/internal/rest" name="Test_asset_GetByID" time="0.000000"></testcase>
		<testcase classname="github.com/LerianStudio/midaz/v3/components/mdz/internal/rest" name="Test_asset_Update" time="0.000000"></testcase>
		<testcase classname="github.com/LerianStudio/midaz/v3/components/mdz/internal/rest" name="Test_asset_Delete" time="0.000000"></testcase>
		<testcase classname="github.com/LerianStudio/midaz/v3/components/mdz/internal/rest" name="TestAuthenticateWithCredentials/success" time="0.000000"></testcase>
		<testcase classname="github.com/LerianStudio/midaz/v3/components/mdz/internal/rest" name="TestAuthenticateWithCredentials/invalid_credentials" time="0.000000"></testcase>
		<testcase classname="github.com/LerianStudio/midaz/v3/components/mdz/internal/rest" name="TestAuthenticateWithCredentials/server_error" time="0.000000"></testcase>
		<testcase classname="github.com/LerianStudio/midaz/v3/components/mdz/internal/rest" name="TestAuthenticateWithCredentials" time="0.000000"></testcase>
		<testcase classname="github.com/LerianStudio/midaz/v3/components/mdz/internal/rest" name="TestExchangeToken/success" time="0.000000"></testcase>
		<testcase classname="github.com/LerianStudio/midaz/v3/components/mdz/internal/rest" name="TestExchangeToken" time="0.000000"></testcase>
		<testcase classname="github.com/LerianStudio/midaz/v3/components/mdz/internal/rest" name="Test_ledger_Create" time="0.000000"></testcase>
		<testcase classname="github.com/LerianStudio/midaz/v3/components/mdz/internal/rest" name="Test_ledger_List" time="0.000000"></testcase>
		<testcase classname="github.com/LerianStudio/midaz/v3/components/mdz/internal/rest" name="Test_ledger_GetByID" time="0.000000"></testcase>
		<testcase classname="github.com/LerianStudio/midaz/v3/components/mdz/internal/rest" name="Test_ledger_Update" time="0.000000"></testcase>
		<testcase classname="github.com/LerianStudio/midaz/v3/components/mdz/internal/rest" name="Test_ledger_Delete" time="0.000000"></testcase>
		<testcase classname="github.com/LerianStudio/midaz/v3/components/mdz/internal/rest" name="TestCreateOrganization" time="0.000000"></testcase>
		<testcase classname="github.com/LerianStudio/midaz/v3/components/mdz/internal/rest" name="TestOrganizationGetByID" time="0.000000"></testcase>
		<testcase classname="github.com/LerianStudio/midaz/v3/components/mdz/internal/rest" name="TestOrganizationUpdate" time="0.000000"></testcase>
		<testcase classname="github.com/LerianStudio/midaz/v3/components/mdz/internal/rest" name="Test_organization_Delete" time="0.000000"></testcase>
		<testcase classname="github.com/LerianStudio/midaz/v3/components/mdz/internal/rest" name="Test_organization_Get" time="0.000000"></testcase>
		<testcase classname="github.com/LerianStudio/midaz/v3/components/mdz/internal/rest" name="Test_portfolio_Create" time="0.000000"></testcase>
		<testcase classname="github.com/LerianStudio/midaz/v3/components/mdz/internal/rest" name="Test_portfolio_Get" time="0.000000"></testcase>
		<testcase classname="github.com/LerianStudio/midaz/v3/components/mdz/internal/rest" name="Test_portfolio_GetByID" time="0.000000"></testcase>
		<testcase classname="github.com/LerianStudio/midaz/v3/components/mdz/internal/rest" name="Test_portfolio_Update" time="0.000000"></testcase>
		<testcase classname="github.com/LerianStudio/midaz/v3/components/mdz/internal/rest" name="Test_portfolio_Delete" time="0.000000"></testcase>
		<testcase classname="github.com/LerianStudio/midaz/v3/components/mdz/internal/rest" name="Test_segment_Create" time="0.000000"></testcase>
		<testcase classname="github.com/LerianStudio/midaz/v3/components/mdz/internal/rest" name="Test_segment_Get" time="0.000000"></testcase>
		<testcase classname="github.com/LerianStudio/midaz/v3/components/mdz/internal/rest" name="Test_segment_GetByID" time="0.000000"></testcase>
		<testcase classname="github.com/LerianStudio/midaz/v3/components/mdz/internal/rest" name="Test_segment_Update" time="0.000000"></testcase>
		<testcase classname="github.com/LerianStudio/midaz/v3/components/mdz/internal/rest" name="Test_segment_Delete" time="0.000000"></testcase>
	</testsuite>
	<testsuite tests="16" failures="0" time="1.657000" name="github.com/LerianStudio/midaz/v3/components/mdz/pkg/cmd/account" timestamp="2025-09-15T10:05:52-03:00">
		<properties>
			<property name="go.version" value="go1.25.1 darwin/arm64"></property>
		</properties>
		<testcase classname="github.com/LerianStudio/midaz/v3/components/mdz/pkg/cmd/account" name="Test_newCmdAccountCreate/happy_path_informing_all_the_necessary_flags" time="0.000000"></testcase>
		<testcase classname="github.com/LerianStudio/midaz/v3/components/mdz/pkg/cmd/account" name="Test_newCmdAccountCreate/happy_path_no_informing_flags" time="0.000000"></testcase>
		<testcase classname="github.com/LerianStudio/midaz/v3/components/mdz/pkg/cmd/account" name="Test_newCmdAccountCreate" time="0.000000"></testcase>
		<testcase classname="github.com/LerianStudio/midaz/v3/components/mdz/pkg/cmd/account" name="Test_newCmdAccountDelete/happy_path_informing_all_the_necessary_flags" time="0.000000"></testcase>
		<testcase classname="github.com/LerianStudio/midaz/v3/components/mdz/pkg/cmd/account" name="Test_newCmdAccountDelete/happy_path_no_informing_flags" time="0.000000"></testcase>
		<testcase classname="github.com/LerianStudio/midaz/v3/components/mdz/pkg/cmd/account" name="Test_newCmdAccountDelete" time="0.000000"></testcase>
		<testcase classname="github.com/LerianStudio/midaz/v3/components/mdz/pkg/cmd/account" name="Test_newCmdAccountDescribe/happy_path_informing_all_the_necessary_flags" time="0.000000"></testcase>
		<testcase classname="github.com/LerianStudio/midaz/v3/components/mdz/pkg/cmd/account" name="Test_newCmdAccountDescribe/happy_path_no_informing_flags" time="0.000000"></testcase>
		<testcase classname="github.com/LerianStudio/midaz/v3/components/mdz/pkg/cmd/account" name="Test_newCmdAccountDescribe" time="0.000000"></testcase>
		<testcase classname="github.com/LerianStudio/midaz/v3/components/mdz/pkg/cmd/account" name="Test_newCmdAssetList/happy_path_informing_all_the_necessary_flags" time="0.000000"></testcase>
		<testcase classname="github.com/LerianStudio/midaz/v3/components/mdz/pkg/cmd/account" name="Test_newCmdAssetList/happy_path_no_informing_flags" time="0.000000"></testcase>
		<testcase classname="github.com/LerianStudio/midaz/v3/components/mdz/pkg/cmd/account" name="Test_newCmdAssetList/date_valid" time="0.000000"></testcase>
		<testcase classname="github.com/LerianStudio/midaz/v3/components/mdz/pkg/cmd/account" name="Test_newCmdAssetList" time="0.000000"></testcase>
		<testcase classname="github.com/LerianStudio/midaz/v3/components/mdz/pkg/cmd/account" name="Test_newCmdLedgerUpdate/happy_path_informing_all_the_necessary_flags" time="0.000000"></testcase>
		<testcase classname="github.com/LerianStudio/midaz/v3/components/mdz/pkg/cmd/account" name="Test_newCmdLedgerUpdate/happy_path_no_informing_flags" time="0.000000"></testcase>
		<testcase classname="github.com/LerianStudio/midaz/v3/components/mdz/pkg/cmd/account" name="Test_newCmdLedgerUpdate" time="0.000000"></testcase>
	</testsuite>
	<testsuite tests="16" failures="0" time="1.833000" name="github.com/LerianStudio/midaz/v3/components/mdz/pkg/cmd/asset" timestamp="2025-09-15T10:05:52-03:00">
		<properties>
			<property name="go.version" value="go1.25.1 darwin/arm64"></property>
		</properties>
		<testcase classname="github.com/LerianStudio/midaz/v3/components/mdz/pkg/cmd/asset" name="Test_newCmdAssetCreate/happy_path_informing_all_the_necessary_flags" time="0.000000"></testcase>
		<testcase classname="github.com/LerianStudio/midaz/v3/components/mdz/pkg/cmd/asset" name="Test_newCmdAssetCreate/happy_path_no_informing_flags" time="0.000000"></testcase>
		<testcase classname="github.com/LerianStudio/midaz/v3/components/mdz/pkg/cmd/asset" name="Test_newCmdAssetCreate" time="0.000000"></testcase>
		<testcase classname="github.com/LerianStudio/midaz/v3/components/mdz/pkg/cmd/asset" name="Test_newCmdAssetDelete/happy_path_informing_all_the_necessary_flags" time="0.000000"></testcase>
		<testcase classname="github.com/LerianStudio/midaz/v3/components/mdz/pkg/cmd/asset" name="Test_newCmdAssetDelete/happy_path_no_informing_flags" time="0.000000"></testcase>
		<testcase classname="github.com/LerianStudio/midaz/v3/components/mdz/pkg/cmd/asset" name="Test_newCmdAssetDelete" time="0.000000"></testcase>
		<testcase classname="github.com/LerianStudio/midaz/v3/components/mdz/pkg/cmd/asset" name="Test_newCmdAssetDescribe/happy_path_informing_all_the_necessary_flags" time="0.000000"></testcase>
		<testcase classname="github.com/LerianStudio/midaz/v3/components/mdz/pkg/cmd/asset" name="Test_newCmdAssetDescribe/happy_path_no_informing_flags" time="0.000000"></testcase>
		<testcase classname="github.com/LerianStudio/midaz/v3/components/mdz/pkg/cmd/asset" name="Test_newCmdAssetDescribe" time="0.000000"></testcase>
		<testcase classname="github.com/LerianStudio/midaz/v3/components/mdz/pkg/cmd/asset" name="Test_newCmdAssetList/happy_path_informing_all_the_necessary_flags" time="0.000000"></testcase>
		<testcase classname="github.com/LerianStudio/midaz/v3/components/mdz/pkg/cmd/asset" name="Test_newCmdAssetList/happy_path_no_informing_flags" time="0.000000"></testcase>
		<testcase classname="github.com/LerianStudio/midaz/v3/components/mdz/pkg/cmd/asset" name="Test_newCmdAssetList/date_valid" time="0.000000"></testcase>
		<testcase classname="github.com/LerianStudio/midaz/v3/components/mdz/pkg/cmd/asset" name="Test_newCmdAssetList" time="0.000000"></testcase>
		<testcase classname="github.com/LerianStudio/midaz/v3/components/mdz/pkg/cmd/asset" name="Test_newCmdLedgerUpdate/happy_path_informing_all_the_necessary_flags" time="0.000000"></testcase>
		<testcase classname="github.com/LerianStudio/midaz/v3/components/mdz/pkg/cmd/asset" name="Test_newCmdLedgerUpdate/happy_path_no_informing_flags" time="0.000000"></testcase>
		<testcase classname="github.com/LerianStudio/midaz/v3/components/mdz/pkg/cmd/asset" name="Test_newCmdLedgerUpdate" time="0.000000"></testcase>
	</testsuite>
	<testsuite tests="1" failures="0" time="1.979000" name="github.com/LerianStudio/midaz/v3/components/mdz/pkg/cmd/configure" timestamp="2025-09-15T10:05:52-03:00">
		<properties>
			<property name="go.version" value="go1.25.1 darwin/arm64"></property>
		</properties>
		<testcase classname="github.com/LerianStudio/midaz/v3/components/mdz/pkg/cmd/configure" name="TestNewCmdConfigure" time="0.000000"></testcase>
	</testsuite>
	<testsuite tests="5" failures="0" time="1.730000" name="github.com/LerianStudio/midaz/v3/components/mdz/pkg/cmd/ledger" timestamp="2025-09-15T10:05:52-03:00">
		<properties>
			<property name="go.version" value="go1.25.1 darwin/arm64"></property>
		</properties>
		<testcase classname="github.com/LerianStudio/midaz/v3/components/mdz/pkg/cmd/ledger" name="Test_newCmdLedgerCreate" time="0.000000"></testcase>
		<testcase classname="github.com/LerianStudio/midaz/v3/components/mdz/pkg/cmd/ledger" name="Test_newCmdLedgerDelete" time="0.000000"></testcase>
		<testcase classname="github.com/LerianStudio/midaz/v3/components/mdz/pkg/cmd/ledger" name="Test_newCmdLedgerDescribe" time="0.000000"></testcase>
		<testcase classname="github.com/LerianStudio/midaz/v3/components/mdz/pkg/cmd/ledger" name="Test_newCmdLedgerList" time="0.000000"></testcase>
		<testcase classname="github.com/LerianStudio/midaz/v3/components/mdz/pkg/cmd/ledger" name="Test_newCmdLedgerUpdate" time="0.000000"></testcase>
	</testsuite>
	<testsuite tests="12" failures="0" time="1.236000" name="github.com/LerianStudio/midaz/v3/components/mdz/pkg/cmd/login" timestamp="2025-09-15T10:05:53-03:00">
		<properties>
			<property name="go.version" value="go1.25.1 darwin/arm64"></property>
		</properties>
		<testcase classname="github.com/LerianStudio/midaz/v3/components/mdz/pkg/cmd/login" name="TestRunE/Successful_login" time="0.000000"></testcase>
		<testcase classname="github.com/LerianStudio/midaz/v3/components/mdz/pkg/cmd/login" name="TestRunE/Invalid_credentials" time="0.000000"></testcase>
		<testcase classname="github.com/LerianStudio/midaz/v3/components/mdz/pkg/cmd/login" name="TestRunE/Empty_username" time="0.000000"></testcase>
		<testcase classname="github.com/LerianStudio/midaz/v3/components/mdz/pkg/cmd/login" name="TestRunE/Empty_password" time="0.000000"></testcase>
		<testcase classname="github.com/LerianStudio/midaz/v3/components/mdz/pkg/cmd/login" name="TestRunE" time="0.000000"></testcase>
		<testcase classname="github.com/LerianStudio/midaz/v3/components/mdz/pkg/cmd/login" name="TestNewCmdLogin/success" time="0.000000"></testcase>
		<testcase classname="github.com/LerianStudio/midaz/v3/components/mdz/pkg/cmd/login" name="TestNewCmdLogin" time="0.000000"></testcase>
		<testcase classname="github.com/LerianStudio/midaz/v3/components/mdz/pkg/cmd/login" name="TestValidateCredentials/Valid_credentials" time="0.000000"></testcase>
		<testcase classname="github.com/LerianStudio/midaz/v3/components/mdz/pkg/cmd/login" name="TestValidateCredentials/Empty_username" time="0.000000"></testcase>
		<testcase classname="github.com/LerianStudio/midaz/v3/components/mdz/pkg/cmd/login" name="TestValidateCredentials/Empty_password" time="0.000000"></testcase>
		<testcase classname="github.com/LerianStudio/midaz/v3/components/mdz/pkg/cmd/login" name="TestValidateCredentials/Both_empty" time="0.000000"></testcase>
		<testcase classname="github.com/LerianStudio/midaz/v3/components/mdz/pkg/cmd/login" name="TestValidateCredentials" time="0.000000"></testcase>
	</testsuite>
	<testsuite tests="5" failures="0" time="1.210000" name="github.com/LerianStudio/midaz/v3/components/mdz/pkg/cmd/organization" timestamp="2025-09-15T10:05:54-03:00">
		<properties>
			<property name="go.version" value="go1.25.1 darwin/arm64"></property>
		</properties>
		<testcase classname="github.com/LerianStudio/midaz/v3/components/mdz/pkg/cmd/organization" name="TestRunE" time="0.000000"></testcase>
		<testcase classname="github.com/LerianStudio/midaz/v3/components/mdz/pkg/cmd/organization" name="TestNewCmdOrganizationDelete" time="0.000000"></testcase>
		<testcase classname="github.com/LerianStudio/midaz/v3/components/mdz/pkg/cmd/organization" name="Test_newCmdOrganizationDescribe" time="0.000000"></testcase>
		<testcase classname="github.com/LerianStudio/midaz/v3/components/mdz/pkg/cmd/organization" name="Test_newCmdOrganizationList" time="0.000000"></testcase>
		<testcase classname="github.com/LerianStudio/midaz/v3/components/mdz/pkg/cmd/organization" name="TestNewCmdOrganizationUpdate" time="0.000000"></testcase>
	</testsuite>
	<testsuite tests="16" failures="0" time="1.220000" name="github.com/LerianStudio/midaz/v3/components/mdz/pkg/cmd/portfolio" timestamp="2025-09-15T10:05:54-03:00">
		<properties>
			<property name="go.version" value="go1.25.1 darwin/arm64"></property>
		</properties>
		<testcase classname="github.com/LerianStudio/midaz/v3/components/mdz/pkg/cmd/portfolio" name="Test_newCmdPortfolioCreate/happy_path_informing_all_the_necessary_flags" time="0.000000"></testcase>
		<testcase classname="github.com/LerianStudio/midaz/v3/components/mdz/pkg/cmd/portfolio" name="Test_newCmdPortfolioCreate/happy_path_informing_no_flags" time="0.000000"></testcase>
		<testcase classname="github.com/LerianStudio/midaz/v3/components/mdz/pkg/cmd/portfolio" name="Test_newCmdPortfolioCreate" time="0.000000"></testcase>
		<testcase classname="github.com/LerianStudio/midaz/v3/components/mdz/pkg/cmd/portfolio" name="Test_newCmdPortfolioDelete/happy_path_informing_all_the_necessary_flags" time="0.000000"></testcase>
		<testcase classname="github.com/LerianStudio/midaz/v3/components/mdz/pkg/cmd/portfolio" name="Test_newCmdPortfolioDelete/happy_path_informing_no_flags" time="0.000000"></testcase>
		<testcase classname="github.com/LerianStudio/midaz/v3/components/mdz/pkg/cmd/portfolio" name="Test_newCmdPortfolioDelete" time="0.000000"></testcase>
		<testcase classname="github.com/LerianStudio/midaz/v3/components/mdz/pkg/cmd/portfolio" name="Test_newCmdPortfolioDescribe/happy_path_informing_all_the_necessary_flags" time="0.000000"></testcase>
		<testcase classname="github.com/LerianStudio/midaz/v3/components/mdz/pkg/cmd/portfolio" name="Test_newCmdPortfolioDescribe/happy_path_informing_no_flags" time="0.000000"></testcase>
		<testcase classname="github.com/LerianStudio/midaz/v3/components/mdz/pkg/cmd/portfolio" name="Test_newCmdPortfolioDescribe" time="0.000000"></testcase>
		<testcase classname="github.com/LerianStudio/midaz/v3/components/mdz/pkg/cmd/portfolio" name="Test_newCmdPortfolioList/with_flags" time="0.000000"></testcase>
		<testcase classname="github.com/LerianStudio/midaz/v3/components/mdz/pkg/cmd/portfolio" name="Test_newCmdPortfolioList/no_flags" time="0.000000"></testcase>
		<testcase classname="github.com/LerianStudio/midaz/v3/components/mdz/pkg/cmd/portfolio" name="Test_newCmdPortfolioList/valid_date" time="0.000000"></testcase>
		<testcase classname="github.com/LerianStudio/midaz/v3/components/mdz/pkg/cmd/portfolio" name="Test_newCmdPortfolioList" time="0.000000"></testcase>
		<testcase classname="github.com/LerianStudio/midaz/v3/components/mdz/pkg/cmd/portfolio" name="Test_newCmdPortfolioUpdate/with_flags" time="0.000000"></testcase>
		<testcase classname="github.com/LerianStudio/midaz/v3/components/mdz/pkg/cmd/portfolio" name="Test_newCmdPortfolioUpdate/no_flags" time="0.000000"></testcase>
		<testcase classname="github.com/LerianStudio/midaz/v3/components/mdz/pkg/cmd/portfolio" name="Test_newCmdPortfolioUpdate" time="0.000000"></testcase>
	</testsuite>
	<testsuite tests="3" failures="0" time="1.220000" name="github.com/LerianStudio/midaz/v3/components/mdz/pkg/cmd/root" timestamp="2025-09-15T10:05:54-03:00">
		<properties>
			<property name="go.version" value="go1.25.1 darwin/arm64"></property>
		</properties>
		<testcase classname="github.com/LerianStudio/midaz/v3/components/mdz/pkg/cmd/root" name="TestNewCmdRoot/Standard_output" time="0.000000"></testcase>
		<testcase classname="github.com/LerianStudio/midaz/v3/components/mdz/pkg/cmd/root" name="TestNewCmdRoot/Version_empty" time="0.000000"></testcase>
		<testcase classname="github.com/LerianStudio/midaz/v3/components/mdz/pkg/cmd/root" name="TestNewCmdRoot" time="0.000000"></testcase>
	</testsuite>
	<testsuite tests="16" failures="0" time="1.267000" name="github.com/LerianStudio/midaz/v3/components/mdz/pkg/cmd/segment" timestamp="2025-09-15T10:05:54-03:00">
		<properties>
			<property name="go.version" value="go1.25.1 darwin/arm64"></property>
		</properties>
		<testcase classname="github.com/LerianStudio/midaz/v3/components/mdz/pkg/cmd/segment" name="Test_newCmdSegmentCreate/with_flags" time="0.000000"></testcase>
		<testcase classname="github.com/LerianStudio/midaz/v3/components/mdz/pkg/cmd/segment" name="Test_newCmdSegmentCreate/no_flags" time="0.000000"></testcase>
		<testcase classname="github.com/LerianStudio/midaz/v3/components/mdz/pkg/cmd/segment" name="Test_newCmdSegmentCreate" time="0.000000"></testcase>
		<testcase classname="github.com/LerianStudio/midaz/v3/components/mdz/pkg/cmd/segment" name="Test_newCmdSegmentDelete/with_flags" time="0.000000"></testcase>
		<testcase classname="github.com/LerianStudio/midaz/v3/components/mdz/pkg/cmd/segment" name="Test_newCmdSegmentDelete/no_flags" time="0.000000"></testcase>
		<testcase classname="github.com/LerianStudio/midaz/v3/components/mdz/pkg/cmd/segment" name="Test_newCmdSegmentDelete" time="0.000000"></testcase>
		<testcase classname="github.com/LerianStudio/midaz/v3/components/mdz/pkg/cmd/segment" name="Test_newCmdSegmentDescribe/happy_path_informing_all_the_necessary_flags" time="0.000000"></testcase>
		<testcase classname="github.com/LerianStudio/midaz/v3/components/mdz/pkg/cmd/segment" name="Test_newCmdSegmentDescribe/happy_path_informing_no_flags" time="0.000000"></testcase>
		<testcase classname="github.com/LerianStudio/midaz/v3/components/mdz/pkg/cmd/segment" name="Test_newCmdSegmentDescribe" time="0.000000"></testcase>
		<testcase classname="github.com/LerianStudio/midaz/v3/components/mdz/pkg/cmd/segment" name="Test_newCmdSegmentList/with_flags" time="0.000000"></testcase>
		<testcase classname="github.com/LerianStudio/midaz/v3/components/mdz/pkg/cmd/segment" name="Test_newCmdSegmentList/no_flags" time="0.000000"></testcase>
		<testcase classname="github.com/LerianStudio/midaz/v3/components/mdz/pkg/cmd/segment" name="Test_newCmdSegmentList/valid_date" time="0.000000"></testcase>
		<testcase classname="github.com/LerianStudio/midaz/v3/components/mdz/pkg/cmd/segment" name="Test_newCmdSegmentList" time="0.000000"></testcase>
		<testcase classname="github.com/LerianStudio/midaz/v3/components/mdz/pkg/cmd/segment" name="Test_newCmdSegmentUpdate/with_flags" time="0.000000"></testcase>
		<testcase classname="github.com/LerianStudio/midaz/v3/components/mdz/pkg/cmd/segment" name="Test_newCmdSegmentUpdate/no_flags" time="0.000000"></testcase>
		<testcase classname="github.com/LerianStudio/midaz/v3/components/mdz/pkg/cmd/segment" name="Test_newCmdSegmentUpdate" time="0.000000"></testcase>
	</testsuite>
	<testsuite tests="49" failures="0" time="1.413000" name="github.com/LerianStudio/midaz/v3/components/mdz/pkg/cmd/utils" timestamp="2025-09-15T10:05:54-03:00">
		<properties>
			<property name="go.version" value="go1.25.1 darwin/arm64"></property>
		</properties>
		<testcase classname="github.com/LerianStudio/midaz/v3/components/mdz/pkg/cmd/utils" name="TestFormat/Single_command" time="0.000000"></testcase>
		<testcase classname="github.com/LerianStudio/midaz/v3/components/mdz/pkg/cmd/utils" name="TestFormat/Multiple_commands" time="0.000000"></testcase>
		<testcase classname="github.com/LerianStudio/midaz/v3/components/mdz/pkg/cmd/utils" name="TestFormat/No_commands" time="0.000000"></testcase>
		<testcase classname="github.com/LerianStudio/midaz/v3/components/mdz/pkg/cmd/utils" name="TestFormat" time="0.000000"></testcase>
		<testcase classname="github.com/LerianStudio/midaz/v3/components/mdz/pkg/cmd/utils" name="TestFlagFileUnmarshalJSON/Valid_JSON_from_file" time="0.000000"></testcase>
		<testcase classname="github.com/LerianStudio/midaz/v3/components/mdz/pkg/cmd/utils" name="TestFlagFileUnmarshalJSON/Invalid_JSON_from_file" time="0.000000"></testcase>
		<testcase classname="github.com/LerianStudio/midaz/v3/components/mdz/pkg/cmd/utils" name="TestFlagFileUnmarshalJSON/Non-existent_file" time="0.000000"></testcase>
		<testcase classname="github.com/LerianStudio/midaz/v3/components/mdz/pkg/cmd/utils" name="TestFlagFileUnmarshalJSON/Valid_JSON_from_stdin" time="0.000000"></testcase>
		<testcase classname="github.com/LerianStudio/midaz/v3/components/mdz/pkg/cmd/utils" name="TestFlagFileUnmarshalJSON" time="0.000000"></testcase>
		<testcase classname="github.com/LerianStudio/midaz/v3/components/mdz/pkg/cmd/utils" name="TestUnmarshalJSONFromReader/Valid_JSON" time="0.000000"></testcase>
		<testcase classname="github.com/LerianStudio/midaz/v3/components/mdz/pkg/cmd/utils" name="TestUnmarshalJSONFromReader/Invalid_JSON" time="0.000000"></testcase>
		<testcase classname="github.com/LerianStudio/midaz/v3/components/mdz/pkg/cmd/utils" name="TestUnmarshalJSONFromReader/Empty_JSON" time="0.000000"></testcase>
		<testcase classname="github.com/LerianStudio/midaz/v3/components/mdz/pkg/cmd/utils" name="TestUnmarshalJSONFromReader/Partial_JSON" time="0.000000"></testcase>
		<testcase classname="github.com/LerianStudio/midaz/v3/components/mdz/pkg/cmd/utils" name="TestUnmarshalJSONFromReader/Empty_input" time="0.000000"></testcase>
		<testcase classname="github.com/LerianStudio/midaz/v3/components/mdz/pkg/cmd/utils" name="TestUnmarshalJSONFromReader" time="0.000000"></testcase>
		<testcase classname="github.com/LerianStudio/midaz/v3/components/mdz/pkg/cmd/utils" name="TestWriteDetailsToFile/Write_to_valid_path" time="0.000000"></testcase>
		<testcase classname="github.com/LerianStudio/midaz/v3/components/mdz/pkg/cmd/utils" name="TestWriteDetailsToFile/Empty_data" time="0.000000"></testcase>
		<testcase classname="github.com/LerianStudio/midaz/v3/components/mdz/pkg/cmd/utils" name="TestWriteDetailsToFile/Invalid_directory_path" time="0.000000"></testcase>
		<testcase classname="github.com/LerianStudio/midaz/v3/components/mdz/pkg/cmd/utils" name="TestWriteDetailsToFile" time="0.000000"></testcase>
		<testcase classname="github.com/LerianStudio/midaz/v3/components/mdz/pkg/cmd/utils" name="TestFormatAskFieldRequired/Valid_field_name" time="0.000000"></testcase>
		<testcase classname="github.com/LerianStudio/midaz/v3/components/mdz/pkg/cmd/utils" name="TestFormatAskFieldRequired/Empty_field_name" time="0.000000"></testcase>
		<testcase classname="github.com/LerianStudio/midaz/v3/components/mdz/pkg/cmd/utils" name="TestFormatAskFieldRequired/Field_with_spaces" time="0.000000"></testcase>
		<testcase classname="github.com/LerianStudio/midaz/v3/components/mdz/pkg/cmd/utils" name="TestFormatAskFieldRequired/Field_with_special_characters" time="0.000000"></testcase>
		<testcase classname="github.com/LerianStudio/midaz/v3/components/mdz/pkg/cmd/utils" name="TestFormatAskFieldRequired" time="0.000000"></testcase>
		<testcase classname="github.com/LerianStudio/midaz/v3/components/mdz/pkg/cmd/utils" name="TestAssignStringField/Flag_value_provided" time="0.000000"></testcase>
		<testcase classname="github.com/LerianStudio/midaz/v3/components/mdz/pkg/cmd/utils" name="TestAssignStringField/Flag_value_not_provided,_valid_input_from_function" time="0.000000"></testcase>
		<testcase classname="github.com/LerianStudio/midaz/v3/components/mdz/pkg/cmd/utils" name="TestAssignStringField/Flag_value_not_provided,_error_from_input_function" time="0.000000"></testcase>
		<testcase classname="github.com/LerianStudio/midaz/v3/components/mdz/pkg/cmd/utils" name="TestAssignStringField" time="0.000000"></testcase>
		<testcase classname="github.com/LerianStudio/midaz/v3/components/mdz/pkg/cmd/utils" name="TestParseAndAssign/Valid_value" time="0.000000"></testcase>
		<testcase classname="github.com/LerianStudio/midaz/v3/components/mdz/pkg/cmd/utils" name="TestParseAndAssign/Empty_value" time="0.000000"></testcase>
		<testcase classname="github.com/LerianStudio/midaz/v3/components/mdz/pkg/cmd/utils" name="TestParseAndAssign/Invalid_value" time="0.000000"></testcase>
		<testcase classname="github.com/LerianStudio/midaz/v3/components/mdz/pkg/cmd/utils" name="TestParseAndAssign" time="0.000000"></testcase>
		<testcase classname="github.com/LerianStudio/midaz/v3/components/mdz/pkg/cmd/utils" name="TestAssignOptionalStringPtr/Valid_string_value" time="0.000000"></testcase>
		<testcase classname="github.com/LerianStudio/midaz/v3/components/mdz/pkg/cmd/utils" name="TestAssignOptionalStringPtr/Empty_string_value" time="0.000000"></testcase>
		<testcase classname="github.com/LerianStudio/midaz/v3/components/mdz/pkg/cmd/utils" name="TestAssignOptionalStringPtr" time="0.000000"></testcase>
		<testcase classname="github.com/LerianStudio/midaz/v3/components/mdz/pkg/cmd/utils" name="TestSafeNestedString/Valid_parent_and_field" time="0.000000"></testcase>
		<testcase classname="github.com/LerianStudio/midaz/v3/components/mdz/pkg/cmd/utils" name="TestSafeNestedString/Parent_is_nil" time="0.000000"></testcase>
		<testcase classname="github.com/LerianStudio/midaz/v3/components/mdz/pkg/cmd/utils" name="TestSafeNestedString/Field_is_nil" time="0.000000"></testcase>
		<testcase classname="github.com/LerianStudio/midaz/v3/components/mdz/pkg/cmd/utils" name="TestSafeNestedString" time="0.000000"></testcase>
		<testcase classname="github.com/LerianStudio/midaz/v3/components/mdz/pkg/cmd/utils" name="TestSafeString/Non-nil_string_value" time="0.000000"></testcase>
		<testcase classname="github.com/LerianStudio/midaz/v3/components/mdz/pkg/cmd/utils" name="TestSafeString/Nil_string_value" time="0.000000"></testcase>
		<testcase classname="github.com/LerianStudio/midaz/v3/components/mdz/pkg/cmd/utils" name="TestSafeString/Empty_string_value" time="0.000000"></testcase>
		<testcase classname="github.com/LerianStudio/midaz/v3/components/mdz/pkg/cmd/utils" name="TestSafeString" time="0.000000"></testcase>
		<testcase classname="github.com/LerianStudio/midaz/v3/components/mdz/pkg/cmd/utils" name="TestValidateDate/Valid_date" time="0.000000"></testcase>
		<testcase classname="github.com/LerianStudio/midaz/v3/components/mdz/pkg/cmd/utils" name="TestValidateDate/Invalid_date_format" time="0.000000"></testcase>
		<testcase classname="github.com/LerianStudio/midaz/v3/components/mdz/pkg/cmd/utils" name="TestValidateDate/Empty_date" time="0.000000"></testcase>
		<testcase classname="github.com/LerianStudio/midaz/v3/components/mdz/pkg/cmd/utils" name="TestValidateDate/Invalid_characters_in_date" time="0.000000"></testcase>
		<testcase classname="github.com/LerianStudio/midaz/v3/components/mdz/pkg/cmd/utils" name="TestValidateDate/Nonexistent_date" time="0.000000"></testcase>
		<testcase classname="github.com/LerianStudio/midaz/v3/components/mdz/pkg/cmd/utils" name="TestValidateDate" time="0.000000"></testcase>
	</testsuite>
	<testsuite tests="4" failures="0" time="1.571000" name="github.com/LerianStudio/midaz/v3/components/mdz/pkg/cmd/version" timestamp="2025-09-15T10:05:54-03:00">
		<properties>
			<property name="go.version" value="go1.25.1 darwin/arm64"></property>
		</properties>
		<testcase classname="github.com/LerianStudio/midaz/v3/components/mdz/pkg/cmd/version" name="TestFactoryVersionRunE/Standard_version_output" time="0.000000"></testcase>
		<testcase classname="github.com/LerianStudio/midaz/v3/components/mdz/pkg/cmd/version" name="TestFactoryVersionRunE/Empty_version" time="0.000000"></testcase>
		<testcase classname="github.com/LerianStudio/midaz/v3/components/mdz/pkg/cmd/version" name="TestFactoryVersionRunE" time="0.000000"></testcase>
		<testcase classname="github.com/LerianStudio/midaz/v3/components/mdz/pkg/cmd/version" name="TestNewCmdVersion" time="0.000000"></testcase>
	</testsuite>
	<testsuite tests="0" failures="0" time="0.000000" name="github.com/LerianStudio/midaz/v3/components/mdz/pkg/environment" timestamp="2025-09-15T10:05:54-03:00">
		<properties>
			<property name="go.version" value="go1.25.1 darwin/arm64"></property>
		</properties>
	</testsuite>
	<testsuite tests="0" failures="0" time="0.000000" name="github.com/LerianStudio/midaz/v3/components/mdz/pkg/factory" timestamp="2025-09-15T10:05:54-03:00">
		<properties>
			<property name="go.version" value="go1.25.1 darwin/arm64"></property>
		</properties>
	</testsuite>
	<testsuite tests="0" failures="0" time="0.000000" name="github.com/LerianStudio/midaz/v3/components/mdz/pkg/iostreams" timestamp="2025-09-15T10:05:54-03:00">
		<properties>
			<property name="go.version" value="go1.25.1 darwin/arm64"></property>
		</properties>
	</testsuite>
	<testsuite tests="0" failures="0" time="0.000000" name="github.com/LerianStudio/midaz/v3/components/mdz/pkg/mockutil" timestamp="2025-09-15T10:05:54-03:00">
		<properties>
			<property name="go.version" value="go1.25.1 darwin/arm64"></property>
		</properties>
	</testsuite>
	<testsuite tests="0" failures="0" time="0.000000" name="github.com/LerianStudio/midaz/v3/components/mdz/pkg/output" timestamp="2025-09-15T10:05:54-03:00">
		<properties>
			<property name="go.version" value="go1.25.1 darwin/arm64"></property>
		</properties>
	</testsuite>
	<testsuite tests="0" failures="0" time="0.000000" name="github.com/LerianStudio/midaz/v3/components/mdz/pkg/ptr" timestamp="2025-09-15T10:05:54-03:00">
		<properties>
			<property name="go.version" value="go1.25.1 darwin/arm64"></property>
		</properties>
	</testsuite>
	<testsuite tests="0" failures="0" time="0.000000" name="github.com/LerianStudio/midaz/v3/components/mdz/pkg/setting" timestamp="2025-09-15T10:05:54-03:00">
		<properties>
			<property name="go.version" value="go1.25.1 darwin/arm64"></property>
		</properties>
	</testsuite>
	<testsuite tests="0" failures="0" time="0.000000" name="github.com/LerianStudio/midaz/v3/components/mdz/pkg/tui" timestamp="2025-09-15T10:05:54-03:00">
		<properties>
			<property name="go.version" value="go1.25.1 darwin/arm64"></property>
		</properties>
	</testsuite>
	<testsuite tests="0" failures="0" time="0.000000" name="github.com/LerianStudio/midaz/v3/components/onboarding/api" timestamp="2025-09-15T10:05:54-03:00">
		<properties>
			<property name="go.version" value="go1.25.1 darwin/arm64"></property>
		</properties>
	</testsuite>
	<testsuite tests="0" failures="0" time="0.000000" name="github.com/LerianStudio/midaz/v3/components/onboarding/cmd/app" timestamp="2025-09-15T10:05:54-03:00">
		<properties>
			<property name="go.version" value="go1.25.1 darwin/arm64"></property>
		</properties>
	</testsuite>
	<testsuite tests="0" failures="0" time="0.000000" name="github.com/LerianStudio/midaz/v3/components/onboarding/internal/adapters/http/in" timestamp="2025-09-15T10:05:54-03:00">
		<properties>
			<property name="go.version" value="go1.25.1 darwin/arm64"></property>
		</properties>
	</testsuite>
	<testsuite tests="0" failures="0" time="0.000000" name="github.com/LerianStudio/midaz/v3/components/onboarding/internal/adapters/mongodb" timestamp="2025-09-15T10:05:54-03:00">
		<properties>
			<property name="go.version" value="go1.25.1 darwin/arm64"></property>
		</properties>
	</testsuite>
	<testsuite tests="0" failures="0" time="0.000000" name="github.com/LerianStudio/midaz/v3/components/onboarding/internal/adapters/postgres/account" timestamp="2025-09-15T10:05:54-03:00">
		<properties>
			<property name="go.version" value="go1.25.1 darwin/arm64"></property>
		</properties>
	</testsuite>
	<testsuite tests="0" failures="0" time="0.000000" name="github.com/LerianStudio/midaz/v3/components/onboarding/internal/adapters/postgres/accounttype" timestamp="2025-09-15T10:05:54-03:00">
		<properties>
			<property name="go.version" value="go1.25.1 darwin/arm64"></property>
		</properties>
	</testsuite>
	<testsuite tests="0" failures="0" time="0.000000" name="github.com/LerianStudio/midaz/v3/components/onboarding/internal/adapters/postgres/asset" timestamp="2025-09-15T10:05:54-03:00">
		<properties>
			<property name="go.version" value="go1.25.1 darwin/arm64"></property>
		</properties>
	</testsuite>
	<testsuite tests="0" failures="0" time="0.000000" name="github.com/LerianStudio/midaz/v3/components/onboarding/internal/adapters/postgres/ledger" timestamp="2025-09-15T10:05:54-03:00">
		<properties>
			<property name="go.version" value="go1.25.1 darwin/arm64"></property>
		</properties>
	</testsuite>
	<testsuite tests="26" failures="0" time="1.361000" name="github.com/LerianStudio/midaz/v3/components/onboarding/internal/adapters/postgres/organization" timestamp="2025-09-15T10:05:56-03:00">
		<properties>
			<property name="go.version" value="go1.25.1 darwin/arm64"></property>
		</properties>
		<testcase classname="github.com/LerianStudio/midaz/v3/components/onboarding/internal/adapters/postgres/organization" name="TestOrganizationRepository_Create/successful_creation" time="0.000000"></testcase>
		<testcase classname="github.com/LerianStudio/midaz/v3/components/onboarding/internal/adapters/postgres/organization" name="TestOrganizationRepository_Create/database_error" time="0.000000"></testcase>
		<testcase classname="github.com/LerianStudio/midaz/v3/components/onboarding/internal/adapters/postgres/organization" name="TestOrganizationRepository_Create" time="0.000000"></testcase>
		<testcase classname="github.com/LerianStudio/midaz/v3/components/onboarding/internal/adapters/postgres/organization" name="TestOrganizationRepository_Update/successful_update" time="0.000000"></testcase>
		<testcase classname="github.com/LerianStudio/midaz/v3/components/onboarding/internal/adapters/postgres/organization" name="TestOrganizationRepository_Update/organization_not_found" time="0.000000"></testcase>
		<testcase classname="github.com/LerianStudio/midaz/v3/components/onboarding/internal/adapters/postgres/organization" name="TestOrganizationRepository_Update/database_error" time="0.000000"></testcase>
		<testcase classname="github.com/LerianStudio/midaz/v3/components/onboarding/internal/adapters/postgres/organization" name="TestOrganizationRepository_Update" time="0.010000"></testcase>
		<testcase classname="github.com/LerianStudio/midaz/v3/components/onboarding/internal/adapters/postgres/organization" name="TestOrganizationRepository_Find/successful_retrieval" time="0.000000"></testcase>
		<testcase classname="github.com/LerianStudio/midaz/v3/components/onboarding/internal/adapters/postgres/organization" name="TestOrganizationRepository_Find/organization_not_found" time="0.000000"></testcase>
		<testcase classname="github.com/LerianStudio/midaz/v3/components/onboarding/internal/adapters/postgres/organization" name="TestOrganizationRepository_Find/database_error" time="0.000000"></testcase>
		<testcase classname="github.com/LerianStudio/midaz/v3/components/onboarding/internal/adapters/postgres/organization" name="TestOrganizationRepository_Find" time="0.010000"></testcase>
		<testcase classname="github.com/LerianStudio/midaz/v3/components/onboarding/internal/adapters/postgres/organization" name="TestOrganizationRepository_FindAll/successful_retrieval_of_all_organizations" time="0.000000"></testcase>
		<testcase classname="github.com/LerianStudio/midaz/v3/components/onboarding/internal/adapters/postgres/organization" name="TestOrganizationRepository_FindAll/empty_result" time="0.000000"></testcase>
		<testcase classname="github.com/LerianStudio/midaz/v3/components/onboarding/internal/adapters/postgres/organization" name="TestOrganizationRepository_FindAll/database_error" time="0.000000"></testcase>
		<testcase classname="github.com/LerianStudio/midaz/v3/components/onboarding/internal/adapters/postgres/organization" name="TestOrganizationRepository_FindAll" time="0.000000"></testcase>
		<testcase classname="github.com/LerianStudio/midaz/v3/components/onboarding/internal/adapters/postgres/organization" name="TestOrganizationRepository_ListByIDs/successful_retrieval_by_IDs" time="0.000000"></testcase>
		<testcase classname="github.com/LerianStudio/midaz/v3/components/onboarding/internal/adapters/postgres/organization" name="TestOrganizationRepository_ListByIDs/empty_result" time="0.000000"></testcase>
		<testcase classname="github.com/LerianStudio/midaz/v3/components/onboarding/internal/adapters/postgres/organization" name="TestOrganizationRepository_ListByIDs/database_error" time="0.000000"></testcase>
		<testcase classname="github.com/LerianStudio/midaz/v3/components/onboarding/internal/adapters/postgres/organization" name="TestOrganizationRepository_ListByIDs" time="0.000000"></testcase>
		<testcase classname="github.com/LerianStudio/midaz/v3/components/onboarding/internal/adapters/postgres/organization" name="TestOrganizationRepository_Delete/successful_deletion" time="0.000000"></testcase>
		<testcase classname="github.com/LerianStudio/midaz/v3/components/onboarding/internal/adapters/postgres/organization" name="TestOrganizationRepository_Delete/organization_not_found" time="0.000000"></testcase>
		<testcase classname="github.com/LerianStudio/midaz/v3/components/onboarding/internal/adapters/postgres/organization" name="TestOrganizationRepository_Delete/database_error" time="0.000000"></testcase>
		<testcase classname="github.com/LerianStudio/midaz/v3/components/onboarding/internal/adapters/postgres/organization" name="TestOrganizationRepository_Delete" time="0.000000"></testcase>
		<testcase classname="github.com/LerianStudio/midaz/v3/components/onboarding/internal/adapters/postgres/organization" name="TestOrganizationRepository_Count/Success_-_Count_organizations" time="0.000000"></testcase>
		<testcase classname="github.com/LerianStudio/midaz/v3/components/onboarding/internal/adapters/postgres/organization" name="TestOrganizationRepository_Count/Error_-_Database_error" time="0.000000"></testcase>
		<testcase classname="github.com/LerianStudio/midaz/v3/components/onboarding/internal/adapters/postgres/organization" name="TestOrganizationRepository_Count" time="0.000000"></testcase>
	</testsuite>
	<testsuite tests="0" failures="0" time="0.000000" name="github.com/LerianStudio/midaz/v3/components/onboarding/internal/adapters/postgres/portfolio" timestamp="2025-09-15T10:05:56-03:00">
		<properties>
			<property name="go.version" value="go1.25.1 darwin/arm64"></property>
		</properties>
	</testsuite>
	<testsuite tests="0" failures="0" time="0.000000" name="github.com/LerianStudio/midaz/v3/components/onboarding/internal/adapters/postgres/segment" timestamp="2025-09-15T10:05:56-03:00">
		<properties>
			<property name="go.version" value="go1.25.1 darwin/arm64"></property>
		</properties>
	</testsuite>
	<testsuite tests="0" failures="0" time="0.000000" name="github.com/LerianStudio/midaz/v3/components/onboarding/internal/adapters/rabbitmq" timestamp="2025-09-15T10:05:56-03:00">
		<properties>
			<property name="go.version" value="go1.25.1 darwin/arm64"></property>
		</properties>
	</testsuite>
	<testsuite tests="0" failures="0" time="0.000000" name="github.com/LerianStudio/midaz/v3/components/onboarding/internal/adapters/redis" timestamp="2025-09-15T10:05:56-03:00">
		<properties>
			<property name="go.version" value="go1.25.1 darwin/arm64"></property>
		</properties>
	</testsuite>
	<testsuite tests="0" failures="0" time="0.000000" name="github.com/LerianStudio/midaz/v3/components/onboarding/internal/bootstrap" timestamp="2025-09-15T10:05:56-03:00">
		<properties>
			<property name="go.version" value="go1.25.1 darwin/arm64"></property>
		</properties>
	</testsuite>
	<testsuite tests="0" failures="0" time="0.000000" name="github.com/LerianStudio/midaz/v3/components/onboarding/internal/services" timestamp="2025-09-15T10:05:56-03:00">
		<properties>
			<property name="go.version" value="go1.25.1 darwin/arm64"></property>
		</properties>
	</testsuite>
	<testsuite tests="136" failures="0" time="1.577000" name="github.com/LerianStudio/midaz/v3/components/onboarding/internal/services/command" timestamp="2025-09-15T10:05:56-03:00">
		<properties>
			<property name="go.version" value="go1.25.1 darwin/arm64"></property>
		</properties>
		<testcase classname="github.com/LerianStudio/midaz/v3/components/onboarding/internal/services/command" name="TestNewUseCase" time="0.000000"></testcase>
		<testcase classname="github.com/LerianStudio/midaz/v3/components/onboarding/internal/services/command" name="TestCreateAccountTypeSuccess" time="0.000000"></testcase>
		<testcase classname="github.com/LerianStudio/midaz/v3/components/onboarding/internal/services/command" name="TestCreateAccountTypeError" time="0.000000"></testcase>
		<testcase classname="github.com/LerianStudio/midaz/v3/components/onboarding/internal/services/command" name="TestCreateAccountTypeValidatesInput/all_fields_set" time="0.000000"></testcase>
		<testcase classname="github.com/LerianStudio/midaz/v3/components/onboarding/internal/services/command" name="TestCreateAccountTypeValidatesInput/minimal_required_fields" time="0.000000"></testcase>
		<testcase classname="github.com/LerianStudio/midaz/v3/components/onboarding/internal/services/command" name="TestCreateAccountTypeValidatesInput" time="0.000000"></testcase>
		<testcase classname="github.com/LerianStudio/midaz/v3/components/onboarding/internal/services/command" name="TestCreateAccountTypeDuplicateKeyValue" time="0.000000"></testcase>
		<testcase classname="github.com/LerianStudio/midaz/v3/components/onboarding/internal/services/command" name="TestCreateAccountTypeWithMetadata" time="0.000000"></testcase>
		<testcase classname="github.com/LerianStudio/midaz/v3/components/onboarding/internal/services/command" name="TestCreateAccountTypeMetadataError" time="0.000000"></testcase>
		<testcase classname="github.com/LerianStudio/midaz/v3/components/onboarding/internal/services/command" name="TestCreateAccountScenarios/success_with_all_fields_-_accounting_validation_disabled" time="0.000000"></testcase>
		<testcase classname="github.com/LerianStudio/midaz/v3/components/onboarding/internal/services/command" name="TestCreateAccountScenarios/success_with_accounting_validation_enabled" time="0.000000"></testcase>
		<testcase classname="github.com/LerianStudio/midaz/v3/components/onboarding/internal/services/command" name="TestCreateAccountScenarios/success_with_external_account_type_-_skip_validation" time="0.000000"></testcase>
		<testcase classname="github.com/LerianStudio/midaz/v3/components/onboarding/internal/services/command" name="TestCreateAccountScenarios/success_with_EXTERNAL_account_type_-_case_insensitive" time="0.000000"></testcase>
		<testcase classname="github.com/LerianStudio/midaz/v3/components/onboarding/internal/services/command" name="TestCreateAccountScenarios/asset_not_found" time="0.000000"></testcase>
		<testcase classname="github.com/LerianStudio/midaz/v3/components/onboarding/internal/services/command" name="TestCreateAccountScenarios/invalid_account_type_with_validation_enabled" time="0.000000"></testcase>
		<testcase classname="github.com/LerianStudio/midaz/v3/components/onboarding/internal/services/command" name="TestCreateAccountScenarios/auto-generate_name_when_not_provided" time="0.000000"></testcase>
		<testcase classname="github.com/LerianStudio/midaz/v3/components/onboarding/internal/services/command" name="TestCreateAccountScenarios/custom_alias_-_success" time="0.000000"></testcase>
		<testcase classname="github.com/LerianStudio/midaz/v3/components/onboarding/internal/services/command" name="TestCreateAccountScenarios/error_creating_account" time="0.000000"></testcase>
		<testcase classname="github.com/LerianStudio/midaz/v3/components/onboarding/internal/services/command" name="TestCreateAccountScenarios/alias_already_exists" time="0.000000"></testcase>
		<testcase classname="github.com/LerianStudio/midaz/v3/components/onboarding/internal/services/command" name="TestCreateAccountScenarios" time="0.000000"></testcase>
		<testcase classname="github.com/LerianStudio/midaz/v3/components/onboarding/internal/services/command" name="TestCreateAccountEdgeCases/lookup_portfolio_when_EntityID_is_nil_but_PortfolioID_is_provided" time="0.000000"></testcase>
		<testcase classname="github.com/LerianStudio/midaz/v3/components/onboarding/internal/services/command" name="TestCreateAccountEdgeCases/portfolio_not_found" time="0.000000"></testcase>
		<testcase classname="github.com/LerianStudio/midaz/v3/components/onboarding/internal/services/command" name="TestCreateAccountEdgeCases/parent_account_check_-_success" time="0.000000"></testcase>
		<testcase classname="github.com/LerianStudio/midaz/v3/components/onboarding/internal/services/command" name="TestCreateAccountEdgeCases/parent_account_not_found" time="0.000000"></testcase>
		<testcase classname="github.com/LerianStudio/midaz/v3/components/onboarding/internal/services/command" name="TestCreateAccountEdgeCases/mismatched_asset_code" time="0.000000"></testcase>
		<testcase classname="github.com/LerianStudio/midaz/v3/components/onboarding/internal/services/command" name="TestCreateAccountEdgeCases/metadata_creation_error" time="0.000000"></testcase>
		<testcase classname="github.com/LerianStudio/midaz/v3/components/onboarding/internal/services/command" name="TestCreateAccountEdgeCases/rabbitmq_error" time="0.000000"></testcase>
		<testcase classname="github.com/LerianStudio/midaz/v3/components/onboarding/internal/services/command" name="TestCreateAccountEdgeCases/with_metadata" time="0.000000"></testcase>
		<testcase classname="github.com/LerianStudio/midaz/v3/components/onboarding/internal/services/command" name="TestCreateAccountEdgeCases" time="0.000000"></testcase>
		<testcase classname="github.com/LerianStudio/midaz/v3/components/onboarding/internal/services/command" name="TestCreateAccountValidationEdgeCases/validation_disabled_-_organization:ledger_not_in_env_var" time="0.000000"></testcase>
		<testcase classname="github.com/LerianStudio/midaz/v3/components/onboarding/internal/services/command" name="TestCreateAccountValidationEdgeCases/mixed_case_input_validation" time="0.000000"></testcase>
		<testcase classname="github.com/LerianStudio/midaz/v3/components/onboarding/internal/services/command" name="TestCreateAccountValidationEdgeCases/account_type_query_error_(not_ErrDatabaseItemNotFound)" time="0.000000"></testcase>
		<testcase classname="github.com/LerianStudio/midaz/v3/components/onboarding/internal/services/command" name="TestCreateAccountValidationEdgeCases" time="0.000000"></testcase>
		<testcase classname="github.com/LerianStudio/midaz/v3/components/onboarding/internal/services/command" name="TestCreateAsset/success_-_asset_created" time="0.000000"></testcase>
		<testcase classname="github.com/LerianStudio/midaz/v3/components/onboarding/internal/services/command" name="TestCreateAsset/failure_-_invalid_type" time="0.000000"></testcase>
		<testcase classname="github.com/LerianStudio/midaz/v3/components/onboarding/internal/services/command" name="TestCreateAsset/failure_-_error_creating_asset" time="0.000000"></testcase>
		<testcase classname="github.com/LerianStudio/midaz/v3/components/onboarding/internal/services/command" name="TestCreateAsset" time="0.000000"></testcase>
		<testcase classname="github.com/LerianStudio/midaz/v3/components/onboarding/internal/services/command" name="TestCreateLedger/success_-_ledger_created" time="0.000000"></testcase>
		<testcase classname="github.com/LerianStudio/midaz/v3/components/onboarding/internal/services/command" name="TestCreateLedger/error_-_failed_to_find_ledger_by_name" time="0.000000"></testcase>
		<testcase classname="github.com/LerianStudio/midaz/v3/components/onboarding/internal/services/command" name="TestCreateLedger/error_-_failed_to_create_ledger" time="0.000000"></testcase>
		<testcase classname="github.com/LerianStudio/midaz/v3/components/onboarding/internal/services/command" name="TestCreateLedger" time="0.000000"></testcase>
		<testcase classname="github.com/LerianStudio/midaz/v3/components/onboarding/internal/services/command" name="TestCreateMetadata/success_-_metadata_created" time="0.000000"></testcase>
		<testcase classname="github.com/LerianStudio/midaz/v3/components/onboarding/internal/services/command" name="TestCreateMetadata/failure_-_error_creating_metadata" time="0.000000"></testcase>
		<testcase classname="github.com/LerianStudio/midaz/v3/components/onboarding/internal/services/command" name="TestCreateMetadata/no_metadata_provided" time="0.000000"></testcase>
		<testcase classname="github.com/LerianStudio/midaz/v3/components/onboarding/internal/services/command" name="TestCreateMetadata" time="0.000000"></testcase>
		<testcase classname="github.com/LerianStudio/midaz/v3/components/onboarding/internal/services/command" name="TestCreateOrganization/Success_with_all_fields_provided" time="0.000000"></testcase>
		<testcase classname="github.com/LerianStudio/midaz/v3/components/onboarding/internal/services/command" name="TestCreateOrganization/Success_with_default_status" time="0.000000"></testcase>
		<testcase classname="github.com/LerianStudio/midaz/v3/components/onboarding/internal/services/command" name="TestCreateOrganization" time="0.000000"></testcase>
		<testcase classname="github.com/LerianStudio/midaz/v3/components/onboarding/internal/services/command" name="TestCreatePortfolio/success_-_portfolio_created" time="0.000000"></testcase>
		<testcase classname="github.com/LerianStudio/midaz/v3/components/onboarding/internal/services/command" name="TestCreatePortfolio/failure_-_repository_error" time="0.000000"></testcase>
		<testcase classname="github.com/LerianStudio/midaz/v3/components/onboarding/internal/services/command" name="TestCreatePortfolio/failure_-_metadata_creation_error" time="0.000000"></testcase>
		<testcase classname="github.com/LerianStudio/midaz/v3/components/onboarding/internal/services/command" name="TestCreatePortfolio" time="0.000000"></testcase>
		<testcase classname="github.com/LerianStudio/midaz/v3/components/onboarding/internal/services/command" name="TestCreatePortfolioSuccess" time="0.000000"></testcase>
		<testcase classname="github.com/LerianStudio/midaz/v3/components/onboarding/internal/services/command" name="TestCreatePortfolioError" time="0.000000"></testcase>
		<testcase classname="github.com/LerianStudio/midaz/v3/components/onboarding/internal/services/command" name="TestUseCase_CreatePortfolio" time="0.000000"></testcase>
		<testcase classname="github.com/LerianStudio/midaz/v3/components/onboarding/internal/services/command" name="TestCreateSegment/Success_with_all_fields" time="0.000000"></testcase>
		<testcase classname="github.com/LerianStudio/midaz/v3/components/onboarding/internal/services/command" name="TestCreateSegment/Error_when_FindByName_fails" time="0.000000"></testcase>
		<testcase classname="github.com/LerianStudio/midaz/v3/components/onboarding/internal/services/command" name="TestCreateSegment/Success_with_default_status" time="0.000000"></testcase>
		<testcase classname="github.com/LerianStudio/midaz/v3/components/onboarding/internal/services/command" name="TestCreateSegment" time="0.000000"></testcase>
		<testcase classname="github.com/LerianStudio/midaz/v3/components/onboarding/internal/services/command" name="TestDeleteAccountTypeByIDSuccess" time="0.000000"></testcase>
		<testcase classname="github.com/LerianStudio/midaz/v3/components/onboarding/internal/services/command" name="TestDeleteAccountTypeByIDNotFound" time="0.000000"></testcase>
		<testcase classname="github.com/LerianStudio/midaz/v3/components/onboarding/internal/services/command" name="TestDeleteAccountTypeByIDError" time="0.000000"></testcase>
		<testcase classname="github.com/LerianStudio/midaz/v3/components/onboarding/internal/services/command" name="TestDeleteAccountByID/success_-_account_deleted" time="0.000000"></testcase>
		<testcase classname="github.com/LerianStudio/midaz/v3/components/onboarding/internal/services/command" name="TestDeleteAccountByID/failure_-_account_not_found" time="0.000000"></testcase>
		<testcase classname="github.com/LerianStudio/midaz/v3/components/onboarding/internal/services/command" name="TestDeleteAccountByID/failure_-_forbidden_external_account_manipulation" time="0.000000"></testcase>
		<testcase classname="github.com/LerianStudio/midaz/v3/components/onboarding/internal/services/command" name="TestDeleteAccountByID/failure_-_delete_operation_error" time="0.000000"></testcase>
		<testcase classname="github.com/LerianStudio/midaz/v3/components/onboarding/internal/services/command" name="TestDeleteAccountByID" time="0.000000"></testcase>
		<testcase classname="github.com/LerianStudio/midaz/v3/components/onboarding/internal/services/command" name="TestDeleteAccountByIDSuccess" time="0.000000"></testcase>
		<testcase classname="github.com/LerianStudio/midaz/v3/components/onboarding/internal/services/command" name="TestDeleteAccountByIDWithoutPortfolioSuccess" time="0.000000"></testcase>
		<testcase classname="github.com/LerianStudio/midaz/v3/components/onboarding/internal/services/command" name="TestDeleteAccountByIDError" time="0.000000"></testcase>
		<testcase classname="github.com/LerianStudio/midaz/v3/components/onboarding/internal/services/command" name="TestDeleteAssetByID/Success_-_Delete_asset_and_external_account" time="0.000000"></testcase>
		<testcase classname="github.com/LerianStudio/midaz/v3/components/onboarding/internal/services/command" name="TestDeleteAssetByID/Error_-_Asset_not_found" time="0.000000"></testcase>
		<testcase classname="github.com/LerianStudio/midaz/v3/components/onboarding/internal/services/command" name="TestDeleteAssetByID/Error_-_Failure_to_list_external_accounts" time="0.000000"></testcase>
		<testcase classname="github.com/LerianStudio/midaz/v3/components/onboarding/internal/services/command" name="TestDeleteAssetByID" time="0.000000"></testcase>
		<testcase classname="github.com/LerianStudio/midaz/v3/components/onboarding/internal/services/command" name="TestDeleteLedgerByID/success_-_ledger_deleted" time="0.000000"></testcase>
		<testcase classname="github.com/LerianStudio/midaz/v3/components/onboarding/internal/services/command" name="TestDeleteLedgerByID/failure_-_ledger_not_found" time="0.000000"></testcase>
		<testcase classname="github.com/LerianStudio/midaz/v3/components/onboarding/internal/services/command" name="TestDeleteLedgerByID/failure_-_repository_error" time="0.000000"></testcase>
		<testcase classname="github.com/LerianStudio/midaz/v3/components/onboarding/internal/services/command" name="TestDeleteLedgerByID" time="0.000000"></testcase>
		<testcase classname="github.com/LerianStudio/midaz/v3/components/onboarding/internal/services/command" name="TestDeleteOrganizationByID/success_-_organization_deleted" time="0.000000"></testcase>
		<testcase classname="github.com/LerianStudio/midaz/v3/components/onboarding/internal/services/command" name="TestDeleteOrganizationByID/failure_-_organization_not_found" time="0.000000"></testcase>
		<testcase classname="github.com/LerianStudio/midaz/v3/components/onboarding/internal/services/command" name="TestDeleteOrganizationByID/failure_-_repository_error" time="0.000000"></testcase>
		<testcase classname="github.com/LerianStudio/midaz/v3/components/onboarding/internal/services/command" name="TestDeleteOrganizationByID" time="0.000000"></testcase>
		<testcase classname="github.com/LerianStudio/midaz/v3/components/onboarding/internal/services/command" name="TestDeletePortfolioByID/success_-_portfolio_deleted" time="0.000000"></testcase>
		<testcase classname="github.com/LerianStudio/midaz/v3/components/onboarding/internal/services/command" name="TestDeletePortfolioByID/failure_-_portfolio_not_found" time="0.000000"></testcase>
		<testcase classname="github.com/LerianStudio/midaz/v3/components/onboarding/internal/services/command" name="TestDeletePortfolioByID/failure_-_repository_error" time="0.000000"></testcase>
		<testcase classname="github.com/LerianStudio/midaz/v3/components/onboarding/internal/services/command" name="TestDeletePortfolioByID" time="0.000000"></testcase>
		<testcase classname="github.com/LerianStudio/midaz/v3/components/onboarding/internal/services/command" name="TestDeleteSegmentByID/success_-_segment_deleted" time="0.000000"></testcase>
		<testcase classname="github.com/LerianStudio/midaz/v3/components/onboarding/internal/services/command" name="TestDeleteSegmentByID/failure_-_segment_not_found" time="0.000000"></testcase>
		<testcase classname="github.com/LerianStudio/midaz/v3/components/onboarding/internal/services/command" name="TestDeleteSegmentByID/failure_-_repository_error" time="0.000000"></testcase>
		<testcase classname="github.com/LerianStudio/midaz/v3/components/onboarding/internal/services/command" name="TestDeleteSegmentByID" time="0.000000"></testcase>
		<testcase classname="github.com/LerianStudio/midaz/v3/components/onboarding/internal/services/command" name="TestSendAccountQueueTransaction/success" time="0.000000"></testcase>
		<testcase classname="github.com/LerianStudio/midaz/v3/components/onboarding/internal/services/command" name="TestSendAccountQueueTransaction" time="0.000000"></testcase>
		<testcase classname="github.com/LerianStudio/midaz/v3/components/onboarding/internal/services/command" name="TestUpdateAccountTypeSuccess" time="0.000000"></testcase>
		<testcase classname="github.com/LerianStudio/midaz/v3/components/onboarding/internal/services/command" name="TestUpdateAccountTypeSuccessWithoutMetadata" time="0.000000"></testcase>
		<testcase classname="github.com/LerianStudio/midaz/v3/components/onboarding/internal/services/command" name="TestUpdateAccountTypeError" time="0.000000"></testcase>
		<testcase classname="github.com/LerianStudio/midaz/v3/components/onboarding/internal/services/command" name="TestUpdateAccountTypeNotFound" time="0.000000"></testcase>
[...]
		<testcase classname="github.com/LerianStudio/midaz/v3/pkg" name="TestEntityConflictError_Error/Message_is_not_empty" time="0.000000"></testcase>
		<testcase classname="github.com/LerianStudio/midaz/v3/pkg" name="TestEntityConflictError_Error/Message_is_empty,_but_Err_is_set" time="0.000000"></testcase>
		<testcase classname="github.com/LerianStudio/midaz/v3/pkg" name="TestEntityConflictError_Error/Message_is_empty_and_Err_is_nil" time="0.000000"></testcase>
		<testcase classname="github.com/LerianStudio/midaz/v3/pkg" name="TestEntityConflictError_Error" time="0.000000"></testcase>
		<testcase classname="github.com/LerianStudio/midaz/v3/pkg" name="TestEntityConflictError_Unwrap" time="0.000000"></testcase>
		<testcase classname="github.com/LerianStudio/midaz/v3/pkg" name="TestUnauthorizedError_Error/With_message" time="0.000000"></testcase>
		<testcase classname="github.com/LerianStudio/midaz/v3/pkg" name="TestUnauthorizedError_Error/Empty_message" time="0.000000"></testcase>
		<testcase classname="github.com/LerianStudio/midaz/v3/pkg" name="TestUnauthorizedError_Error" time="0.000000"></testcase>
		<testcase classname="github.com/LerianStudio/midaz/v3/pkg" name="TestForbiddenError_Error/With_message" time="0.000000"></testcase>
		<testcase classname="github.com/LerianStudio/midaz/v3/pkg" name="TestForbiddenError_Error/Empty_message" time="0.000000"></testcase>
		<testcase classname="github.com/LerianStudio/midaz/v3/pkg" name="TestForbiddenError_Error" time="0.000000"></testcase>
		<testcase classname="github.com/LerianStudio/midaz/v3/pkg" name="TestUnprocessableOperationError_Error/With_message" time="0.000000"></testcase>
		<testcase classname="github.com/LerianStudio/midaz/v3/pkg" name="TestUnprocessableOperationError_Error/Empty_message" time="0.000000"></testcase>
		<testcase classname="github.com/LerianStudio/midaz/v3/pkg" name="TestUnprocessableOperationError_Error" time="0.000000"></testcase>
		<testcase classname="github.com/LerianStudio/midaz/v3/pkg" name="TestHTTPError_Error/With_message" time="0.000000"></testcase>
		<testcase classname="github.com/LerianStudio/midaz/v3/pkg" name="TestHTTPError_Error/Empty_message" time="0.000000"></testcase>
		<testcase classname="github.com/LerianStudio/midaz/v3/pkg" name="TestHTTPError_Error" time="0.000000"></testcase>
		<testcase classname="github.com/LerianStudio/midaz/v3/pkg" name="TestFailedPreconditionError_Error/With_message" time="0.000000"></testcase>
		<testcase classname="github.com/LerianStudio/midaz/v3/pkg" name="TestFailedPreconditionError_Error/Empty_message" time="0.000000"></testcase>
		<testcase classname="github.com/LerianStudio/midaz/v3/pkg" name="TestFailedPreconditionError_Error" time="0.000000"></testcase>
		<testcase classname="github.com/LerianStudio/midaz/v3/pkg" name="TestInternalServerError_Error/With_message" time="0.000000"></testcase>
		<testcase classname="github.com/LerianStudio/midaz/v3/pkg" name="TestInternalServerError_Error/Empty_message" time="0.000000"></testcase>
		<testcase classname="github.com/LerianStudio/midaz/v3/pkg" name="TestInternalServerError_Error" time="0.000000"></testcase>
		<testcase classname="github.com/LerianStudio/midaz/v3/pkg" name="TestResponseError_Error/With_message_and_code" time="0.000000"></testcase>
		<testcase classname="github.com/LerianStudio/midaz/v3/pkg" name="TestResponseError_Error/With_message,_no_code" time="0.000000"></testcase>
		<testcase classname="github.com/LerianStudio/midaz/v3/pkg" name="TestResponseError_Error/Empty_message,_with_code" time="0.000000"></testcase>
		<testcase classname="github.com/LerianStudio/midaz/v3/pkg" name="TestResponseError_Error/Empty_message,_no_code" time="0.000000"></testcase>
		<testcase classname="github.com/LerianStudio/midaz/v3/pkg" name="TestResponseError_Error" time="0.000000"></testcase>
		<testcase classname="github.com/LerianStudio/midaz/v3/pkg" name="TestValidationKnownFieldsError_Error/With_message" time="0.000000"></testcase>
		<testcase classname="github.com/LerianStudio/midaz/v3/pkg" name="TestValidationKnownFieldsError_Error/Empty_message" time="0.000000"></testcase>
		<testcase classname="github.com/LerianStudio/midaz/v3/pkg" name="TestValidationKnownFieldsError_Error" time="0.000000"></testcase>
		<testcase classname="github.com/LerianStudio/midaz/v3/pkg" name="TestValidationUnknownFieldsError_Error/With_message" time="0.000000"></testcase>
		<testcase classname="github.com/LerianStudio/midaz/v3/pkg" name="TestValidationUnknownFieldsError_Error/Empty_message" time="0.000000"></testcase>
		<testcase classname="github.com/LerianStudio/midaz/v3/pkg" name="TestValidationUnknownFieldsError_Error" time="0.000000"></testcase>
		<testcase classname="github.com/LerianStudio/midaz/v3/pkg" name="TestValidateBadRequestFieldsError/All_fields_are_empty" time="0.000000"></testcase>
		<testcase classname="github.com/LerianStudio/midaz/v3/pkg" name="TestValidateBadRequestFieldsError/Unknown_fields_present" time="0.000000"></testcase>
		<testcase classname="github.com/LerianStudio/midaz/v3/pkg" name="TestValidateBadRequestFieldsError/Required_fields_missing" time="0.000000"></testcase>
		<testcase classname="github.com/LerianStudio/midaz/v3/pkg" name="TestValidateBadRequestFieldsError/Known_invalid_fields" time="0.000000"></testcase>
		<testcase classname="github.com/LerianStudio/midaz/v3/pkg" name="TestValidateBadRequestFieldsError" time="0.000000"></testcase>
		<testcase classname="github.com/LerianStudio/midaz/v3/pkg" name="TestValidateBusinessError/entity_conflict_error" time="0.000000"></testcase>
		<testcase classname="github.com/LerianStudio/midaz/v3/pkg" name="TestValidateBusinessError/transaction_value_mismatch_error" time="0.000000"></testcase>
		<testcase classname="github.com/LerianStudio/midaz/v3/pkg" name="TestValidateBusinessError/error_not_mapped" time="0.000000"></testcase>
		<testcase classname="github.com/LerianStudio/midaz/v3/pkg" name="TestValidateBusinessError" time="0.000000"></testcase>
		<testcase classname="github.com/LerianStudio/midaz/v3/pkg" name="TestRealValidateBusinessError/entity_not_found_error" time="0.000000"></testcase>
		<testcase classname="github.com/LerianStudio/midaz/v3/pkg" name="TestRealValidateBusinessError/unmodifiable_field_error" time="0.000000"></testcase>
		<testcase classname="github.com/LerianStudio/midaz/v3/pkg" name="TestRealValidateBusinessError/duplicate_ledger_error" time="0.000000"></testcase>
		<testcase classname="github.com/LerianStudio/midaz/v3/pkg" name="TestRealValidateBusinessError/unknown_error" time="0.000000"></testcase>
		<testcase classname="github.com/LerianStudio/midaz/v3/pkg" name="TestRealValidateBusinessError" time="0.000000"></testcase>
		<testcase classname="github.com/LerianStudio/midaz/v3/pkg" name="TestValidateInternalError/with_error" time="0.000000"></testcase>
		<testcase classname="github.com/LerianStudio/midaz/v3/pkg" name="TestValidateInternalError/with_nil_error" time="0.000000"></testcase>
		<testcase classname="github.com/LerianStudio/midaz/v3/pkg" name="TestValidateInternalError" time="0.000000"></testcase>
	</testsuite>
	<testsuite tests="0" failures="0" time="0.000000" name="github.com/LerianStudio/midaz/v3/pkg/constant" timestamp="2025-09-15T10:05:57-03:00">
		<properties>
			<property name="go.version" value="go1.25.1 darwin/arm64"></property>
		</properties>
	</testsuite>
	<testsuite tests="0" failures="0" time="0.000000" name="github.com/LerianStudio/midaz/v3/pkg/gold/parser" timestamp="2025-09-15T10:05:57-03:00">
		<properties>
			<property name="go.version" value="go1.25.1 darwin/arm64"></property>
		</properties>
	</testsuite>
	<testsuite tests="8" failures="0" time="1.793000" name="github.com/LerianStudio/midaz/v3/pkg/gold/transaction" timestamp="2025-09-15T10:05:57-03:00">
		<properties>
			<property name="go.version" value="go1.25.1 darwin/arm64"></property>
		</properties>
		<testcase classname="github.com/LerianStudio/midaz/v3/pkg/gold/transaction" name="TestError_SyntaxError/fields_emptys" time="0.000000"></testcase>
		<testcase classname="github.com/LerianStudio/midaz/v3/pkg/gold/transaction" name="TestError_SyntaxError" time="0.000000"></testcase>
		<testcase classname="github.com/LerianStudio/midaz/v3/pkg/gold/transaction" name="TestDSL_Parse_ValidExamples/Simple_transfer_with_chart-of-accounts" time="0.000000"></testcase>
		<testcase classname="github.com/LerianStudio/midaz/v3/pkg/gold/transaction" name="TestDSL_Parse_ValidExamples/Pending_with_description_and_code" time="0.000000"></testcase>
		<testcase classname="github.com/LerianStudio/midaz/v3/pkg/gold/transaction" name="TestDSL_Parse_ValidExamples" time="0.000000"></testcase>
		<testcase classname="github.com/LerianStudio/midaz/v3/pkg/gold/transaction" name="TestParse/Empty_DSL_input" time="0.000000"></testcase>
		<testcase classname="github.com/LerianStudio/midaz/v3/pkg/gold/transaction" name="TestParse/Invalid_DSL_input" time="0.000000"></testcase>
		<testcase classname="github.com/LerianStudio/midaz/v3/pkg/gold/transaction" name="TestParse" time="0.000000"></testcase>
	</testsuite>
	<testsuite tests="39" failures="0" time="2.145000" name="github.com/LerianStudio/midaz/v3/pkg/mmodel" timestamp="2025-09-15T10:05:57-03:00">
		<properties>
			<property name="go.version" value="go1.25.1 darwin/arm64"></property>
		</properties>
		<testcase classname="github.com/LerianStudio/midaz/v3/pkg/mmodel" name="TestAccount_ToProto/normal_case" time="0.000000"></testcase>
		<testcase classname="github.com/LerianStudio/midaz/v3/pkg/mmodel" name="TestAccount_ToProto/normal_case_is_not_nil" time="0.000000"></testcase>
		<testcase classname="github.com/LerianStudio/midaz/v3/pkg/mmodel" name="TestAccount_ToProto" time="0.000000"></testcase>
		<testcase classname="github.com/LerianStudio/midaz/v3/pkg/mmodel" name="TestAccount_IDtoUUID/valid_UUID" time="0.000000"></testcase>
		<testcase classname="github.com/LerianStudio/midaz/v3/pkg/mmodel" name="TestAccount_IDtoUUID/valid_UUID_with_different_format" time="0.000000"></testcase>
		<testcase classname="github.com/LerianStudio/midaz/v3/pkg/mmodel" name="TestAccount_IDtoUUID" time="0.000000"></testcase>
		<testcase classname="github.com/LerianStudio/midaz/v3/pkg/mmodel" name="TestBalance_IDtoUUID/valid_UUID" time="0.000000"></testcase>
		<testcase classname="github.com/LerianStudio/midaz/v3/pkg/mmodel" name="TestBalance_IDtoUUID/valid_UUID_with_different_format" time="0.000000"></testcase>
		<testcase classname="github.com/LerianStudio/midaz/v3/pkg/mmodel" name="TestBalance_IDtoUUID" time="0.000000"></testcase>
		<testcase classname="github.com/LerianStudio/midaz/v3/pkg/mmodel" name="TestConvertBalancesToLibBalances/empty_balances" time="0.000000"></testcase>
		<testcase classname="github.com/LerianStudio/midaz/v3/pkg/mmodel" name="TestConvertBalancesToLibBalances/single_balance" time="0.000000"></testcase>
		<testcase classname="github.com/LerianStudio/midaz/v3/pkg/mmodel" name="TestConvertBalancesToLibBalances/multiple_balances" time="0.000000"></testcase>
		<testcase classname="github.com/LerianStudio/midaz/v3/pkg/mmodel" name="TestConvertBalancesToLibBalances" time="0.000000"></testcase>
		<testcase classname="github.com/LerianStudio/midaz/v3/pkg/mmodel" name="TestBalance_ConvertToLibBalance/balance_with_all_fields" time="0.000000"></testcase>
		<testcase classname="github.com/LerianStudio/midaz/v3/pkg/mmodel" name="TestBalance_ConvertToLibBalance/balance_with_deleted_at" time="0.000000"></testcase>
		<testcase classname="github.com/LerianStudio/midaz/v3/pkg/mmodel" name="TestBalance_ConvertToLibBalance" time="0.000000"></testcase>
		<testcase classname="github.com/LerianStudio/midaz/v3/pkg/mmodel" name="TestCreateAdditionalBalance_KeyValidation/valid_short_key" time="0.000000"></testcase>
		<testcase classname="github.com/LerianStudio/midaz/v3/pkg/mmodel" name="TestCreateAdditionalBalance_KeyValidation/valid_key_at_max_length" time="0.000000"></testcase>
		<testcase classname="github.com/LerianStudio/midaz/v3/pkg/mmodel" name="TestCreateAdditionalBalance_KeyValidation/key_with_special_characters_at_max_length" time="0.000000"></testcase>
		<testcase classname="github.com/LerianStudio/midaz/v3/pkg/mmodel" name="TestCreateAdditionalBalance_KeyValidation/key_with_underscores_at_max_length" time="0.000000"></testcase>
		<testcase classname="github.com/LerianStudio/midaz/v3/pkg/mmodel" name="TestCreateAdditionalBalance_KeyValidation" time="0.000000"></testcase>
		<testcase classname="github.com/LerianStudio/midaz/v3/pkg/mmodel" name="TestBalance_KeyField/balance_with_normal_key" time="0.000000"></testcase>
		<testcase classname="github.com/LerianStudio/midaz/v3/pkg/mmodel" name="TestBalance_KeyField/balance_with_asset_freeze_key" time="0.000000"></testcase>
		<testcase classname="github.com/LerianStudio/midaz/v3/pkg/mmodel" name="TestBalance_KeyField/balance_with_max_length_key" time="0.000000"></testcase>
		<testcase classname="github.com/LerianStudio/midaz/v3/pkg/mmodel" name="TestBalance_KeyField/balance_with_empty_key" time="0.000000"></testcase>
		<testcase classname="github.com/LerianStudio/midaz/v3/pkg/mmodel" name="TestBalance_KeyField" time="0.000000"></testcase>
		<testcase classname="github.com/LerianStudio/midaz/v3/pkg/mmodel" name="TestAddress_IsEmpty/completely_empty_address" time="0.000000"></testcase>
		<testcase classname="github.com/LerianStudio/midaz/v3/pkg/mmodel" name="TestAddress_IsEmpty/address_with_only_Line1" time="0.000000"></testcase>
		<testcase classname="github.com/LerianStudio/midaz/v3/pkg/mmodel" name="TestAddress_IsEmpty/address_with_only_Line2" time="0.000000"></testcase>
		<testcase classname="github.com/LerianStudio/midaz/v3/pkg/mmodel" name="TestAddress_IsEmpty/address_with_only_ZipCode" time="0.000000"></testcase>
		<testcase classname="github.com/LerianStudio/midaz/v3/pkg/mmodel" name="TestAddress_IsEmpty/address_with_only_City" time="0.000000"></testcase>
		<testcase classname="github.com/LerianStudio/midaz/v3/pkg/mmodel" name="TestAddress_IsEmpty/address_with_only_State" time="0.000000"></testcase>
		<testcase classname="github.com/LerianStudio/midaz/v3/pkg/mmodel" name="TestAddress_IsEmpty/address_with_only_Country" time="0.000000"></testcase>
		<testcase classname="github.com/LerianStudio/midaz/v3/pkg/mmodel" name="TestAddress_IsEmpty/complete_address" time="0.000000"></testcase>
		<testcase classname="github.com/LerianStudio/midaz/v3/pkg/mmodel" name="TestAddress_IsEmpty" time="0.000000"></testcase>
		<testcase classname="github.com/LerianStudio/midaz/v3/pkg/mmodel" name="TestStatus_IsEmpty/case_01" time="0.000000"></testcase>
		<testcase classname="github.com/LerianStudio/midaz/v3/pkg/mmodel" name="TestStatus_IsEmpty/case_02" time="0.000000"></testcase>
		<testcase classname="github.com/LerianStudio/midaz/v3/pkg/mmodel" name="TestStatus_IsEmpty/case_03" time="0.000000"></testcase>
		<testcase classname="github.com/LerianStudio/midaz/v3/pkg/mmodel" name="TestStatus_IsEmpty" time="0.000000"></testcase>
	</testsuite>
	<testsuite tests="32" failures="0" time="1.671000" name="github.com/LerianStudio/midaz/v3/pkg/net/http" timestamp="2025-09-15T10:05:57-03:00">
		<properties>
			<property name="go.version" value="go1.25.1 darwin/arm64"></property>
		</properties>
		<testcase classname="github.com/LerianStudio/midaz/v3/pkg/net/http" name="TestNewOfTypeWithSimpleStruct" time="0.000000"></testcase>
		<testcase classname="github.com/LerianStudio/midaz/v3/pkg/net/http" name="TestNewOfTypeWithComplexStruct" time="0.000000"></testcase>
		<testcase classname="github.com/LerianStudio/midaz/v3/pkg/net/http" name="TestFilterRequiredFields" time="0.000000"></testcase>
		<testcase classname="github.com/LerianStudio/midaz/v3/pkg/net/http" name="TestFilterRequiredFieldWithNoFields" time="0.000000"></testcase>
		<testcase classname="github.com/LerianStudio/midaz/v3/pkg/net/http" name="TestParseUUIDPathParameters_ValidUUID" time="0.000000"></testcase>
		<testcase classname="github.com/LerianStudio/midaz/v3/pkg/net/http" name="TestParseUUIDPathParameters_MultipleValidUUID" time="0.000000"></testcase>
		<testcase classname="github.com/LerianStudio/midaz/v3/pkg/net/http" name="TestParseUUIDPathParameters_InvalidUUID" time="0.000000"></testcase>
		<testcase classname="github.com/LerianStudio/midaz/v3/pkg/net/http" name="TestParseUUIDPathParameters_ValidAndInvalidUUID" time="0.000000"></testcase>
		<testcase classname="github.com/LerianStudio/midaz/v3/pkg/net/http" name="TestFindUnknownFields_BasicComparison" time="0.000000"></testcase>
		<testcase classname="github.com/LerianStudio/midaz/v3/pkg/net/http" name="TestFindUnknownFields_EmptyMaps" time="0.000000"></testcase>
		<testcase classname="github.com/LerianStudio/midaz/v3/pkg/net/http" name="TestFindUnknownFields_IdenticalMaps" time="0.000000"></testcase>
		<testcase classname="github.com/LerianStudio/midaz/v3/pkg/net/http" name="TestFindUnknownFields_NestedMaps" time="0.000000"></testcase>
		<testcase classname="github.com/LerianStudio/midaz/v3/pkg/net/http" name="TestFindUnknownFields_SliceComparison" time="0.000000"></testcase>
		<testcase classname="github.com/LerianStudio/midaz/v3/pkg/net/http" name="TestFindUnknownFields_TypeMismatch" time="0.000000"></testcase>
		<testcase classname="github.com/LerianStudio/midaz/v3/pkg/net/http" name="TestFindUnknownFields_DecimalValues/different_decimal_values" time="0.000000"></testcase>
		<testcase classname="github.com/LerianStudio/midaz/v3/pkg/net/http" name="TestFindUnknownFields_DecimalValues" time="0.000000"></testcase>
		<testcase classname="github.com/LerianStudio/midaz/v3/pkg/net/http" name="TestIsStringNumeric/200.00" time="0.000000"></testcase>
		<testcase classname="github.com/LerianStudio/midaz/v3/pkg/net/http" name="TestIsStringNumeric/200" time="0.000000"></testcase>
		<testcase classname="github.com/LerianStudio/midaz/v3/pkg/net/http" name="TestIsStringNumeric/-200.45" time="0.000000"></testcase>
		<testcase classname="github.com/LerianStudio/midaz/v3/pkg/net/http" name="TestIsStringNumeric/abc" time="0.000000"></testcase>
		<testcase classname="github.com/LerianStudio/midaz/v3/pkg/net/http" name="TestIsStringNumeric/12abc" time="0.000000"></testcase>
		<testcase classname="github.com/LerianStudio/midaz/v3/pkg/net/http" name="TestIsStringNumeric/#00" time="0.000000"></testcase>
		<testcase classname="github.com/LerianStudio/midaz/v3/pkg/net/http" name="TestIsStringNumeric" time="0.000000"></testcase>
		<testcase classname="github.com/LerianStudio/midaz/v3/pkg/net/http" name="TestIsDecimalEqual/string_and_float_equal" time="0.000000"></testcase>
		<testcase classname="github.com/LerianStudio/midaz/v3/pkg/net/http" name="TestIsDecimalEqual/string_and_decimal_equal" time="0.000000"></testcase>
		<testcase classname="github.com/LerianStudio/midaz/v3/pkg/net/http" name="TestIsDecimalEqual/float_and_decimal_equal" time="0.000000"></testcase>
		<testcase classname="github.com/LerianStudio/midaz/v3/pkg/net/http" name="TestIsDecimalEqual/different_values" time="0.000000"></testcase>
		<testcase classname="github.com/LerianStudio/midaz/v3/pkg/net/http" name="TestIsDecimalEqual/invalid_string" time="0.000000"></testcase>
		<testcase classname="github.com/LerianStudio/midaz/v3/pkg/net/http" name="TestIsDecimalEqual/nil_values" time="0.000000"></testcase>
		<testcase classname="github.com/LerianStudio/midaz/v3/pkg/net/http" name="TestIsDecimalEqual/one_nil_value" time="0.000000"></testcase>
		<testcase classname="github.com/LerianStudio/midaz/v3/pkg/net/http" name="TestIsDecimalEqual/unsupported_types" time="0.000000"></testcase>
		<testcase classname="github.com/LerianStudio/midaz/v3/pkg/net/http" name="TestIsDecimalEqual" time="0.000000"></testcase>
	</testsuite>
	<testsuite tests="0" failures="0" time="0.000000" name="github.com/LerianStudio/midaz/v3/scripts/analyze_accepted" timestamp="2025-09-15T10:05:57-03:00">
		<properties>
			<property name="go.version" value="go1.25.1 darwin/arm64"></property>
		</properties>
	</testsuite>
</testsuites>